ARM GAS  C:\Users\rokko\AppData\Local\Temp\ccKd0ET2.s 			page 1


   1              		.cpu cortex-m0
   2              		.arch armv6s-m
   3              		.fpu softvfp
   4              		.eabi_attribute 20, 1
   5              		.eabi_attribute 21, 1
   6              		.eabi_attribute 23, 3
   7              		.eabi_attribute 24, 1
   8              		.eabi_attribute 25, 1
   9              		.eabi_attribute 26, 1
  10              		.eabi_attribute 30, 2
  11              		.eabi_attribute 34, 0
  12              		.eabi_attribute 18, 4
  13              		.file	"adc.c"
  14              		.text
  15              	.Ltext0:
  16              		.cfi_sections	.debug_frame
  17              		.section	.text.MX_ADC_Init,"ax",%progbits
  18              		.align	1
  19              		.p2align 2,,3
  20              		.global	MX_ADC_Init
  21              		.syntax unified
  22              		.code	16
  23              		.thumb_func
  25              	MX_ADC_Init:
  26              	.LFB40:
  27              		.file 1 "Src/adc.c"
   1:Src/adc.c     **** /**
   2:Src/adc.c     ****   ******************************************************************************
   3:Src/adc.c     ****   * @file    adc.c
   4:Src/adc.c     ****   * @brief   This file provides code for the configuration
   5:Src/adc.c     ****   *          of the ADC instances.
   6:Src/adc.c     ****   ******************************************************************************
   7:Src/adc.c     ****   * @attention
   8:Src/adc.c     ****   *
   9:Src/adc.c     ****   * <h2><center>&copy; Copyright (c) 2022 STMicroelectronics.
  10:Src/adc.c     ****   * All rights reserved.</center></h2>
  11:Src/adc.c     ****   *
  12:Src/adc.c     ****   * This software component is licensed by ST under BSD 3-Clause license,
  13:Src/adc.c     ****   * the "License"; You may not use this file except in compliance with the
  14:Src/adc.c     ****   * License. You may obtain a copy of the License at:
  15:Src/adc.c     ****   *                        opensource.org/licenses/BSD-3-Clause
  16:Src/adc.c     ****   *
  17:Src/adc.c     ****   ******************************************************************************
  18:Src/adc.c     ****   */
  19:Src/adc.c     **** 
  20:Src/adc.c     **** /* Includes ------------------------------------------------------------------*/
  21:Src/adc.c     **** #include "adc.h"
  22:Src/adc.c     **** 
  23:Src/adc.c     **** /* USER CODE BEGIN 0 */
  24:Src/adc.c     **** 
  25:Src/adc.c     **** /* USER CODE END 0 */
  26:Src/adc.c     **** 
  27:Src/adc.c     **** ADC_HandleTypeDef hadc;
  28:Src/adc.c     **** DMA_HandleTypeDef hdma_adc;
  29:Src/adc.c     **** 
  30:Src/adc.c     **** /* ADC init function */
  31:Src/adc.c     **** void MX_ADC_Init(void)
ARM GAS  C:\Users\rokko\AppData\Local\Temp\ccKd0ET2.s 			page 2


  32:Src/adc.c     **** {
  28              		.loc 1 32 1 view -0
  29              		.cfi_startproc
  30              		@ args = 0, pretend = 0, frame = 16
  31              		@ frame_needed = 0, uses_anonymous_args = 0
  33:Src/adc.c     **** 
  34:Src/adc.c     ****   /* USER CODE BEGIN ADC_Init 0 */
  35:Src/adc.c     **** 
  36:Src/adc.c     ****   /* USER CODE END ADC_Init 0 */
  37:Src/adc.c     **** 
  38:Src/adc.c     ****   ADC_ChannelConfTypeDef sConfig = {0};
  32              		.loc 1 38 3 view .LVU1
  32:Src/adc.c     **** 
  33              		.loc 1 32 1 is_stmt 0 view .LVU2
  34 0000 10B5     		push	{r4, lr}
  35              	.LCFI0:
  36              		.cfi_def_cfa_offset 8
  37              		.cfi_offset 4, -8
  38              		.cfi_offset 14, -4
  39 0002 84B0     		sub	sp, sp, #16
  40              	.LCFI1:
  41              		.cfi_def_cfa_offset 24
  42              		.loc 1 38 26 view .LVU3
  43 0004 0C22     		movs	r2, #12
  44 0006 0021     		movs	r1, #0
  45 0008 01A8     		add	r0, sp, #4
  46 000a FFF7FEFF 		bl	memset
  47              	.LVL0:
  39:Src/adc.c     **** 
  40:Src/adc.c     ****   /* USER CODE BEGIN ADC_Init 1 */
  41:Src/adc.c     **** 
  42:Src/adc.c     ****   /* USER CODE END ADC_Init 1 */
  43:Src/adc.c     ****   /** Configure the global features of the ADC (Clock, Resolution, Data Alignment and number of con
  44:Src/adc.c     ****   */
  45:Src/adc.c     ****   hadc.Instance = ADC1;
  48              		.loc 1 45 3 is_stmt 1 view .LVU4
  46:Src/adc.c     ****   hadc.Init.ClockPrescaler = ADC_CLOCK_ASYNC_DIV1;
  49              		.loc 1 46 3 view .LVU5
  47:Src/adc.c     ****   hadc.Init.Resolution = ADC_RESOLUTION_12B;
  50              		.loc 1 47 3 view .LVU6
  48:Src/adc.c     ****   hadc.Init.DataAlign = ADC_DATAALIGN_RIGHT;
  51              		.loc 1 48 3 view .LVU7
  49:Src/adc.c     ****   hadc.Init.ScanConvMode = ADC_SCAN_DIRECTION_FORWARD;
  52              		.loc 1 49 3 view .LVU8
  50:Src/adc.c     ****   hadc.Init.EOCSelection = ADC_EOC_SINGLE_CONV;
  53              		.loc 1 50 3 view .LVU9
  51:Src/adc.c     ****   hadc.Init.LowPowerAutoWait = DISABLE;
  54              		.loc 1 51 3 view .LVU10
  52:Src/adc.c     ****   hadc.Init.LowPowerAutoPowerOff = DISABLE;
  55              		.loc 1 52 3 view .LVU11
  53:Src/adc.c     ****   hadc.Init.ContinuousConvMode = DISABLE;
  56              		.loc 1 53 3 view .LVU12
  54:Src/adc.c     ****   hadc.Init.DiscontinuousConvMode = DISABLE;
  57              		.loc 1 54 3 view .LVU13
  55:Src/adc.c     ****   hadc.Init.ExternalTrigConv = ADC_SOFTWARE_START;
  58              		.loc 1 55 3 view .LVU14
  56:Src/adc.c     ****   hadc.Init.ExternalTrigConvEdge = ADC_EXTERNALTRIGCONVEDGE_NONE;
ARM GAS  C:\Users\rokko\AppData\Local\Temp\ccKd0ET2.s 			page 3


  59              		.loc 1 56 3 view .LVU15
  57:Src/adc.c     ****   hadc.Init.DMAContinuousRequests = DISABLE;
  60              		.loc 1 57 3 view .LVU16
  50:Src/adc.c     ****   hadc.Init.LowPowerAutoWait = DISABLE;
  61              		.loc 1 50 26 is_stmt 0 view .LVU17
  62 000e 0421     		movs	r1, #4
  45:Src/adc.c     ****   hadc.Init.ClockPrescaler = ADC_CLOCK_ASYNC_DIV1;
  63              		.loc 1 45 17 view .LVU18
  64 0010 164C     		ldr	r4, .L13
  65 0012 174B     		ldr	r3, .L13+4
  50:Src/adc.c     ****   hadc.Init.LowPowerAutoWait = DISABLE;
  66              		.loc 1 50 26 view .LVU19
  67 0014 6161     		str	r1, [r4, #20]
  55:Src/adc.c     ****   hadc.Init.ExternalTrigConvEdge = ADC_EXTERNALTRIGCONVEDGE_NONE;
  68              		.loc 1 55 30 view .LVU20
  69 0016 C221     		movs	r1, #194
  45:Src/adc.c     ****   hadc.Init.ClockPrescaler = ADC_CLOCK_ASYNC_DIV1;
  70              		.loc 1 45 17 view .LVU21
  71 0018 2360     		str	r3, [r4]
  46:Src/adc.c     ****   hadc.Init.Resolution = ADC_RESOLUTION_12B;
  72              		.loc 1 46 28 view .LVU22
  73 001a 0023     		movs	r3, #0
  49:Src/adc.c     ****   hadc.Init.EOCSelection = ADC_EOC_SINGLE_CONV;
  74              		.loc 1 49 26 view .LVU23
  75 001c 0122     		movs	r2, #1
  55:Src/adc.c     ****   hadc.Init.ExternalTrigConvEdge = ADC_EXTERNALTRIGCONVEDGE_NONE;
  76              		.loc 1 55 30 view .LVU24
  77 001e FF31     		adds	r1, r1, #255
  78 0020 E161     		str	r1, [r4, #28]
  79              		.loc 1 57 35 view .LVU25
  80 0022 9E39     		subs	r1, r1, #158
  81 0024 FF39     		subs	r1, r1, #255
  58:Src/adc.c     ****   hadc.Init.Overrun = ADC_OVR_DATA_PRESERVED;
  59:Src/adc.c     ****   if (HAL_ADC_Init(&hadc) != HAL_OK)
  82              		.loc 1 59 7 view .LVU26
  83 0026 2000     		movs	r0, r4
  51:Src/adc.c     ****   hadc.Init.LowPowerAutoPowerOff = DISABLE;
  84              		.loc 1 51 30 view .LVU27
  85 0028 A361     		str	r3, [r4, #24]
  46:Src/adc.c     ****   hadc.Init.Resolution = ADC_RESOLUTION_12B;
  86              		.loc 1 46 28 view .LVU28
  87 002a 6360     		str	r3, [r4, #4]
  47:Src/adc.c     ****   hadc.Init.DataAlign = ADC_DATAALIGN_RIGHT;
  88              		.loc 1 47 24 view .LVU29
  89 002c A360     		str	r3, [r4, #8]
  48:Src/adc.c     ****   hadc.Init.ScanConvMode = ADC_SCAN_DIRECTION_FORWARD;
  90              		.loc 1 48 23 view .LVU30
  91 002e E360     		str	r3, [r4, #12]
  49:Src/adc.c     ****   hadc.Init.EOCSelection = ADC_EOC_SINGLE_CONV;
  92              		.loc 1 49 26 view .LVU31
  93 0030 2261     		str	r2, [r4, #16]
  56:Src/adc.c     ****   hadc.Init.DMAContinuousRequests = DISABLE;
  94              		.loc 1 56 34 view .LVU32
  95 0032 2362     		str	r3, [r4, #32]
  57:Src/adc.c     ****   hadc.Init.Overrun = ADC_OVR_DATA_PRESERVED;
  96              		.loc 1 57 35 view .LVU33
  97 0034 6354     		strb	r3, [r4, r1]
ARM GAS  C:\Users\rokko\AppData\Local\Temp\ccKd0ET2.s 			page 4


  58:Src/adc.c     ****   if (HAL_ADC_Init(&hadc) != HAL_OK)
  98              		.loc 1 58 3 is_stmt 1 view .LVU34
  58:Src/adc.c     ****   if (HAL_ADC_Init(&hadc) != HAL_OK)
  99              		.loc 1 58 21 is_stmt 0 view .LVU35
 100 0036 A262     		str	r2, [r4, #40]
 101              		.loc 1 59 3 is_stmt 1 view .LVU36
 102              		.loc 1 59 7 is_stmt 0 view .LVU37
 103 0038 FFF7FEFF 		bl	HAL_ADC_Init
 104              	.LVL1:
 105              		.loc 1 59 6 view .LVU38
 106 003c 0028     		cmp	r0, #0
 107 003e 0ED1     		bne	.L11
 108              	.L2:
  60:Src/adc.c     ****   {
  61:Src/adc.c     ****     Error_Handler();
  62:Src/adc.c     ****   }
  63:Src/adc.c     ****   /** Configure for the selected ADC regular channel to be converted.
  64:Src/adc.c     ****   */
  65:Src/adc.c     ****   sConfig.Channel = ADC_CHANNEL_2;
 109              		.loc 1 65 3 is_stmt 1 view .LVU39
 110              		.loc 1 65 19 is_stmt 0 view .LVU40
 111 0040 0223     		movs	r3, #2
 112 0042 0193     		str	r3, [sp, #4]
  66:Src/adc.c     ****   sConfig.Rank = ADC_RANK_CHANNEL_NUMBER;
 113              		.loc 1 66 3 is_stmt 1 view .LVU41
 114              		.loc 1 66 16 is_stmt 0 view .LVU42
 115 0044 8023     		movs	r3, #128
 116 0046 5B01     		lsls	r3, r3, #5
 117 0048 0293     		str	r3, [sp, #8]
  67:Src/adc.c     ****   sConfig.SamplingTime = ADC_SAMPLETIME_7CYCLES_5;
 118              		.loc 1 67 3 is_stmt 1 view .LVU43
 119              		.loc 1 67 24 is_stmt 0 view .LVU44
 120 004a 0123     		movs	r3, #1
  68:Src/adc.c     ****   if (HAL_ADC_ConfigChannel(&hadc, &sConfig) != HAL_OK)
 121              		.loc 1 68 7 view .LVU45
 122 004c 2000     		movs	r0, r4
 123 004e 01A9     		add	r1, sp, #4
  67:Src/adc.c     ****   sConfig.SamplingTime = ADC_SAMPLETIME_7CYCLES_5;
 124              		.loc 1 67 24 view .LVU46
 125 0050 0393     		str	r3, [sp, #12]
 126              		.loc 1 68 3 is_stmt 1 view .LVU47
 127              		.loc 1 68 7 is_stmt 0 view .LVU48
 128 0052 FFF7FEFF 		bl	HAL_ADC_ConfigChannel
 129              	.LVL2:
 130              		.loc 1 68 6 view .LVU49
 131 0056 0028     		cmp	r0, #0
 132 0058 04D1     		bne	.L12
 133              	.L1:
  69:Src/adc.c     ****   {
  70:Src/adc.c     ****     Error_Handler();
  71:Src/adc.c     ****   }
  72:Src/adc.c     ****   /* USER CODE BEGIN ADC_Init 2 */
  73:Src/adc.c     **** 
  74:Src/adc.c     ****   /* USER CODE END ADC_Init 2 */
  75:Src/adc.c     **** 
  76:Src/adc.c     **** }
 134              		.loc 1 76 1 view .LVU50
ARM GAS  C:\Users\rokko\AppData\Local\Temp\ccKd0ET2.s 			page 5


 135 005a 04B0     		add	sp, sp, #16
 136              		@ sp needed
 137 005c 10BD     		pop	{r4, pc}
 138              	.L11:
  61:Src/adc.c     ****   }
 139              		.loc 1 61 5 is_stmt 1 view .LVU51
 140 005e FFF7FEFF 		bl	Error_Handler
 141              	.LVL3:
 142 0062 EDE7     		b	.L2
 143              	.L12:
  70:Src/adc.c     ****   }
 144              		.loc 1 70 5 view .LVU52
 145 0064 FFF7FEFF 		bl	Error_Handler
 146              	.LVL4:
 147              		.loc 1 76 1 is_stmt 0 view .LVU53
 148 0068 F7E7     		b	.L1
 149              	.L14:
 150 006a C046     		.align	2
 151              	.L13:
 152 006c 00000000 		.word	.LANCHOR0
 153 0070 00240140 		.word	1073816576
 154              		.cfi_endproc
 155              	.LFE40:
 157              		.section	.text.HAL_ADC_MspInit,"ax",%progbits
 158              		.align	1
 159              		.p2align 2,,3
 160              		.global	HAL_ADC_MspInit
 161              		.syntax unified
 162              		.code	16
 163              		.thumb_func
 165              	HAL_ADC_MspInit:
 166              	.LVL5:
 167              	.LFB41:
  77:Src/adc.c     **** 
  78:Src/adc.c     **** void HAL_ADC_MspInit(ADC_HandleTypeDef* adcHandle)
  79:Src/adc.c     **** {
 168              		.loc 1 79 1 is_stmt 1 view -0
 169              		.cfi_startproc
 170              		@ args = 0, pretend = 0, frame = 32
 171              		@ frame_needed = 0, uses_anonymous_args = 0
  80:Src/adc.c     **** 
  81:Src/adc.c     ****   GPIO_InitTypeDef GPIO_InitStruct = {0};
 172              		.loc 1 81 3 view .LVU55
  79:Src/adc.c     **** 
 173              		.loc 1 79 1 is_stmt 0 view .LVU56
 174 0000 30B5     		push	{r4, r5, lr}
 175              	.LCFI2:
 176              		.cfi_def_cfa_offset 12
 177              		.cfi_offset 4, -12
 178              		.cfi_offset 5, -8
 179              		.cfi_offset 14, -4
 180 0002 0400     		movs	r4, r0
 181 0004 89B0     		sub	sp, sp, #36
 182              	.LCFI3:
 183              		.cfi_def_cfa_offset 48
 184              		.loc 1 81 20 view .LVU57
 185 0006 1422     		movs	r2, #20
ARM GAS  C:\Users\rokko\AppData\Local\Temp\ccKd0ET2.s 			page 6


 186 0008 0021     		movs	r1, #0
 187 000a 03A8     		add	r0, sp, #12
 188              	.LVL6:
 189              		.loc 1 81 20 view .LVU58
 190 000c FFF7FEFF 		bl	memset
 191              	.LVL7:
  82:Src/adc.c     ****   if(adcHandle->Instance==ADC1)
 192              		.loc 1 82 3 is_stmt 1 view .LVU59
 193              		.loc 1 82 5 is_stmt 0 view .LVU60
 194 0010 224B     		ldr	r3, .L23
 195 0012 2268     		ldr	r2, [r4]
 196 0014 9A42     		cmp	r2, r3
 197 0016 01D0     		beq	.L21
 198              	.L15:
  83:Src/adc.c     ****   {
  84:Src/adc.c     ****   /* USER CODE BEGIN ADC1_MspInit 0 */
  85:Src/adc.c     **** 
  86:Src/adc.c     ****   /* USER CODE END ADC1_MspInit 0 */
  87:Src/adc.c     ****     /* ADC1 clock enable */
  88:Src/adc.c     ****     __HAL_RCC_ADC1_CLK_ENABLE();
  89:Src/adc.c     **** 
  90:Src/adc.c     ****     __HAL_RCC_GPIOA_CLK_ENABLE();
  91:Src/adc.c     ****     /**ADC GPIO Configuration
  92:Src/adc.c     ****     PA2     ------> ADC_IN2
  93:Src/adc.c     ****     */
  94:Src/adc.c     ****     GPIO_InitStruct.Pin = ADC_TRIAC_1_Pin;
  95:Src/adc.c     ****     GPIO_InitStruct.Mode = GPIO_MODE_ANALOG;
  96:Src/adc.c     ****     GPIO_InitStruct.Pull = GPIO_NOPULL;
  97:Src/adc.c     ****     HAL_GPIO_Init(ADC_TRIAC_1_GPIO_Port, &GPIO_InitStruct);
  98:Src/adc.c     **** 
  99:Src/adc.c     ****     /* ADC1 DMA Init */
 100:Src/adc.c     ****     /* ADC Init */
 101:Src/adc.c     ****     hdma_adc.Instance = DMA1_Channel1;
 102:Src/adc.c     ****     hdma_adc.Init.Direction = DMA_PERIPH_TO_MEMORY;
 103:Src/adc.c     ****     hdma_adc.Init.PeriphInc = DMA_PINC_DISABLE;
 104:Src/adc.c     ****     hdma_adc.Init.MemInc = DMA_MINC_ENABLE;
 105:Src/adc.c     ****     hdma_adc.Init.PeriphDataAlignment = DMA_PDATAALIGN_HALFWORD;
 106:Src/adc.c     ****     hdma_adc.Init.MemDataAlignment = DMA_MDATAALIGN_HALFWORD;
 107:Src/adc.c     ****     hdma_adc.Init.Mode = DMA_NORMAL;
 108:Src/adc.c     ****     hdma_adc.Init.Priority = DMA_PRIORITY_VERY_HIGH;
 109:Src/adc.c     ****     if (HAL_DMA_Init(&hdma_adc) != HAL_OK)
 110:Src/adc.c     ****     {
 111:Src/adc.c     ****       Error_Handler();
 112:Src/adc.c     ****     }
 113:Src/adc.c     **** 
 114:Src/adc.c     ****     __HAL_LINKDMA(adcHandle,DMA_Handle,hdma_adc);
 115:Src/adc.c     **** 
 116:Src/adc.c     ****     /* ADC1 interrupt Init */
 117:Src/adc.c     ****     HAL_NVIC_SetPriority(ADC1_IRQn, 0, 0);
 118:Src/adc.c     ****     HAL_NVIC_EnableIRQ(ADC1_IRQn);
 119:Src/adc.c     ****   /* USER CODE BEGIN ADC1_MspInit 1 */
 120:Src/adc.c     **** 
 121:Src/adc.c     ****   /* USER CODE END ADC1_MspInit 1 */
 122:Src/adc.c     ****   }
 123:Src/adc.c     **** }
 199              		.loc 1 123 1 view .LVU61
 200 0018 09B0     		add	sp, sp, #36
ARM GAS  C:\Users\rokko\AppData\Local\Temp\ccKd0ET2.s 			page 7


 201              		@ sp needed
 202              	.LVL8:
 203              		.loc 1 123 1 view .LVU62
 204 001a 30BD     		pop	{r4, r5, pc}
 205              	.LVL9:
 206              	.L21:
  88:Src/adc.c     **** 
 207              		.loc 1 88 5 is_stmt 1 view .LVU63
 208              	.LBB2:
  88:Src/adc.c     **** 
 209              		.loc 1 88 5 view .LVU64
  88:Src/adc.c     **** 
 210              		.loc 1 88 5 view .LVU65
 211 001c 8020     		movs	r0, #128
 212 001e 204B     		ldr	r3, .L23+4
 213 0020 8000     		lsls	r0, r0, #2
 214 0022 9969     		ldr	r1, [r3, #24]
 215 0024 0143     		orrs	r1, r0
 216 0026 9961     		str	r1, [r3, #24]
  88:Src/adc.c     **** 
 217              		.loc 1 88 5 view .LVU66
 218              	.LBE2:
 219              	.LBB3:
  90:Src/adc.c     ****     /**ADC GPIO Configuration
 220              		.loc 1 90 5 is_stmt 0 view .LVU67
 221 0028 8021     		movs	r1, #128
 222              	.LBE3:
 223              	.LBB4:
  88:Src/adc.c     **** 
 224              		.loc 1 88 5 view .LVU68
 225 002a 9A69     		ldr	r2, [r3, #24]
 226              	.LBE4:
 227              	.LBB5:
  90:Src/adc.c     ****     /**ADC GPIO Configuration
 228              		.loc 1 90 5 view .LVU69
 229 002c 8902     		lsls	r1, r1, #10
 230              	.LBE5:
 231              	.LBB6:
  88:Src/adc.c     **** 
 232              		.loc 1 88 5 view .LVU70
 233 002e 0240     		ands	r2, r0
 234 0030 0192     		str	r2, [sp, #4]
  88:Src/adc.c     **** 
 235              		.loc 1 88 5 is_stmt 1 view .LVU71
 236 0032 019A     		ldr	r2, [sp, #4]
 237              	.LBE6:
  88:Src/adc.c     **** 
 238              		.loc 1 88 5 view .LVU72
  90:Src/adc.c     ****     /**ADC GPIO Configuration
 239              		.loc 1 90 5 view .LVU73
 240              	.LBB7:
  90:Src/adc.c     ****     /**ADC GPIO Configuration
 241              		.loc 1 90 5 view .LVU74
  90:Src/adc.c     ****     /**ADC GPIO Configuration
 242              		.loc 1 90 5 view .LVU75
 243 0034 5A69     		ldr	r2, [r3, #20]
 244              	.LBE7:
ARM GAS  C:\Users\rokko\AppData\Local\Temp\ccKd0ET2.s 			page 8


  97:Src/adc.c     **** 
 245              		.loc 1 97 5 is_stmt 0 view .LVU76
 246 0036 9020     		movs	r0, #144
 247              	.LBB8:
  90:Src/adc.c     ****     /**ADC GPIO Configuration
 248              		.loc 1 90 5 view .LVU77
 249 0038 0A43     		orrs	r2, r1
 250 003a 5A61     		str	r2, [r3, #20]
  90:Src/adc.c     ****     /**ADC GPIO Configuration
 251              		.loc 1 90 5 is_stmt 1 view .LVU78
 252 003c 5B69     		ldr	r3, [r3, #20]
 253              	.LBE8:
  97:Src/adc.c     **** 
 254              		.loc 1 97 5 is_stmt 0 view .LVU79
 255 003e C005     		lsls	r0, r0, #23
 256              	.LBB9:
  90:Src/adc.c     ****     /**ADC GPIO Configuration
 257              		.loc 1 90 5 view .LVU80
 258 0040 0B40     		ands	r3, r1
 259 0042 0293     		str	r3, [sp, #8]
  90:Src/adc.c     ****     /**ADC GPIO Configuration
 260              		.loc 1 90 5 is_stmt 1 view .LVU81
 261 0044 029B     		ldr	r3, [sp, #8]
 262              	.LBE9:
  90:Src/adc.c     ****     /**ADC GPIO Configuration
 263              		.loc 1 90 5 view .LVU82
  94:Src/adc.c     ****     GPIO_InitStruct.Mode = GPIO_MODE_ANALOG;
 264              		.loc 1 94 5 view .LVU83
  94:Src/adc.c     ****     GPIO_InitStruct.Mode = GPIO_MODE_ANALOG;
 265              		.loc 1 94 25 is_stmt 0 view .LVU84
 266 0046 0423     		movs	r3, #4
  97:Src/adc.c     **** 
 267              		.loc 1 97 5 view .LVU85
 268 0048 03A9     		add	r1, sp, #12
  94:Src/adc.c     ****     GPIO_InitStruct.Mode = GPIO_MODE_ANALOG;
 269              		.loc 1 94 25 view .LVU86
 270 004a 0393     		str	r3, [sp, #12]
  95:Src/adc.c     ****     GPIO_InitStruct.Pull = GPIO_NOPULL;
 271              		.loc 1 95 5 is_stmt 1 view .LVU87
  95:Src/adc.c     ****     GPIO_InitStruct.Pull = GPIO_NOPULL;
 272              		.loc 1 95 26 is_stmt 0 view .LVU88
 273 004c 013B     		subs	r3, r3, #1
 274 004e 0493     		str	r3, [sp, #16]
  96:Src/adc.c     ****     HAL_GPIO_Init(ADC_TRIAC_1_GPIO_Port, &GPIO_InitStruct);
 275              		.loc 1 96 5 is_stmt 1 view .LVU89
  97:Src/adc.c     **** 
 276              		.loc 1 97 5 view .LVU90
 277 0050 FFF7FEFF 		bl	HAL_GPIO_Init
 278              	.LVL10:
 101:Src/adc.c     ****     hdma_adc.Init.Direction = DMA_PERIPH_TO_MEMORY;
 279              		.loc 1 101 5 view .LVU91
 101:Src/adc.c     ****     hdma_adc.Init.Direction = DMA_PERIPH_TO_MEMORY;
 280              		.loc 1 101 23 is_stmt 0 view .LVU92
 281 0054 134D     		ldr	r5, .L23+8
 282 0056 144B     		ldr	r3, .L23+12
 104:Src/adc.c     ****     hdma_adc.Init.PeriphDataAlignment = DMA_PDATAALIGN_HALFWORD;
 283              		.loc 1 104 26 view .LVU93
ARM GAS  C:\Users\rokko\AppData\Local\Temp\ccKd0ET2.s 			page 9


 284 0058 8022     		movs	r2, #128
 101:Src/adc.c     ****     hdma_adc.Init.Direction = DMA_PERIPH_TO_MEMORY;
 285              		.loc 1 101 23 view .LVU94
 286 005a 2B60     		str	r3, [r5]
 102:Src/adc.c     ****     hdma_adc.Init.PeriphInc = DMA_PINC_DISABLE;
 287              		.loc 1 102 5 is_stmt 1 view .LVU95
 102:Src/adc.c     ****     hdma_adc.Init.PeriphInc = DMA_PINC_DISABLE;
 288              		.loc 1 102 29 is_stmt 0 view .LVU96
 289 005c 0023     		movs	r3, #0
 104:Src/adc.c     ****     hdma_adc.Init.PeriphDataAlignment = DMA_PDATAALIGN_HALFWORD;
 290              		.loc 1 104 26 view .LVU97
 291 005e EA60     		str	r2, [r5, #12]
 105:Src/adc.c     ****     hdma_adc.Init.MemDataAlignment = DMA_MDATAALIGN_HALFWORD;
 292              		.loc 1 105 39 view .LVU98
 293 0060 8032     		adds	r2, r2, #128
 102:Src/adc.c     ****     hdma_adc.Init.PeriphInc = DMA_PINC_DISABLE;
 294              		.loc 1 102 29 view .LVU99
 295 0062 6B60     		str	r3, [r5, #4]
 103:Src/adc.c     ****     hdma_adc.Init.MemInc = DMA_MINC_ENABLE;
 296              		.loc 1 103 5 is_stmt 1 view .LVU100
 103:Src/adc.c     ****     hdma_adc.Init.MemInc = DMA_MINC_ENABLE;
 297              		.loc 1 103 29 is_stmt 0 view .LVU101
 298 0064 AB60     		str	r3, [r5, #8]
 104:Src/adc.c     ****     hdma_adc.Init.PeriphDataAlignment = DMA_PDATAALIGN_HALFWORD;
 299              		.loc 1 104 5 is_stmt 1 view .LVU102
 105:Src/adc.c     ****     hdma_adc.Init.MemDataAlignment = DMA_MDATAALIGN_HALFWORD;
 300              		.loc 1 105 5 view .LVU103
 105:Src/adc.c     ****     hdma_adc.Init.MemDataAlignment = DMA_MDATAALIGN_HALFWORD;
 301              		.loc 1 105 39 is_stmt 0 view .LVU104
 302 0066 2A61     		str	r2, [r5, #16]
 106:Src/adc.c     ****     hdma_adc.Init.Mode = DMA_NORMAL;
 303              		.loc 1 106 5 is_stmt 1 view .LVU105
 107:Src/adc.c     ****     hdma_adc.Init.Priority = DMA_PRIORITY_VERY_HIGH;
 304              		.loc 1 107 24 is_stmt 0 view .LVU106
 305 0068 AB61     		str	r3, [r5, #24]
 106:Src/adc.c     ****     hdma_adc.Init.Mode = DMA_NORMAL;
 306              		.loc 1 106 36 view .LVU107
 307 006a 8022     		movs	r2, #128
 108:Src/adc.c     ****     if (HAL_DMA_Init(&hdma_adc) != HAL_OK)
 308              		.loc 1 108 28 view .LVU108
 309 006c C023     		movs	r3, #192
 106:Src/adc.c     ****     hdma_adc.Init.Mode = DMA_NORMAL;
 310              		.loc 1 106 36 view .LVU109
 311 006e D200     		lsls	r2, r2, #3
 108:Src/adc.c     ****     if (HAL_DMA_Init(&hdma_adc) != HAL_OK)
 312              		.loc 1 108 28 view .LVU110
 313 0070 9B01     		lsls	r3, r3, #6
 109:Src/adc.c     ****     {
 314              		.loc 1 109 9 view .LVU111
 315 0072 2800     		movs	r0, r5
 106:Src/adc.c     ****     hdma_adc.Init.Mode = DMA_NORMAL;
 316              		.loc 1 106 36 view .LVU112
 317 0074 6A61     		str	r2, [r5, #20]
 107:Src/adc.c     ****     hdma_adc.Init.Priority = DMA_PRIORITY_VERY_HIGH;
 318              		.loc 1 107 5 is_stmt 1 view .LVU113
 108:Src/adc.c     ****     if (HAL_DMA_Init(&hdma_adc) != HAL_OK)
 319              		.loc 1 108 5 view .LVU114
ARM GAS  C:\Users\rokko\AppData\Local\Temp\ccKd0ET2.s 			page 10


 108:Src/adc.c     ****     if (HAL_DMA_Init(&hdma_adc) != HAL_OK)
 320              		.loc 1 108 28 is_stmt 0 view .LVU115
 321 0076 EB61     		str	r3, [r5, #28]
 109:Src/adc.c     ****     {
 322              		.loc 1 109 5 is_stmt 1 view .LVU116
 109:Src/adc.c     ****     {
 323              		.loc 1 109 9 is_stmt 0 view .LVU117
 324 0078 FFF7FEFF 		bl	HAL_DMA_Init
 325              	.LVL11:
 109:Src/adc.c     ****     {
 326              		.loc 1 109 8 view .LVU118
 327 007c 0028     		cmp	r0, #0
 328 007e 0AD1     		bne	.L22
 329              	.L17:
 114:Src/adc.c     **** 
 330              		.loc 1 114 5 is_stmt 1 view .LVU119
 114:Src/adc.c     **** 
 331              		.loc 1 114 5 view .LVU120
 117:Src/adc.c     ****     HAL_NVIC_EnableIRQ(ADC1_IRQn);
 332              		.loc 1 117 5 is_stmt 0 view .LVU121
 333 0080 0022     		movs	r2, #0
 334 0082 0021     		movs	r1, #0
 335 0084 0C20     		movs	r0, #12
 114:Src/adc.c     **** 
 336              		.loc 1 114 5 view .LVU122
 337 0086 2563     		str	r5, [r4, #48]
 114:Src/adc.c     **** 
 338              		.loc 1 114 5 is_stmt 1 view .LVU123
 339 0088 6C62     		str	r4, [r5, #36]
 114:Src/adc.c     **** 
 340              		.loc 1 114 5 view .LVU124
 117:Src/adc.c     ****     HAL_NVIC_EnableIRQ(ADC1_IRQn);
 341              		.loc 1 117 5 view .LVU125
 342 008a FFF7FEFF 		bl	HAL_NVIC_SetPriority
 343              	.LVL12:
 118:Src/adc.c     ****   /* USER CODE BEGIN ADC1_MspInit 1 */
 344              		.loc 1 118 5 view .LVU126
 345 008e 0C20     		movs	r0, #12
 346 0090 FFF7FEFF 		bl	HAL_NVIC_EnableIRQ
 347              	.LVL13:
 348              		.loc 1 123 1 is_stmt 0 view .LVU127
 349 0094 C0E7     		b	.L15
 350              	.L22:
 111:Src/adc.c     ****     }
 351              		.loc 1 111 7 is_stmt 1 view .LVU128
 352 0096 FFF7FEFF 		bl	Error_Handler
 353              	.LVL14:
 354 009a F1E7     		b	.L17
 355              	.L24:
 356              		.align	2
 357              	.L23:
 358 009c 00240140 		.word	1073816576
 359 00a0 00100240 		.word	1073876992
 360 00a4 00000000 		.word	.LANCHOR1
 361 00a8 08000240 		.word	1073872904
 362              		.cfi_endproc
 363              	.LFE41:
ARM GAS  C:\Users\rokko\AppData\Local\Temp\ccKd0ET2.s 			page 11


 365              		.section	.text.HAL_ADC_MspDeInit,"ax",%progbits
 366              		.align	1
 367              		.p2align 2,,3
 368              		.global	HAL_ADC_MspDeInit
 369              		.syntax unified
 370              		.code	16
 371              		.thumb_func
 373              	HAL_ADC_MspDeInit:
 374              	.LVL15:
 375              	.LFB42:
 124:Src/adc.c     **** 
 125:Src/adc.c     **** void HAL_ADC_MspDeInit(ADC_HandleTypeDef* adcHandle)
 126:Src/adc.c     **** {
 376              		.loc 1 126 1 view -0
 377              		.cfi_startproc
 378              		@ args = 0, pretend = 0, frame = 0
 379              		@ frame_needed = 0, uses_anonymous_args = 0
 127:Src/adc.c     **** 
 128:Src/adc.c     ****   if(adcHandle->Instance==ADC1)
 380              		.loc 1 128 3 view .LVU130
 381              		.loc 1 128 5 is_stmt 0 view .LVU131
 382 0000 0B4B     		ldr	r3, .L28
 383 0002 0268     		ldr	r2, [r0]
 126:Src/adc.c     **** 
 384              		.loc 1 126 1 view .LVU132
 385 0004 10B5     		push	{r4, lr}
 386              	.LCFI4:
 387              		.cfi_def_cfa_offset 8
 388              		.cfi_offset 4, -8
 389              		.cfi_offset 14, -4
 126:Src/adc.c     **** 
 390              		.loc 1 126 1 view .LVU133
 391 0006 0400     		movs	r4, r0
 392              		.loc 1 128 5 view .LVU134
 393 0008 9A42     		cmp	r2, r3
 394 000a 00D0     		beq	.L27
 395              	.LVL16:
 396              	.L25:
 129:Src/adc.c     ****   {
 130:Src/adc.c     ****   /* USER CODE BEGIN ADC1_MspDeInit 0 */
 131:Src/adc.c     **** 
 132:Src/adc.c     ****   /* USER CODE END ADC1_MspDeInit 0 */
 133:Src/adc.c     ****     /* Peripheral clock disable */
 134:Src/adc.c     ****     __HAL_RCC_ADC1_CLK_DISABLE();
 135:Src/adc.c     **** 
 136:Src/adc.c     ****     /**ADC GPIO Configuration
 137:Src/adc.c     ****     PA2     ------> ADC_IN2
 138:Src/adc.c     ****     */
 139:Src/adc.c     ****     HAL_GPIO_DeInit(ADC_TRIAC_1_GPIO_Port, ADC_TRIAC_1_Pin);
 140:Src/adc.c     **** 
 141:Src/adc.c     ****     /* ADC1 DMA DeInit */
 142:Src/adc.c     ****     HAL_DMA_DeInit(adcHandle->DMA_Handle);
 143:Src/adc.c     **** 
 144:Src/adc.c     ****     /* ADC1 interrupt Deinit */
 145:Src/adc.c     ****     HAL_NVIC_DisableIRQ(ADC1_IRQn);
 146:Src/adc.c     ****   /* USER CODE BEGIN ADC1_MspDeInit 1 */
 147:Src/adc.c     **** 
ARM GAS  C:\Users\rokko\AppData\Local\Temp\ccKd0ET2.s 			page 12


 148:Src/adc.c     ****   /* USER CODE END ADC1_MspDeInit 1 */
 149:Src/adc.c     ****   }
 150:Src/adc.c     **** }
 397              		.loc 1 150 1 view .LVU135
 398              		@ sp needed
 399              	.LVL17:
 400              		.loc 1 150 1 view .LVU136
 401 000c 10BD     		pop	{r4, pc}
 402              	.LVL18:
 403              	.L27:
 134:Src/adc.c     **** 
 404              		.loc 1 134 5 is_stmt 1 view .LVU137
 139:Src/adc.c     **** 
 405              		.loc 1 139 5 is_stmt 0 view .LVU138
 406 000e 9020     		movs	r0, #144
 407              	.LVL19:
 134:Src/adc.c     **** 
 408              		.loc 1 134 5 view .LVU139
 409 0010 084A     		ldr	r2, .L28+4
 410 0012 0949     		ldr	r1, .L28+8
 411 0014 9369     		ldr	r3, [r2, #24]
 139:Src/adc.c     **** 
 412              		.loc 1 139 5 view .LVU140
 413 0016 C005     		lsls	r0, r0, #23
 134:Src/adc.c     **** 
 414              		.loc 1 134 5 view .LVU141
 415 0018 0B40     		ands	r3, r1
 416 001a 9361     		str	r3, [r2, #24]
 139:Src/adc.c     **** 
 417              		.loc 1 139 5 is_stmt 1 view .LVU142
 418 001c 0421     		movs	r1, #4
 419 001e FFF7FEFF 		bl	HAL_GPIO_DeInit
 420              	.LVL20:
 142:Src/adc.c     **** 
 421              		.loc 1 142 5 view .LVU143
 422 0022 206B     		ldr	r0, [r4, #48]
 423 0024 FFF7FEFF 		bl	HAL_DMA_DeInit
 424              	.LVL21:
 145:Src/adc.c     ****   /* USER CODE BEGIN ADC1_MspDeInit 1 */
 425              		.loc 1 145 5 view .LVU144
 426 0028 0C20     		movs	r0, #12
 427 002a FFF7FEFF 		bl	HAL_NVIC_DisableIRQ
 428              	.LVL22:
 429              		.loc 1 150 1 is_stmt 0 view .LVU145
 430 002e EDE7     		b	.L25
 431              	.L29:
 432              		.align	2
 433              	.L28:
 434 0030 00240140 		.word	1073816576
 435 0034 00100240 		.word	1073876992
 436 0038 FFFDFFFF 		.word	-513
 437              		.cfi_endproc
 438              	.LFE42:
 440              		.global	hdma_adc
 441              		.global	hadc
 442              		.section	.bss.hadc,"aw",%nobits
 443              		.align	2
ARM GAS  C:\Users\rokko\AppData\Local\Temp\ccKd0ET2.s 			page 13


 444              		.set	.LANCHOR0,. + 0
 447              	hadc:
 448 0000 00000000 		.space	64
 448      00000000 
 448      00000000 
 448      00000000 
 448      00000000 
 449              		.section	.bss.hdma_adc,"aw",%nobits
 450              		.align	2
 451              		.set	.LANCHOR1,. + 0
 454              	hdma_adc:
 455 0000 00000000 		.space	68
 455      00000000 
 455      00000000 
 455      00000000 
 455      00000000 
 456              		.text
 457              	.Letext0:
 458              		.file 2 "c:\\users\\rokko\\appdata\\roaming\\code\\user\\globalstorage\\bmd.stm32-for-vscode\\@xpa
 459              		.file 3 "c:\\users\\rokko\\appdata\\roaming\\code\\user\\globalstorage\\bmd.stm32-for-vscode\\@xpa
 460              		.file 4 "Drivers/CMSIS/Device/ST/STM32F0xx/Include/stm32f030x6.h"
 461              		.file 5 "Drivers/CMSIS/Device/ST/STM32F0xx/Include/stm32f0xx.h"
 462              		.file 6 "Drivers/STM32F0xx_HAL_Driver/Inc/stm32f0xx_hal_def.h"
 463              		.file 7 "Drivers/STM32F0xx_HAL_Driver/Inc/stm32f0xx_hal_gpio.h"
 464              		.file 8 "Drivers/STM32F0xx_HAL_Driver/Inc/stm32f0xx_hal_dma.h"
 465              		.file 9 "Drivers/STM32F0xx_HAL_Driver/Inc/stm32f0xx_hal_adc.h"
 466              		.file 10 "Inc/adc.h"
 467              		.file 11 "Drivers/STM32F0xx_HAL_Driver/Inc/stm32f0xx_hal_cortex.h"
 468              		.file 12 "Inc/main.h"
 469              		.file 13 "<built-in>"
ARM GAS  C:\Users\rokko\AppData\Local\Temp\ccKd0ET2.s 			page 14


DEFINED SYMBOLS
                            *ABS*:0000000000000000 adc.c
C:\Users\rokko\AppData\Local\Temp\ccKd0ET2.s:18     .text.MX_ADC_Init:0000000000000000 $t
C:\Users\rokko\AppData\Local\Temp\ccKd0ET2.s:25     .text.MX_ADC_Init:0000000000000000 MX_ADC_Init
C:\Users\rokko\AppData\Local\Temp\ccKd0ET2.s:152    .text.MX_ADC_Init:000000000000006c $d
C:\Users\rokko\AppData\Local\Temp\ccKd0ET2.s:158    .text.HAL_ADC_MspInit:0000000000000000 $t
C:\Users\rokko\AppData\Local\Temp\ccKd0ET2.s:165    .text.HAL_ADC_MspInit:0000000000000000 HAL_ADC_MspInit
C:\Users\rokko\AppData\Local\Temp\ccKd0ET2.s:358    .text.HAL_ADC_MspInit:000000000000009c $d
C:\Users\rokko\AppData\Local\Temp\ccKd0ET2.s:366    .text.HAL_ADC_MspDeInit:0000000000000000 $t
C:\Users\rokko\AppData\Local\Temp\ccKd0ET2.s:373    .text.HAL_ADC_MspDeInit:0000000000000000 HAL_ADC_MspDeInit
C:\Users\rokko\AppData\Local\Temp\ccKd0ET2.s:434    .text.HAL_ADC_MspDeInit:0000000000000030 $d
C:\Users\rokko\AppData\Local\Temp\ccKd0ET2.s:454    .bss.hdma_adc:0000000000000000 hdma_adc
C:\Users\rokko\AppData\Local\Temp\ccKd0ET2.s:447    .bss.hadc:0000000000000000 hadc
C:\Users\rokko\AppData\Local\Temp\ccKd0ET2.s:443    .bss.hadc:0000000000000000 $d
C:\Users\rokko\AppData\Local\Temp\ccKd0ET2.s:450    .bss.hdma_adc:0000000000000000 $d

UNDEFINED SYMBOLS
memset
HAL_ADC_Init
HAL_ADC_ConfigChannel
Error_Handler
HAL_GPIO_Init
HAL_DMA_Init
HAL_NVIC_SetPriority
HAL_NVIC_EnableIRQ
HAL_GPIO_DeInit
HAL_DMA_DeInit
HAL_NVIC_DisableIRQ
