ARM GAS  C:\Users\rokko\AppData\Local\Temp\ccBwlUij.s 			page 1


   1              		.cpu cortex-m0
   2              		.arch armv6s-m
   3              		.fpu softvfp
   4              		.eabi_attribute 20, 1
   5              		.eabi_attribute 21, 1
   6              		.eabi_attribute 23, 3
   7              		.eabi_attribute 24, 1
   8              		.eabi_attribute 25, 1
   9              		.eabi_attribute 26, 1
  10              		.eabi_attribute 30, 2
  11              		.eabi_attribute 34, 0
  12              		.eabi_attribute 18, 4
  13              		.file	"stm32f0xx_it.c"
  14              		.text
  15              	.Ltext0:
  16              		.cfi_sections	.debug_frame
  17              		.section	.text.NMI_Handler,"ax",%progbits
  18              		.align	1
  19              		.p2align 2,,3
  20              		.global	NMI_Handler
  21              		.syntax unified
  22              		.code	16
  23              		.thumb_func
  25              	NMI_Handler:
  26              	.LFB40:
  27              		.file 1 "Src/stm32f0xx_it.c"
   1:Src/stm32f0xx_it.c **** /* USER CODE BEGIN Header */
   2:Src/stm32f0xx_it.c **** /**
   3:Src/stm32f0xx_it.c ****   ******************************************************************************
   4:Src/stm32f0xx_it.c ****   * @file    stm32f0xx_it.c
   5:Src/stm32f0xx_it.c ****   * @brief   Interrupt Service Routines.
   6:Src/stm32f0xx_it.c ****   ******************************************************************************
   7:Src/stm32f0xx_it.c ****   * @attention
   8:Src/stm32f0xx_it.c ****   *
   9:Src/stm32f0xx_it.c ****   * <h2><center>&copy; Copyright (c) 2022 STMicroelectronics.
  10:Src/stm32f0xx_it.c ****   * All rights reserved.</center></h2>
  11:Src/stm32f0xx_it.c ****   *
  12:Src/stm32f0xx_it.c ****   * This software component is licensed by ST under BSD 3-Clause license,
  13:Src/stm32f0xx_it.c ****   * the "License"; You may not use this file except in compliance with the
  14:Src/stm32f0xx_it.c ****   * License. You may obtain a copy of the License at:
  15:Src/stm32f0xx_it.c ****   *                        opensource.org/licenses/BSD-3-Clause
  16:Src/stm32f0xx_it.c ****   *
  17:Src/stm32f0xx_it.c ****   ******************************************************************************
  18:Src/stm32f0xx_it.c ****   */
  19:Src/stm32f0xx_it.c **** /* USER CODE END Header */
  20:Src/stm32f0xx_it.c **** 
  21:Src/stm32f0xx_it.c **** /* Includes ------------------------------------------------------------------*/
  22:Src/stm32f0xx_it.c **** #include "main.h"
  23:Src/stm32f0xx_it.c **** #include "stm32f0xx_it.h"
  24:Src/stm32f0xx_it.c **** /* Private includes ----------------------------------------------------------*/
  25:Src/stm32f0xx_it.c **** /* USER CODE BEGIN Includes */
  26:Src/stm32f0xx_it.c **** /* USER CODE END Includes */
  27:Src/stm32f0xx_it.c **** 
  28:Src/stm32f0xx_it.c **** /* Private typedef -----------------------------------------------------------*/
  29:Src/stm32f0xx_it.c **** /* USER CODE BEGIN TD */
  30:Src/stm32f0xx_it.c **** 
  31:Src/stm32f0xx_it.c **** /* USER CODE END TD */
ARM GAS  C:\Users\rokko\AppData\Local\Temp\ccBwlUij.s 			page 2


  32:Src/stm32f0xx_it.c **** 
  33:Src/stm32f0xx_it.c **** /* Private define ------------------------------------------------------------*/
  34:Src/stm32f0xx_it.c **** /* USER CODE BEGIN PD */
  35:Src/stm32f0xx_it.c **** 
  36:Src/stm32f0xx_it.c **** /* USER CODE END PD */
  37:Src/stm32f0xx_it.c **** 
  38:Src/stm32f0xx_it.c **** /* Private macro -------------------------------------------------------------*/
  39:Src/stm32f0xx_it.c **** /* USER CODE BEGIN PM */
  40:Src/stm32f0xx_it.c **** 
  41:Src/stm32f0xx_it.c **** /* USER CODE END PM */
  42:Src/stm32f0xx_it.c **** 
  43:Src/stm32f0xx_it.c **** /* Private variables ---------------------------------------------------------*/
  44:Src/stm32f0xx_it.c **** /* USER CODE BEGIN PV */
  45:Src/stm32f0xx_it.c **** 
  46:Src/stm32f0xx_it.c **** /* USER CODE END PV */
  47:Src/stm32f0xx_it.c **** 
  48:Src/stm32f0xx_it.c **** /* Private function prototypes -----------------------------------------------*/
  49:Src/stm32f0xx_it.c **** /* USER CODE BEGIN PFP */
  50:Src/stm32f0xx_it.c **** 
  51:Src/stm32f0xx_it.c **** /* USER CODE END PFP */
  52:Src/stm32f0xx_it.c **** 
  53:Src/stm32f0xx_it.c **** /* Private user code ---------------------------------------------------------*/
  54:Src/stm32f0xx_it.c **** /* USER CODE BEGIN 0 */
  55:Src/stm32f0xx_it.c **** 
  56:Src/stm32f0xx_it.c **** /* USER CODE END 0 */
  57:Src/stm32f0xx_it.c **** 
  58:Src/stm32f0xx_it.c **** /* External variables --------------------------------------------------------*/
  59:Src/stm32f0xx_it.c **** extern DMA_HandleTypeDef hdma_adc;
  60:Src/stm32f0xx_it.c **** extern ADC_HandleTypeDef hadc;
  61:Src/stm32f0xx_it.c **** extern TIM_HandleTypeDef htim1;
  62:Src/stm32f0xx_it.c **** /* USER CODE BEGIN EV */
  63:Src/stm32f0xx_it.c **** 
  64:Src/stm32f0xx_it.c **** /* USER CODE END EV */
  65:Src/stm32f0xx_it.c **** 
  66:Src/stm32f0xx_it.c **** /******************************************************************************/
  67:Src/stm32f0xx_it.c **** /*           Cortex-M0 Processor Interruption and Exception Handlers          */
  68:Src/stm32f0xx_it.c **** /******************************************************************************/
  69:Src/stm32f0xx_it.c **** /**
  70:Src/stm32f0xx_it.c ****   * @brief This function handles Non maskable interrupt.
  71:Src/stm32f0xx_it.c ****   */
  72:Src/stm32f0xx_it.c **** void NMI_Handler(void)
  73:Src/stm32f0xx_it.c **** {
  28              		.loc 1 73 1 view -0
  29              		.cfi_startproc
  30              		@ Volatile: function does not return.
  31              		@ args = 0, pretend = 0, frame = 0
  32              		@ frame_needed = 0, uses_anonymous_args = 0
  33              		@ link register save eliminated.
  34              	.L2:
  74:Src/stm32f0xx_it.c ****   /* USER CODE BEGIN NonMaskableInt_IRQn 0 */
  75:Src/stm32f0xx_it.c **** 
  76:Src/stm32f0xx_it.c ****   /* USER CODE END NonMaskableInt_IRQn 0 */
  77:Src/stm32f0xx_it.c ****   /* USER CODE BEGIN NonMaskableInt_IRQn 1 */
  78:Src/stm32f0xx_it.c ****   while (1)
  35              		.loc 1 78 3 discriminator 1 view .LVU1
  79:Src/stm32f0xx_it.c ****   {
  80:Src/stm32f0xx_it.c ****   }
ARM GAS  C:\Users\rokko\AppData\Local\Temp\ccBwlUij.s 			page 3


  36              		.loc 1 80 3 discriminator 1 view .LVU2
  78:Src/stm32f0xx_it.c ****   {
  37              		.loc 1 78 9 discriminator 1 view .LVU3
  38 0000 FEE7     		b	.L2
  39              		.cfi_endproc
  40              	.LFE40:
  42 0002 C046     		.section	.text.HardFault_Handler,"ax",%progbits
  43              		.align	1
  44              		.p2align 2,,3
  45              		.global	HardFault_Handler
  46              		.syntax unified
  47              		.code	16
  48              		.thumb_func
  50              	HardFault_Handler:
  51              	.LFB41:
  81:Src/stm32f0xx_it.c ****   /* USER CODE END NonMaskableInt_IRQn 1 */
  82:Src/stm32f0xx_it.c **** }
  83:Src/stm32f0xx_it.c **** 
  84:Src/stm32f0xx_it.c **** /**
  85:Src/stm32f0xx_it.c ****   * @brief This function handles Hard fault interrupt.
  86:Src/stm32f0xx_it.c ****   */
  87:Src/stm32f0xx_it.c **** void HardFault_Handler(void)
  88:Src/stm32f0xx_it.c **** {
  52              		.loc 1 88 1 view -0
  53              		.cfi_startproc
  54              		@ Volatile: function does not return.
  55              		@ args = 0, pretend = 0, frame = 0
  56              		@ frame_needed = 0, uses_anonymous_args = 0
  57              		@ link register save eliminated.
  58              	.L5:
  89:Src/stm32f0xx_it.c ****   /* USER CODE BEGIN HardFault_IRQn 0 */
  90:Src/stm32f0xx_it.c **** 
  91:Src/stm32f0xx_it.c ****   /* USER CODE END HardFault_IRQn 0 */
  92:Src/stm32f0xx_it.c ****   while (1)
  59              		.loc 1 92 3 discriminator 1 view .LVU5
  93:Src/stm32f0xx_it.c ****   {
  94:Src/stm32f0xx_it.c ****     /* USER CODE BEGIN W1_HardFault_IRQn 0 */
  95:Src/stm32f0xx_it.c ****     /* USER CODE END W1_HardFault_IRQn 0 */
  96:Src/stm32f0xx_it.c ****   }
  60              		.loc 1 96 3 discriminator 1 view .LVU6
  92:Src/stm32f0xx_it.c ****   {
  61              		.loc 1 92 9 discriminator 1 view .LVU7
  62 0000 FEE7     		b	.L5
  63              		.cfi_endproc
  64              	.LFE41:
  66 0002 C046     		.section	.text.SVC_Handler,"ax",%progbits
  67              		.align	1
  68              		.p2align 2,,3
  69              		.global	SVC_Handler
  70              		.syntax unified
  71              		.code	16
  72              		.thumb_func
  74              	SVC_Handler:
  75              	.LFB42:
  97:Src/stm32f0xx_it.c **** }
  98:Src/stm32f0xx_it.c **** 
  99:Src/stm32f0xx_it.c **** /**
ARM GAS  C:\Users\rokko\AppData\Local\Temp\ccBwlUij.s 			page 4


 100:Src/stm32f0xx_it.c ****   * @brief This function handles System service call via SWI instruction.
 101:Src/stm32f0xx_it.c ****   */
 102:Src/stm32f0xx_it.c **** void SVC_Handler(void)
 103:Src/stm32f0xx_it.c **** {
  76              		.loc 1 103 1 view -0
  77              		.cfi_startproc
  78              		@ args = 0, pretend = 0, frame = 0
  79              		@ frame_needed = 0, uses_anonymous_args = 0
  80              		@ link register save eliminated.
 104:Src/stm32f0xx_it.c ****   /* USER CODE BEGIN SVC_IRQn 0 */
 105:Src/stm32f0xx_it.c **** 
 106:Src/stm32f0xx_it.c ****   /* USER CODE END SVC_IRQn 0 */
 107:Src/stm32f0xx_it.c ****   /* USER CODE BEGIN SVC_IRQn 1 */
 108:Src/stm32f0xx_it.c **** 
 109:Src/stm32f0xx_it.c ****   /* USER CODE END SVC_IRQn 1 */
 110:Src/stm32f0xx_it.c **** }
  81              		.loc 1 110 1 view .LVU9
  82              		@ sp needed
  83 0000 7047     		bx	lr
  84              		.cfi_endproc
  85              	.LFE42:
  87 0002 C046     		.section	.text.PendSV_Handler,"ax",%progbits
  88              		.align	1
  89              		.p2align 2,,3
  90              		.global	PendSV_Handler
  91              		.syntax unified
  92              		.code	16
  93              		.thumb_func
  95              	PendSV_Handler:
  96              	.LFB50:
  97              		.cfi_startproc
  98              		@ args = 0, pretend = 0, frame = 0
  99              		@ frame_needed = 0, uses_anonymous_args = 0
 100              		@ link register save eliminated.
 101              		@ sp needed
 102 0000 7047     		bx	lr
 103              		.cfi_endproc
 104              	.LFE50:
 106 0002 C046     		.section	.text.SysTick_Handler,"ax",%progbits
 107              		.align	1
 108              		.p2align 2,,3
 109              		.global	SysTick_Handler
 110              		.syntax unified
 111              		.code	16
 112              		.thumb_func
 114              	SysTick_Handler:
 115              	.LFB44:
 111:Src/stm32f0xx_it.c **** 
 112:Src/stm32f0xx_it.c **** /**
 113:Src/stm32f0xx_it.c ****   * @brief This function handles Pendable request for system service.
 114:Src/stm32f0xx_it.c ****   */
 115:Src/stm32f0xx_it.c **** void PendSV_Handler(void)
 116:Src/stm32f0xx_it.c **** {
 117:Src/stm32f0xx_it.c ****   /* USER CODE BEGIN PendSV_IRQn 0 */
 118:Src/stm32f0xx_it.c **** 
 119:Src/stm32f0xx_it.c ****   /* USER CODE END PendSV_IRQn 0 */
 120:Src/stm32f0xx_it.c ****   /* USER CODE BEGIN PendSV_IRQn 1 */
ARM GAS  C:\Users\rokko\AppData\Local\Temp\ccBwlUij.s 			page 5


 121:Src/stm32f0xx_it.c **** 
 122:Src/stm32f0xx_it.c ****   /* USER CODE END PendSV_IRQn 1 */
 123:Src/stm32f0xx_it.c **** }
 124:Src/stm32f0xx_it.c **** 
 125:Src/stm32f0xx_it.c **** /**
 126:Src/stm32f0xx_it.c ****   * @brief This function handles System tick timer.
 127:Src/stm32f0xx_it.c ****   */
 128:Src/stm32f0xx_it.c **** void SysTick_Handler(void)
 129:Src/stm32f0xx_it.c **** {
 116              		.loc 1 129 1 view -0
 117              		.cfi_startproc
 118              		@ args = 0, pretend = 0, frame = 0
 119              		@ frame_needed = 0, uses_anonymous_args = 0
 130:Src/stm32f0xx_it.c ****   /* USER CODE BEGIN SysTick_IRQn 0 */
 131:Src/stm32f0xx_it.c **** 
 132:Src/stm32f0xx_it.c ****   /* USER CODE END SysTick_IRQn 0 */
 133:Src/stm32f0xx_it.c ****   HAL_IncTick();
 120              		.loc 1 133 3 view .LVU11
 129:Src/stm32f0xx_it.c ****   /* USER CODE BEGIN SysTick_IRQn 0 */
 121              		.loc 1 129 1 is_stmt 0 view .LVU12
 122 0000 10B5     		push	{r4, lr}
 123              	.LCFI0:
 124              		.cfi_def_cfa_offset 8
 125              		.cfi_offset 4, -8
 126              		.cfi_offset 14, -4
 127              		.loc 1 133 3 view .LVU13
 128 0002 FFF7FEFF 		bl	HAL_IncTick
 129              	.LVL0:
 134:Src/stm32f0xx_it.c ****   /* USER CODE BEGIN SysTick_IRQn 1 */
 135:Src/stm32f0xx_it.c **** 
 136:Src/stm32f0xx_it.c ****   /* USER CODE END SysTick_IRQn 1 */
 137:Src/stm32f0xx_it.c **** }
 130              		.loc 1 137 1 view .LVU14
 131              		@ sp needed
 132 0006 10BD     		pop	{r4, pc}
 133              		.cfi_endproc
 134              	.LFE44:
 136              		.section	.text.DMA1_Channel1_IRQHandler,"ax",%progbits
 137              		.align	1
 138              		.p2align 2,,3
 139              		.global	DMA1_Channel1_IRQHandler
 140              		.syntax unified
 141              		.code	16
 142              		.thumb_func
 144              	DMA1_Channel1_IRQHandler:
 145              	.LFB45:
 138:Src/stm32f0xx_it.c **** 
 139:Src/stm32f0xx_it.c **** /******************************************************************************/
 140:Src/stm32f0xx_it.c **** /* STM32F0xx Peripheral Interrupt Handlers                                    */
 141:Src/stm32f0xx_it.c **** /* Add here the Interrupt Handlers for the used peripherals.                  */
 142:Src/stm32f0xx_it.c **** /* For the available peripheral interrupt handler names,                      */
 143:Src/stm32f0xx_it.c **** /* please refer to the startup file (startup_stm32f0xx.s).                    */
 144:Src/stm32f0xx_it.c **** /******************************************************************************/
 145:Src/stm32f0xx_it.c **** 
 146:Src/stm32f0xx_it.c **** /**
 147:Src/stm32f0xx_it.c ****   * @brief This function handles DMA1 channel 1 interrupt.
 148:Src/stm32f0xx_it.c ****   */
ARM GAS  C:\Users\rokko\AppData\Local\Temp\ccBwlUij.s 			page 6


 149:Src/stm32f0xx_it.c **** void DMA1_Channel1_IRQHandler(void)
 150:Src/stm32f0xx_it.c **** {
 146              		.loc 1 150 1 is_stmt 1 view -0
 147              		.cfi_startproc
 148              		@ args = 0, pretend = 0, frame = 0
 149              		@ frame_needed = 0, uses_anonymous_args = 0
 151:Src/stm32f0xx_it.c ****   /* USER CODE BEGIN DMA1_Channel1_IRQn 0 */
 152:Src/stm32f0xx_it.c **** 
 153:Src/stm32f0xx_it.c ****   /* USER CODE END DMA1_Channel1_IRQn 0 */
 154:Src/stm32f0xx_it.c ****   HAL_DMA_IRQHandler(&hdma_adc);
 150              		.loc 1 154 3 view .LVU16
 150:Src/stm32f0xx_it.c ****   /* USER CODE BEGIN DMA1_Channel1_IRQn 0 */
 151              		.loc 1 150 1 is_stmt 0 view .LVU17
 152 0000 10B5     		push	{r4, lr}
 153              	.LCFI1:
 154              		.cfi_def_cfa_offset 8
 155              		.cfi_offset 4, -8
 156              		.cfi_offset 14, -4
 157              		.loc 1 154 3 view .LVU18
 158 0002 0248     		ldr	r0, .L10
 159 0004 FFF7FEFF 		bl	HAL_DMA_IRQHandler
 160              	.LVL1:
 155:Src/stm32f0xx_it.c ****   /* USER CODE BEGIN DMA1_Channel1_IRQn 1 */
 156:Src/stm32f0xx_it.c **** 
 157:Src/stm32f0xx_it.c ****   /* USER CODE END DMA1_Channel1_IRQn 1 */
 158:Src/stm32f0xx_it.c **** }
 161              		.loc 1 158 1 view .LVU19
 162              		@ sp needed
 163 0008 10BD     		pop	{r4, pc}
 164              	.L11:
 165 000a C046     		.align	2
 166              	.L10:
 167 000c 00000000 		.word	hdma_adc
 168              		.cfi_endproc
 169              	.LFE45:
 171              		.section	.text.ADC1_IRQHandler,"ax",%progbits
 172              		.align	1
 173              		.p2align 2,,3
 174              		.global	ADC1_IRQHandler
 175              		.syntax unified
 176              		.code	16
 177              		.thumb_func
 179              	ADC1_IRQHandler:
 180              	.LFB46:
 159:Src/stm32f0xx_it.c **** 
 160:Src/stm32f0xx_it.c **** /**
 161:Src/stm32f0xx_it.c ****   * @brief This function handles ADC interrupt.
 162:Src/stm32f0xx_it.c ****   */
 163:Src/stm32f0xx_it.c **** void ADC1_IRQHandler(void)
 164:Src/stm32f0xx_it.c **** {
 181              		.loc 1 164 1 is_stmt 1 view -0
 182              		.cfi_startproc
 183              		@ args = 0, pretend = 0, frame = 0
 184              		@ frame_needed = 0, uses_anonymous_args = 0
 165:Src/stm32f0xx_it.c ****   /* USER CODE BEGIN ADC1_IRQn 0 */
 166:Src/stm32f0xx_it.c **** 
 167:Src/stm32f0xx_it.c ****   /* USER CODE END ADC1_IRQn 0 */
ARM GAS  C:\Users\rokko\AppData\Local\Temp\ccBwlUij.s 			page 7


 168:Src/stm32f0xx_it.c ****   HAL_ADC_IRQHandler(&hadc);
 185              		.loc 1 168 3 view .LVU21
 164:Src/stm32f0xx_it.c ****   /* USER CODE BEGIN ADC1_IRQn 0 */
 186              		.loc 1 164 1 is_stmt 0 view .LVU22
 187 0000 10B5     		push	{r4, lr}
 188              	.LCFI2:
 189              		.cfi_def_cfa_offset 8
 190              		.cfi_offset 4, -8
 191              		.cfi_offset 14, -4
 192              		.loc 1 168 3 view .LVU23
 193 0002 0248     		ldr	r0, .L13
 194 0004 FFF7FEFF 		bl	HAL_ADC_IRQHandler
 195              	.LVL2:
 169:Src/stm32f0xx_it.c ****   /* USER CODE BEGIN ADC1_IRQn 1 */
 170:Src/stm32f0xx_it.c **** 
 171:Src/stm32f0xx_it.c ****   /* USER CODE END ADC1_IRQn 1 */
 172:Src/stm32f0xx_it.c **** }
 196              		.loc 1 172 1 view .LVU24
 197              		@ sp needed
 198 0008 10BD     		pop	{r4, pc}
 199              	.L14:
 200 000a C046     		.align	2
 201              	.L13:
 202 000c 00000000 		.word	hadc
 203              		.cfi_endproc
 204              	.LFE46:
 206              		.section	.text.TIM1_BRK_UP_TRG_COM_IRQHandler,"ax",%progbits
 207              		.align	1
 208              		.p2align 2,,3
 209              		.global	TIM1_BRK_UP_TRG_COM_IRQHandler
 210              		.syntax unified
 211              		.code	16
 212              		.thumb_func
 214              	TIM1_BRK_UP_TRG_COM_IRQHandler:
 215              	.LFB47:
 173:Src/stm32f0xx_it.c **** 
 174:Src/stm32f0xx_it.c **** /**
 175:Src/stm32f0xx_it.c ****   * @brief This function handles TIM1 break, update, trigger and commutation interrupts.
 176:Src/stm32f0xx_it.c ****   */
 177:Src/stm32f0xx_it.c **** void TIM1_BRK_UP_TRG_COM_IRQHandler(void)
 178:Src/stm32f0xx_it.c **** {
 216              		.loc 1 178 1 is_stmt 1 view -0
 217              		.cfi_startproc
 218              		@ args = 0, pretend = 0, frame = 0
 219              		@ frame_needed = 0, uses_anonymous_args = 0
 179:Src/stm32f0xx_it.c ****   /* USER CODE BEGIN TIM1_BRK_UP_TRG_COM_IRQn 0 */
 180:Src/stm32f0xx_it.c **** 
 181:Src/stm32f0xx_it.c ****   /* USER CODE END TIM1_BRK_UP_TRG_COM_IRQn 0 */
 182:Src/stm32f0xx_it.c ****   HAL_TIM_IRQHandler(&htim1);
 220              		.loc 1 182 3 view .LVU26
 178:Src/stm32f0xx_it.c ****   /* USER CODE BEGIN TIM1_BRK_UP_TRG_COM_IRQn 0 */
 221              		.loc 1 178 1 is_stmt 0 view .LVU27
 222 0000 10B5     		push	{r4, lr}
 223              	.LCFI3:
 224              		.cfi_def_cfa_offset 8
 225              		.cfi_offset 4, -8
 226              		.cfi_offset 14, -4
ARM GAS  C:\Users\rokko\AppData\Local\Temp\ccBwlUij.s 			page 8


 227              		.loc 1 182 3 view .LVU28
 228 0002 0248     		ldr	r0, .L16
 229 0004 FFF7FEFF 		bl	HAL_TIM_IRQHandler
 230              	.LVL3:
 183:Src/stm32f0xx_it.c ****   /* USER CODE BEGIN TIM1_BRK_UP_TRG_COM_IRQn 1 */
 184:Src/stm32f0xx_it.c **** 
 185:Src/stm32f0xx_it.c ****   /* USER CODE END TIM1_BRK_UP_TRG_COM_IRQn 1 */
 186:Src/stm32f0xx_it.c **** }
 231              		.loc 1 186 1 view .LVU29
 232              		@ sp needed
 233 0008 10BD     		pop	{r4, pc}
 234              	.L17:
 235 000a C046     		.align	2
 236              	.L16:
 237 000c 00000000 		.word	htim1
 238              		.cfi_endproc
 239              	.LFE47:
 241              		.section	.text.TIM1_CC_IRQHandler,"ax",%progbits
 242              		.align	1
 243              		.p2align 2,,3
 244              		.global	TIM1_CC_IRQHandler
 245              		.syntax unified
 246              		.code	16
 247              		.thumb_func
 249              	TIM1_CC_IRQHandler:
 250              	.LFB52:
 251              		.cfi_startproc
 252              		@ args = 0, pretend = 0, frame = 0
 253              		@ frame_needed = 0, uses_anonymous_args = 0
 254 0000 10B5     		push	{r4, lr}
 255              	.LCFI4:
 256              		.cfi_def_cfa_offset 8
 257              		.cfi_offset 4, -8
 258              		.cfi_offset 14, -4
 259 0002 0248     		ldr	r0, .L19
 260 0004 FFF7FEFF 		bl	HAL_TIM_IRQHandler
 261              		@ sp needed
 262 0008 10BD     		pop	{r4, pc}
 263              	.L20:
 264 000a C046     		.align	2
 265              	.L19:
 266 000c 00000000 		.word	htim1
 267              		.cfi_endproc
 268              	.LFE52:
 270              		.text
 271              	.Letext0:
 272              		.file 2 "c:\\users\\rokko\\appdata\\roaming\\code\\user\\globalstorage\\bmd.stm32-for-vscode\\@xpa
 273              		.file 3 "c:\\users\\rokko\\appdata\\roaming\\code\\user\\globalstorage\\bmd.stm32-for-vscode\\@xpa
 274              		.file 4 "Drivers/CMSIS/Device/ST/STM32F0xx/Include/stm32f030x6.h"
 275              		.file 5 "Drivers/CMSIS/Device/ST/STM32F0xx/Include/stm32f0xx.h"
 276              		.file 6 "Drivers/STM32F0xx_HAL_Driver/Inc/stm32f0xx_hal_def.h"
 277              		.file 7 "Drivers/STM32F0xx_HAL_Driver/Inc/stm32f0xx_hal_dma.h"
 278              		.file 8 "Drivers/STM32F0xx_HAL_Driver/Inc/stm32f0xx_hal_adc.h"
 279              		.file 9 "Drivers/STM32F0xx_HAL_Driver/Inc/stm32f0xx_hal_tim.h"
 280              		.file 10 "Drivers/STM32F0xx_HAL_Driver/Inc/stm32f0xx_hal.h"
ARM GAS  C:\Users\rokko\AppData\Local\Temp\ccBwlUij.s 			page 9


DEFINED SYMBOLS
                            *ABS*:0000000000000000 stm32f0xx_it.c
C:\Users\rokko\AppData\Local\Temp\ccBwlUij.s:18     .text.NMI_Handler:0000000000000000 $t
C:\Users\rokko\AppData\Local\Temp\ccBwlUij.s:25     .text.NMI_Handler:0000000000000000 NMI_Handler
C:\Users\rokko\AppData\Local\Temp\ccBwlUij.s:43     .text.HardFault_Handler:0000000000000000 $t
C:\Users\rokko\AppData\Local\Temp\ccBwlUij.s:50     .text.HardFault_Handler:0000000000000000 HardFault_Handler
C:\Users\rokko\AppData\Local\Temp\ccBwlUij.s:67     .text.SVC_Handler:0000000000000000 $t
C:\Users\rokko\AppData\Local\Temp\ccBwlUij.s:74     .text.SVC_Handler:0000000000000000 SVC_Handler
C:\Users\rokko\AppData\Local\Temp\ccBwlUij.s:88     .text.PendSV_Handler:0000000000000000 $t
C:\Users\rokko\AppData\Local\Temp\ccBwlUij.s:95     .text.PendSV_Handler:0000000000000000 PendSV_Handler
C:\Users\rokko\AppData\Local\Temp\ccBwlUij.s:107    .text.SysTick_Handler:0000000000000000 $t
C:\Users\rokko\AppData\Local\Temp\ccBwlUij.s:114    .text.SysTick_Handler:0000000000000000 SysTick_Handler
C:\Users\rokko\AppData\Local\Temp\ccBwlUij.s:137    .text.DMA1_Channel1_IRQHandler:0000000000000000 $t
C:\Users\rokko\AppData\Local\Temp\ccBwlUij.s:144    .text.DMA1_Channel1_IRQHandler:0000000000000000 DMA1_Channel1_IRQHandler
C:\Users\rokko\AppData\Local\Temp\ccBwlUij.s:167    .text.DMA1_Channel1_IRQHandler:000000000000000c $d
C:\Users\rokko\AppData\Local\Temp\ccBwlUij.s:172    .text.ADC1_IRQHandler:0000000000000000 $t
C:\Users\rokko\AppData\Local\Temp\ccBwlUij.s:179    .text.ADC1_IRQHandler:0000000000000000 ADC1_IRQHandler
C:\Users\rokko\AppData\Local\Temp\ccBwlUij.s:202    .text.ADC1_IRQHandler:000000000000000c $d
C:\Users\rokko\AppData\Local\Temp\ccBwlUij.s:207    .text.TIM1_BRK_UP_TRG_COM_IRQHandler:0000000000000000 $t
C:\Users\rokko\AppData\Local\Temp\ccBwlUij.s:214    .text.TIM1_BRK_UP_TRG_COM_IRQHandler:0000000000000000 TIM1_BRK_UP_TRG_COM_IRQHandler
C:\Users\rokko\AppData\Local\Temp\ccBwlUij.s:237    .text.TIM1_BRK_UP_TRG_COM_IRQHandler:000000000000000c $d
C:\Users\rokko\AppData\Local\Temp\ccBwlUij.s:242    .text.TIM1_CC_IRQHandler:0000000000000000 $t
C:\Users\rokko\AppData\Local\Temp\ccBwlUij.s:249    .text.TIM1_CC_IRQHandler:0000000000000000 TIM1_CC_IRQHandler
C:\Users\rokko\AppData\Local\Temp\ccBwlUij.s:266    .text.TIM1_CC_IRQHandler:000000000000000c $d

UNDEFINED SYMBOLS
HAL_IncTick
HAL_DMA_IRQHandler
hdma_adc
HAL_ADC_IRQHandler
hadc
HAL_TIM_IRQHandler
htim1
