ARM GAS  C:\Users\rokko\AppData\Local\Temp\ccgG61yJ.s 			page 1


   1              		.cpu cortex-m0
   2              		.arch armv6s-m
   3              		.fpu softvfp
   4              		.eabi_attribute 20, 1
   5              		.eabi_attribute 21, 1
   6              		.eabi_attribute 23, 3
   7              		.eabi_attribute 24, 1
   8              		.eabi_attribute 25, 1
   9              		.eabi_attribute 26, 1
  10              		.eabi_attribute 30, 2
  11              		.eabi_attribute 34, 0
  12              		.eabi_attribute 18, 4
  13              		.file	"stm32f0xx_hal_pwr.c"
  14              		.text
  15              	.Ltext0:
  16              		.cfi_sections	.debug_frame
  17              		.section	.text.HAL_PWR_DeInit,"ax",%progbits
  18              		.align	1
  19              		.p2align 2,,3
  20              		.global	HAL_PWR_DeInit
  21              		.syntax unified
  22              		.code	16
  23              		.thumb_func
  25              	HAL_PWR_DeInit:
  26              	.LFB40:
  27              		.file 1 "Drivers/STM32F0xx_HAL_Driver/Src/stm32f0xx_hal_pwr.c"
   1:Drivers/STM32F0xx_HAL_Driver/Src/stm32f0xx_hal_pwr.c **** /**
   2:Drivers/STM32F0xx_HAL_Driver/Src/stm32f0xx_hal_pwr.c ****   ******************************************************************************
   3:Drivers/STM32F0xx_HAL_Driver/Src/stm32f0xx_hal_pwr.c ****   * @file    stm32f0xx_hal_pwr.c
   4:Drivers/STM32F0xx_HAL_Driver/Src/stm32f0xx_hal_pwr.c ****   * @author  MCD Application Team
   5:Drivers/STM32F0xx_HAL_Driver/Src/stm32f0xx_hal_pwr.c ****   * @brief   PWR HAL module driver.
   6:Drivers/STM32F0xx_HAL_Driver/Src/stm32f0xx_hal_pwr.c ****   *          This file provides firmware functions to manage the following
   7:Drivers/STM32F0xx_HAL_Driver/Src/stm32f0xx_hal_pwr.c ****   *          functionalities of the Power Controller (PWR) peripheral:
   8:Drivers/STM32F0xx_HAL_Driver/Src/stm32f0xx_hal_pwr.c ****   *           + Initialization/de-initialization function
   9:Drivers/STM32F0xx_HAL_Driver/Src/stm32f0xx_hal_pwr.c ****   *           + Peripheral Control function
  10:Drivers/STM32F0xx_HAL_Driver/Src/stm32f0xx_hal_pwr.c ****   *
  11:Drivers/STM32F0xx_HAL_Driver/Src/stm32f0xx_hal_pwr.c ****   @verbatim
  12:Drivers/STM32F0xx_HAL_Driver/Src/stm32f0xx_hal_pwr.c ****   ******************************************************************************
  13:Drivers/STM32F0xx_HAL_Driver/Src/stm32f0xx_hal_pwr.c ****   * @attention
  14:Drivers/STM32F0xx_HAL_Driver/Src/stm32f0xx_hal_pwr.c ****   *
  15:Drivers/STM32F0xx_HAL_Driver/Src/stm32f0xx_hal_pwr.c ****   * <h2><center>&copy; Copyright (c) 2016 STMicroelectronics.
  16:Drivers/STM32F0xx_HAL_Driver/Src/stm32f0xx_hal_pwr.c ****   * All rights reserved.</center></h2>
  17:Drivers/STM32F0xx_HAL_Driver/Src/stm32f0xx_hal_pwr.c ****   *
  18:Drivers/STM32F0xx_HAL_Driver/Src/stm32f0xx_hal_pwr.c ****   * This software component is licensed by ST under BSD 3-Clause license,
  19:Drivers/STM32F0xx_HAL_Driver/Src/stm32f0xx_hal_pwr.c ****   * the "License"; You may not use this file except in compliance with the
  20:Drivers/STM32F0xx_HAL_Driver/Src/stm32f0xx_hal_pwr.c ****   * License. You may obtain a copy of the License at:
  21:Drivers/STM32F0xx_HAL_Driver/Src/stm32f0xx_hal_pwr.c ****   *                        opensource.org/licenses/BSD-3-Clause
  22:Drivers/STM32F0xx_HAL_Driver/Src/stm32f0xx_hal_pwr.c ****   *
  23:Drivers/STM32F0xx_HAL_Driver/Src/stm32f0xx_hal_pwr.c ****   ******************************************************************************
  24:Drivers/STM32F0xx_HAL_Driver/Src/stm32f0xx_hal_pwr.c ****   */
  25:Drivers/STM32F0xx_HAL_Driver/Src/stm32f0xx_hal_pwr.c **** 
  26:Drivers/STM32F0xx_HAL_Driver/Src/stm32f0xx_hal_pwr.c **** /* Includes ------------------------------------------------------------------*/
  27:Drivers/STM32F0xx_HAL_Driver/Src/stm32f0xx_hal_pwr.c **** #include "stm32f0xx_hal.h"
  28:Drivers/STM32F0xx_HAL_Driver/Src/stm32f0xx_hal_pwr.c **** 
  29:Drivers/STM32F0xx_HAL_Driver/Src/stm32f0xx_hal_pwr.c **** /** @addtogroup STM32F0xx_HAL_Driver
  30:Drivers/STM32F0xx_HAL_Driver/Src/stm32f0xx_hal_pwr.c ****   * @{
  31:Drivers/STM32F0xx_HAL_Driver/Src/stm32f0xx_hal_pwr.c ****   */
ARM GAS  C:\Users\rokko\AppData\Local\Temp\ccgG61yJ.s 			page 2


  32:Drivers/STM32F0xx_HAL_Driver/Src/stm32f0xx_hal_pwr.c **** 
  33:Drivers/STM32F0xx_HAL_Driver/Src/stm32f0xx_hal_pwr.c **** /** @defgroup PWR PWR
  34:Drivers/STM32F0xx_HAL_Driver/Src/stm32f0xx_hal_pwr.c ****   * @brief PWR HAL module driver
  35:Drivers/STM32F0xx_HAL_Driver/Src/stm32f0xx_hal_pwr.c ****   * @{
  36:Drivers/STM32F0xx_HAL_Driver/Src/stm32f0xx_hal_pwr.c ****   */
  37:Drivers/STM32F0xx_HAL_Driver/Src/stm32f0xx_hal_pwr.c **** 
  38:Drivers/STM32F0xx_HAL_Driver/Src/stm32f0xx_hal_pwr.c **** #ifdef HAL_PWR_MODULE_ENABLED
  39:Drivers/STM32F0xx_HAL_Driver/Src/stm32f0xx_hal_pwr.c **** 
  40:Drivers/STM32F0xx_HAL_Driver/Src/stm32f0xx_hal_pwr.c **** /* Private typedef -----------------------------------------------------------*/
  41:Drivers/STM32F0xx_HAL_Driver/Src/stm32f0xx_hal_pwr.c **** /* Private define ------------------------------------------------------------*/
  42:Drivers/STM32F0xx_HAL_Driver/Src/stm32f0xx_hal_pwr.c **** /* Private macro -------------------------------------------------------------*/
  43:Drivers/STM32F0xx_HAL_Driver/Src/stm32f0xx_hal_pwr.c **** /* Private variables ---------------------------------------------------------*/
  44:Drivers/STM32F0xx_HAL_Driver/Src/stm32f0xx_hal_pwr.c **** /* Private function prototypes -----------------------------------------------*/
  45:Drivers/STM32F0xx_HAL_Driver/Src/stm32f0xx_hal_pwr.c **** /* Private functions ---------------------------------------------------------*/
  46:Drivers/STM32F0xx_HAL_Driver/Src/stm32f0xx_hal_pwr.c **** 
  47:Drivers/STM32F0xx_HAL_Driver/Src/stm32f0xx_hal_pwr.c **** /** @defgroup PWR_Exported_Functions PWR Exported Functions
  48:Drivers/STM32F0xx_HAL_Driver/Src/stm32f0xx_hal_pwr.c ****   * @{
  49:Drivers/STM32F0xx_HAL_Driver/Src/stm32f0xx_hal_pwr.c ****   */
  50:Drivers/STM32F0xx_HAL_Driver/Src/stm32f0xx_hal_pwr.c **** 
  51:Drivers/STM32F0xx_HAL_Driver/Src/stm32f0xx_hal_pwr.c **** /** @defgroup PWR_Exported_Functions_Group1 Initialization and de-initialization functions 
  52:Drivers/STM32F0xx_HAL_Driver/Src/stm32f0xx_hal_pwr.c ****   *  @brief    Initialization and de-initialization functions
  53:Drivers/STM32F0xx_HAL_Driver/Src/stm32f0xx_hal_pwr.c ****   *
  54:Drivers/STM32F0xx_HAL_Driver/Src/stm32f0xx_hal_pwr.c **** @verbatim
  55:Drivers/STM32F0xx_HAL_Driver/Src/stm32f0xx_hal_pwr.c ****  ===============================================================================
  56:Drivers/STM32F0xx_HAL_Driver/Src/stm32f0xx_hal_pwr.c ****               ##### Initialization and de-initialization functions #####
  57:Drivers/STM32F0xx_HAL_Driver/Src/stm32f0xx_hal_pwr.c ****  ===============================================================================
  58:Drivers/STM32F0xx_HAL_Driver/Src/stm32f0xx_hal_pwr.c ****     [..]
  59:Drivers/STM32F0xx_HAL_Driver/Src/stm32f0xx_hal_pwr.c ****       After reset, the backup domain (RTC registers, RTC backup data
  60:Drivers/STM32F0xx_HAL_Driver/Src/stm32f0xx_hal_pwr.c ****       registers) is protected against possible unwanted
  61:Drivers/STM32F0xx_HAL_Driver/Src/stm32f0xx_hal_pwr.c ****       write accesses.
  62:Drivers/STM32F0xx_HAL_Driver/Src/stm32f0xx_hal_pwr.c ****       To enable access to the RTC Domain and RTC registers, proceed as follows:
  63:Drivers/STM32F0xx_HAL_Driver/Src/stm32f0xx_hal_pwr.c ****         (+) Enable the Power Controller (PWR) APB1 interface clock using the
  64:Drivers/STM32F0xx_HAL_Driver/Src/stm32f0xx_hal_pwr.c ****             __HAL_RCC_PWR_CLK_ENABLE() macro.
  65:Drivers/STM32F0xx_HAL_Driver/Src/stm32f0xx_hal_pwr.c ****         (+) Enable access to RTC domain using the HAL_PWR_EnableBkUpAccess() function.
  66:Drivers/STM32F0xx_HAL_Driver/Src/stm32f0xx_hal_pwr.c **** 
  67:Drivers/STM32F0xx_HAL_Driver/Src/stm32f0xx_hal_pwr.c **** @endverbatim
  68:Drivers/STM32F0xx_HAL_Driver/Src/stm32f0xx_hal_pwr.c ****   * @{
  69:Drivers/STM32F0xx_HAL_Driver/Src/stm32f0xx_hal_pwr.c ****   */
  70:Drivers/STM32F0xx_HAL_Driver/Src/stm32f0xx_hal_pwr.c **** 
  71:Drivers/STM32F0xx_HAL_Driver/Src/stm32f0xx_hal_pwr.c **** /**
  72:Drivers/STM32F0xx_HAL_Driver/Src/stm32f0xx_hal_pwr.c ****   * @brief Deinitializes the PWR peripheral registers to their default reset values.
  73:Drivers/STM32F0xx_HAL_Driver/Src/stm32f0xx_hal_pwr.c ****   * @retval None
  74:Drivers/STM32F0xx_HAL_Driver/Src/stm32f0xx_hal_pwr.c ****   */
  75:Drivers/STM32F0xx_HAL_Driver/Src/stm32f0xx_hal_pwr.c **** void HAL_PWR_DeInit(void)
  76:Drivers/STM32F0xx_HAL_Driver/Src/stm32f0xx_hal_pwr.c **** {
  28              		.loc 1 76 1 view -0
  29              		.cfi_startproc
  30              		@ args = 0, pretend = 0, frame = 0
  31              		@ frame_needed = 0, uses_anonymous_args = 0
  32              		@ link register save eliminated.
  77:Drivers/STM32F0xx_HAL_Driver/Src/stm32f0xx_hal_pwr.c ****   __HAL_RCC_PWR_FORCE_RESET();
  33              		.loc 1 77 3 view .LVU1
  34 0000 8022     		movs	r2, #128
  78:Drivers/STM32F0xx_HAL_Driver/Src/stm32f0xx_hal_pwr.c ****   __HAL_RCC_PWR_RELEASE_RESET();
  79:Drivers/STM32F0xx_HAL_Driver/Src/stm32f0xx_hal_pwr.c **** }
  35              		.loc 1 79 1 is_stmt 0 view .LVU2
  36              		@ sp needed
ARM GAS  C:\Users\rokko\AppData\Local\Temp\ccgG61yJ.s 			page 3


  77:Drivers/STM32F0xx_HAL_Driver/Src/stm32f0xx_hal_pwr.c ****   __HAL_RCC_PWR_FORCE_RESET();
  37              		.loc 1 77 3 view .LVU3
  38 0002 054B     		ldr	r3, .L3
  39 0004 5205     		lsls	r2, r2, #21
  40 0006 1969     		ldr	r1, [r3, #16]
  41 0008 0A43     		orrs	r2, r1
  42 000a 1A61     		str	r2, [r3, #16]
  78:Drivers/STM32F0xx_HAL_Driver/Src/stm32f0xx_hal_pwr.c ****   __HAL_RCC_PWR_RELEASE_RESET();
  43              		.loc 1 78 3 is_stmt 1 view .LVU4
  44 000c 1A69     		ldr	r2, [r3, #16]
  45 000e 0349     		ldr	r1, .L3+4
  46 0010 0A40     		ands	r2, r1
  47 0012 1A61     		str	r2, [r3, #16]
  48              		.loc 1 79 1 is_stmt 0 view .LVU5
  49 0014 7047     		bx	lr
  50              	.L4:
  51 0016 C046     		.align	2
  52              	.L3:
  53 0018 00100240 		.word	1073876992
  54 001c FFFFFFEF 		.word	-268435457
  55              		.cfi_endproc
  56              	.LFE40:
  58              		.section	.text.HAL_PWR_EnableBkUpAccess,"ax",%progbits
  59              		.align	1
  60              		.p2align 2,,3
  61              		.global	HAL_PWR_EnableBkUpAccess
  62              		.syntax unified
  63              		.code	16
  64              		.thumb_func
  66              	HAL_PWR_EnableBkUpAccess:
  67              	.LFB41:
  80:Drivers/STM32F0xx_HAL_Driver/Src/stm32f0xx_hal_pwr.c **** 
  81:Drivers/STM32F0xx_HAL_Driver/Src/stm32f0xx_hal_pwr.c **** /**
  82:Drivers/STM32F0xx_HAL_Driver/Src/stm32f0xx_hal_pwr.c ****   * @brief Enables access to the backup domain (RTC registers, RTC
  83:Drivers/STM32F0xx_HAL_Driver/Src/stm32f0xx_hal_pwr.c ****   *         backup data registers when present).
  84:Drivers/STM32F0xx_HAL_Driver/Src/stm32f0xx_hal_pwr.c ****   * @note  If the HSE divided by 32 is used as the RTC clock, the
  85:Drivers/STM32F0xx_HAL_Driver/Src/stm32f0xx_hal_pwr.c ****   *         Backup Domain Access should be kept enabled.
  86:Drivers/STM32F0xx_HAL_Driver/Src/stm32f0xx_hal_pwr.c ****   * @retval None
  87:Drivers/STM32F0xx_HAL_Driver/Src/stm32f0xx_hal_pwr.c ****   */
  88:Drivers/STM32F0xx_HAL_Driver/Src/stm32f0xx_hal_pwr.c **** void HAL_PWR_EnableBkUpAccess(void)
  89:Drivers/STM32F0xx_HAL_Driver/Src/stm32f0xx_hal_pwr.c **** {
  68              		.loc 1 89 1 is_stmt 1 view -0
  69              		.cfi_startproc
  70              		@ args = 0, pretend = 0, frame = 0
  71              		@ frame_needed = 0, uses_anonymous_args = 0
  72              		@ link register save eliminated.
  90:Drivers/STM32F0xx_HAL_Driver/Src/stm32f0xx_hal_pwr.c ****   PWR->CR |= (uint32_t)PWR_CR_DBP;
  73              		.loc 1 90 3 view .LVU7
  74              		.loc 1 90 11 is_stmt 0 view .LVU8
  75 0000 8023     		movs	r3, #128
  91:Drivers/STM32F0xx_HAL_Driver/Src/stm32f0xx_hal_pwr.c **** }
  76              		.loc 1 91 1 view .LVU9
  77              		@ sp needed
  90:Drivers/STM32F0xx_HAL_Driver/Src/stm32f0xx_hal_pwr.c ****   PWR->CR |= (uint32_t)PWR_CR_DBP;
  78              		.loc 1 90 11 view .LVU10
  79 0002 034A     		ldr	r2, .L6
  80 0004 5B00     		lsls	r3, r3, #1
ARM GAS  C:\Users\rokko\AppData\Local\Temp\ccgG61yJ.s 			page 4


  81 0006 1168     		ldr	r1, [r2]
  82 0008 0B43     		orrs	r3, r1
  83 000a 1360     		str	r3, [r2]
  84              		.loc 1 91 1 view .LVU11
  85 000c 7047     		bx	lr
  86              	.L7:
  87 000e C046     		.align	2
  88              	.L6:
  89 0010 00700040 		.word	1073770496
  90              		.cfi_endproc
  91              	.LFE41:
  93              		.section	.text.HAL_PWR_DisableBkUpAccess,"ax",%progbits
  94              		.align	1
  95              		.p2align 2,,3
  96              		.global	HAL_PWR_DisableBkUpAccess
  97              		.syntax unified
  98              		.code	16
  99              		.thumb_func
 101              	HAL_PWR_DisableBkUpAccess:
 102              	.LFB42:
  92:Drivers/STM32F0xx_HAL_Driver/Src/stm32f0xx_hal_pwr.c **** 
  93:Drivers/STM32F0xx_HAL_Driver/Src/stm32f0xx_hal_pwr.c **** /**
  94:Drivers/STM32F0xx_HAL_Driver/Src/stm32f0xx_hal_pwr.c ****   * @brief Disables access to the backup domain (RTC registers, RTC
  95:Drivers/STM32F0xx_HAL_Driver/Src/stm32f0xx_hal_pwr.c ****   *         backup data registers when present).
  96:Drivers/STM32F0xx_HAL_Driver/Src/stm32f0xx_hal_pwr.c ****   * @note  If the HSE divided by 32 is used as the RTC clock, the
  97:Drivers/STM32F0xx_HAL_Driver/Src/stm32f0xx_hal_pwr.c ****   *         Backup Domain Access should be kept enabled.
  98:Drivers/STM32F0xx_HAL_Driver/Src/stm32f0xx_hal_pwr.c ****   * @retval None
  99:Drivers/STM32F0xx_HAL_Driver/Src/stm32f0xx_hal_pwr.c ****   */
 100:Drivers/STM32F0xx_HAL_Driver/Src/stm32f0xx_hal_pwr.c **** void HAL_PWR_DisableBkUpAccess(void)
 101:Drivers/STM32F0xx_HAL_Driver/Src/stm32f0xx_hal_pwr.c **** {
 103              		.loc 1 101 1 is_stmt 1 view -0
 104              		.cfi_startproc
 105              		@ args = 0, pretend = 0, frame = 0
 106              		@ frame_needed = 0, uses_anonymous_args = 0
 107              		@ link register save eliminated.
 102:Drivers/STM32F0xx_HAL_Driver/Src/stm32f0xx_hal_pwr.c ****   PWR->CR &= ~((uint32_t)PWR_CR_DBP);
 108              		.loc 1 102 3 view .LVU13
 109              		.loc 1 102 11 is_stmt 0 view .LVU14
 110 0000 024A     		ldr	r2, .L9
 111 0002 0349     		ldr	r1, .L9+4
 112 0004 1368     		ldr	r3, [r2]
 103:Drivers/STM32F0xx_HAL_Driver/Src/stm32f0xx_hal_pwr.c **** }
 113              		.loc 1 103 1 view .LVU15
 114              		@ sp needed
 102:Drivers/STM32F0xx_HAL_Driver/Src/stm32f0xx_hal_pwr.c ****   PWR->CR &= ~((uint32_t)PWR_CR_DBP);
 115              		.loc 1 102 11 view .LVU16
 116 0006 0B40     		ands	r3, r1
 117 0008 1360     		str	r3, [r2]
 118              		.loc 1 103 1 view .LVU17
 119 000a 7047     		bx	lr
 120              	.L10:
 121              		.align	2
 122              	.L9:
 123 000c 00700040 		.word	1073770496
 124 0010 FFFEFFFF 		.word	-257
 125              		.cfi_endproc
 126              	.LFE42:
ARM GAS  C:\Users\rokko\AppData\Local\Temp\ccgG61yJ.s 			page 5


 128              		.section	.text.HAL_PWR_EnableWakeUpPin,"ax",%progbits
 129              		.align	1
 130              		.p2align 2,,3
 131              		.global	HAL_PWR_EnableWakeUpPin
 132              		.syntax unified
 133              		.code	16
 134              		.thumb_func
 136              	HAL_PWR_EnableWakeUpPin:
 137              	.LVL0:
 138              	.LFB43:
 104:Drivers/STM32F0xx_HAL_Driver/Src/stm32f0xx_hal_pwr.c **** 
 105:Drivers/STM32F0xx_HAL_Driver/Src/stm32f0xx_hal_pwr.c **** /**
 106:Drivers/STM32F0xx_HAL_Driver/Src/stm32f0xx_hal_pwr.c ****   * @}
 107:Drivers/STM32F0xx_HAL_Driver/Src/stm32f0xx_hal_pwr.c ****   */
 108:Drivers/STM32F0xx_HAL_Driver/Src/stm32f0xx_hal_pwr.c **** 
 109:Drivers/STM32F0xx_HAL_Driver/Src/stm32f0xx_hal_pwr.c **** /** @defgroup PWR_Exported_Functions_Group2 Peripheral Control functions 
 110:Drivers/STM32F0xx_HAL_Driver/Src/stm32f0xx_hal_pwr.c ****   *  @brief Low Power modes configuration functions
 111:Drivers/STM32F0xx_HAL_Driver/Src/stm32f0xx_hal_pwr.c ****   *
 112:Drivers/STM32F0xx_HAL_Driver/Src/stm32f0xx_hal_pwr.c **** @verbatim
 113:Drivers/STM32F0xx_HAL_Driver/Src/stm32f0xx_hal_pwr.c **** 
 114:Drivers/STM32F0xx_HAL_Driver/Src/stm32f0xx_hal_pwr.c ****  ===============================================================================
 115:Drivers/STM32F0xx_HAL_Driver/Src/stm32f0xx_hal_pwr.c ****                  ##### Peripheral Control functions #####
 116:Drivers/STM32F0xx_HAL_Driver/Src/stm32f0xx_hal_pwr.c ****  ===============================================================================
 117:Drivers/STM32F0xx_HAL_Driver/Src/stm32f0xx_hal_pwr.c ****     
 118:Drivers/STM32F0xx_HAL_Driver/Src/stm32f0xx_hal_pwr.c ****     *** WakeUp pin configuration ***
 119:Drivers/STM32F0xx_HAL_Driver/Src/stm32f0xx_hal_pwr.c ****     ================================
 120:Drivers/STM32F0xx_HAL_Driver/Src/stm32f0xx_hal_pwr.c ****     [..]
 121:Drivers/STM32F0xx_HAL_Driver/Src/stm32f0xx_hal_pwr.c ****       (+) WakeUp pin is used to wakeup the system from Standby mode. This pin is
 122:Drivers/STM32F0xx_HAL_Driver/Src/stm32f0xx_hal_pwr.c ****           forced in input pull down configuration and is active on rising edges.
 123:Drivers/STM32F0xx_HAL_Driver/Src/stm32f0xx_hal_pwr.c ****       (+) There are two WakeUp pins, and up to eight Wakeup pins on STM32F07x & STM32F09x devices.
 124:Drivers/STM32F0xx_HAL_Driver/Src/stm32f0xx_hal_pwr.c ****          (++)WakeUp Pin 1 on PA.00.
 125:Drivers/STM32F0xx_HAL_Driver/Src/stm32f0xx_hal_pwr.c ****          (++)WakeUp Pin 2 on PC.13.
 126:Drivers/STM32F0xx_HAL_Driver/Src/stm32f0xx_hal_pwr.c ****          (++)WakeUp Pin 3 on PE.06.(STM32F07x/STM32F09x)
 127:Drivers/STM32F0xx_HAL_Driver/Src/stm32f0xx_hal_pwr.c ****          (++)WakeUp Pin 4 on PA.02.(STM32F07x/STM32F09x)
 128:Drivers/STM32F0xx_HAL_Driver/Src/stm32f0xx_hal_pwr.c ****          (++)WakeUp Pin 5 on PC.05.(STM32F07x/STM32F09x)
 129:Drivers/STM32F0xx_HAL_Driver/Src/stm32f0xx_hal_pwr.c ****          (++)WakeUp Pin 6 on PB.05.(STM32F07x/STM32F09x)
 130:Drivers/STM32F0xx_HAL_Driver/Src/stm32f0xx_hal_pwr.c ****          (++)WakeUp Pin 7 on PB.15.(STM32F07x/STM32F09x)
 131:Drivers/STM32F0xx_HAL_Driver/Src/stm32f0xx_hal_pwr.c ****          (++)WakeUp Pin 8 on PF.02.(STM32F07x/STM32F09x)
 132:Drivers/STM32F0xx_HAL_Driver/Src/stm32f0xx_hal_pwr.c **** 
 133:Drivers/STM32F0xx_HAL_Driver/Src/stm32f0xx_hal_pwr.c ****     *** Low Power modes configuration ***
 134:Drivers/STM32F0xx_HAL_Driver/Src/stm32f0xx_hal_pwr.c ****     =====================================
 135:Drivers/STM32F0xx_HAL_Driver/Src/stm32f0xx_hal_pwr.c ****     [..]
 136:Drivers/STM32F0xx_HAL_Driver/Src/stm32f0xx_hal_pwr.c ****       The devices feature 3 low-power modes:
 137:Drivers/STM32F0xx_HAL_Driver/Src/stm32f0xx_hal_pwr.c ****       (+) Sleep mode: Cortex-M0 core stopped, peripherals kept running.
 138:Drivers/STM32F0xx_HAL_Driver/Src/stm32f0xx_hal_pwr.c ****       (+) Stop mode: all clocks are stopped, regulator running, regulator
 139:Drivers/STM32F0xx_HAL_Driver/Src/stm32f0xx_hal_pwr.c ****           in low power mode
 140:Drivers/STM32F0xx_HAL_Driver/Src/stm32f0xx_hal_pwr.c ****       (+) Standby mode: 1.2V domain powered off (mode not available on STM32F0x8 devices).
 141:Drivers/STM32F0xx_HAL_Driver/Src/stm32f0xx_hal_pwr.c **** 
 142:Drivers/STM32F0xx_HAL_Driver/Src/stm32f0xx_hal_pwr.c ****    *** Sleep mode ***
 143:Drivers/STM32F0xx_HAL_Driver/Src/stm32f0xx_hal_pwr.c ****    ==================
 144:Drivers/STM32F0xx_HAL_Driver/Src/stm32f0xx_hal_pwr.c ****     [..]
 145:Drivers/STM32F0xx_HAL_Driver/Src/stm32f0xx_hal_pwr.c ****       (+) Entry:
 146:Drivers/STM32F0xx_HAL_Driver/Src/stm32f0xx_hal_pwr.c ****           The Sleep mode is entered by using the HAL_PWR_EnterSLEEPMode(PWR_MAINREGULATOR_ON, PWR_S
 147:Drivers/STM32F0xx_HAL_Driver/Src/stm32f0xx_hal_pwr.c ****               functions with
 148:Drivers/STM32F0xx_HAL_Driver/Src/stm32f0xx_hal_pwr.c ****           (++) PWR_SLEEPENTRY_WFI: enter SLEEP mode with WFI instruction
 149:Drivers/STM32F0xx_HAL_Driver/Src/stm32f0xx_hal_pwr.c ****           (++) PWR_SLEEPENTRY_WFE: enter SLEEP mode with WFE instruction
 150:Drivers/STM32F0xx_HAL_Driver/Src/stm32f0xx_hal_pwr.c ****      
ARM GAS  C:\Users\rokko\AppData\Local\Temp\ccgG61yJ.s 			page 6


 151:Drivers/STM32F0xx_HAL_Driver/Src/stm32f0xx_hal_pwr.c ****       (+) Exit:
 152:Drivers/STM32F0xx_HAL_Driver/Src/stm32f0xx_hal_pwr.c ****         (++) Any peripheral interrupt acknowledged by the nested vectored interrupt
 153:Drivers/STM32F0xx_HAL_Driver/Src/stm32f0xx_hal_pwr.c ****               controller (NVIC) can wake up the device from Sleep mode.
 154:Drivers/STM32F0xx_HAL_Driver/Src/stm32f0xx_hal_pwr.c **** 
 155:Drivers/STM32F0xx_HAL_Driver/Src/stm32f0xx_hal_pwr.c ****    *** Stop mode ***
 156:Drivers/STM32F0xx_HAL_Driver/Src/stm32f0xx_hal_pwr.c ****    =================
 157:Drivers/STM32F0xx_HAL_Driver/Src/stm32f0xx_hal_pwr.c ****     [..]
 158:Drivers/STM32F0xx_HAL_Driver/Src/stm32f0xx_hal_pwr.c ****       In Stop mode, all clocks in the 1.8V domain are stopped, the PLL, the HSI,
 159:Drivers/STM32F0xx_HAL_Driver/Src/stm32f0xx_hal_pwr.c ****       and the HSE RC oscillators are disabled. Internal SRAM and register contents
 160:Drivers/STM32F0xx_HAL_Driver/Src/stm32f0xx_hal_pwr.c ****       are preserved.
 161:Drivers/STM32F0xx_HAL_Driver/Src/stm32f0xx_hal_pwr.c ****       The voltage regulator can be configured either in normal or low-power mode.
 162:Drivers/STM32F0xx_HAL_Driver/Src/stm32f0xx_hal_pwr.c ****       To minimize the consumption.
 163:Drivers/STM32F0xx_HAL_Driver/Src/stm32f0xx_hal_pwr.c **** 
 164:Drivers/STM32F0xx_HAL_Driver/Src/stm32f0xx_hal_pwr.c ****       (+) Entry:
 165:Drivers/STM32F0xx_HAL_Driver/Src/stm32f0xx_hal_pwr.c ****           The Stop mode is entered using the HAL_PWR_EnterSTOPMode(PWR_MAINREGULATOR_ON, PWR_STOPEN
 166:Drivers/STM32F0xx_HAL_Driver/Src/stm32f0xx_hal_pwr.c ****              function with:
 167:Drivers/STM32F0xx_HAL_Driver/Src/stm32f0xx_hal_pwr.c ****           (++) Main regulator ON.
 168:Drivers/STM32F0xx_HAL_Driver/Src/stm32f0xx_hal_pwr.c ****           (++) Low Power regulator ON.
 169:Drivers/STM32F0xx_HAL_Driver/Src/stm32f0xx_hal_pwr.c ****           (++) PWR_STOPENTRY_WFI: enter STOP mode with WFI instruction
 170:Drivers/STM32F0xx_HAL_Driver/Src/stm32f0xx_hal_pwr.c ****           (++) PWR_STOPENTRY_WFE: enter STOP mode with WFE instruction
 171:Drivers/STM32F0xx_HAL_Driver/Src/stm32f0xx_hal_pwr.c ****       (+) Exit:
 172:Drivers/STM32F0xx_HAL_Driver/Src/stm32f0xx_hal_pwr.c ****           (++) Any EXTI Line (Internal or External) configured in Interrupt/Event mode.
 173:Drivers/STM32F0xx_HAL_Driver/Src/stm32f0xx_hal_pwr.c ****           (++) Some specific communication peripherals (CEC, USART, I2C) interrupts, 
 174:Drivers/STM32F0xx_HAL_Driver/Src/stm32f0xx_hal_pwr.c ****                when programmed in wakeup mode (the peripheral must be 
 175:Drivers/STM32F0xx_HAL_Driver/Src/stm32f0xx_hal_pwr.c ****                programmed in wakeup mode and the corresponding interrupt vector 
 176:Drivers/STM32F0xx_HAL_Driver/Src/stm32f0xx_hal_pwr.c ****                must be enabled in the NVIC)
 177:Drivers/STM32F0xx_HAL_Driver/Src/stm32f0xx_hal_pwr.c **** 
 178:Drivers/STM32F0xx_HAL_Driver/Src/stm32f0xx_hal_pwr.c ****    *** Standby mode ***
 179:Drivers/STM32F0xx_HAL_Driver/Src/stm32f0xx_hal_pwr.c ****    ====================
 180:Drivers/STM32F0xx_HAL_Driver/Src/stm32f0xx_hal_pwr.c ****      [..]
 181:Drivers/STM32F0xx_HAL_Driver/Src/stm32f0xx_hal_pwr.c ****       The Standby mode allows to achieve the lowest power consumption. It is based
 182:Drivers/STM32F0xx_HAL_Driver/Src/stm32f0xx_hal_pwr.c ****       on the Cortex-M0 deep sleep mode, with the voltage regulator disabled.
 183:Drivers/STM32F0xx_HAL_Driver/Src/stm32f0xx_hal_pwr.c ****       The 1.8V domain is consequently powered off. The PLL, the HSI oscillator and
 184:Drivers/STM32F0xx_HAL_Driver/Src/stm32f0xx_hal_pwr.c ****       the HSE oscillator are also switched off. SRAM and register contents are lost
 185:Drivers/STM32F0xx_HAL_Driver/Src/stm32f0xx_hal_pwr.c ****       except for the RTC registers, RTC backup registers and Standby circuitry.
 186:Drivers/STM32F0xx_HAL_Driver/Src/stm32f0xx_hal_pwr.c ****       The voltage regulator is OFF.
 187:Drivers/STM32F0xx_HAL_Driver/Src/stm32f0xx_hal_pwr.c **** 
 188:Drivers/STM32F0xx_HAL_Driver/Src/stm32f0xx_hal_pwr.c ****       (+) Entry:
 189:Drivers/STM32F0xx_HAL_Driver/Src/stm32f0xx_hal_pwr.c ****           (++) The Standby mode is entered using the HAL_PWR_EnterSTANDBYMode() function.
 190:Drivers/STM32F0xx_HAL_Driver/Src/stm32f0xx_hal_pwr.c ****       (+) Exit:
 191:Drivers/STM32F0xx_HAL_Driver/Src/stm32f0xx_hal_pwr.c ****           (++) WKUP pin rising edge, RTC alarm (Alarm A), RTC wakeup,
 192:Drivers/STM32F0xx_HAL_Driver/Src/stm32f0xx_hal_pwr.c ****                tamper event, time-stamp event, external reset in NRST pin, IWDG reset.
 193:Drivers/STM32F0xx_HAL_Driver/Src/stm32f0xx_hal_pwr.c **** 
 194:Drivers/STM32F0xx_HAL_Driver/Src/stm32f0xx_hal_pwr.c ****    *** Auto-wakeup (AWU) from low-power mode ***
 195:Drivers/STM32F0xx_HAL_Driver/Src/stm32f0xx_hal_pwr.c ****    =============================================
 196:Drivers/STM32F0xx_HAL_Driver/Src/stm32f0xx_hal_pwr.c ****     [..]
 197:Drivers/STM32F0xx_HAL_Driver/Src/stm32f0xx_hal_pwr.c ****       The MCU can be woken up from low-power mode by an RTC Alarm event, an RTC
 198:Drivers/STM32F0xx_HAL_Driver/Src/stm32f0xx_hal_pwr.c ****       Wakeup event, a tamper event, a time-stamp event, or a comparator event, 
 199:Drivers/STM32F0xx_HAL_Driver/Src/stm32f0xx_hal_pwr.c ****       without depending on an external interrupt (Auto-wakeup mode).
 200:Drivers/STM32F0xx_HAL_Driver/Src/stm32f0xx_hal_pwr.c **** 
 201:Drivers/STM32F0xx_HAL_Driver/Src/stm32f0xx_hal_pwr.c ****     (+) RTC auto-wakeup (AWU) from the Stop and Standby modes
 202:Drivers/STM32F0xx_HAL_Driver/Src/stm32f0xx_hal_pwr.c **** 
 203:Drivers/STM32F0xx_HAL_Driver/Src/stm32f0xx_hal_pwr.c ****       (++) To wake up from the Stop mode with an RTC alarm event, it is necessary to
 204:Drivers/STM32F0xx_HAL_Driver/Src/stm32f0xx_hal_pwr.c ****             configure the RTC to generate the RTC alarm using the HAL_RTC_SetAlarm_IT() function.
 205:Drivers/STM32F0xx_HAL_Driver/Src/stm32f0xx_hal_pwr.c **** 
 206:Drivers/STM32F0xx_HAL_Driver/Src/stm32f0xx_hal_pwr.c ****       (++) To wake up from the Stop mode with an RTC Tamper or time stamp event, it
 207:Drivers/STM32F0xx_HAL_Driver/Src/stm32f0xx_hal_pwr.c ****            is necessary to configure the RTC to detect the tamper or time stamp event using the
ARM GAS  C:\Users\rokko\AppData\Local\Temp\ccgG61yJ.s 			page 7


 208:Drivers/STM32F0xx_HAL_Driver/Src/stm32f0xx_hal_pwr.c ****            HAL_RTC_SetTimeStamp_IT() or HAL_RTC_SetTamper_IT() functions.
 209:Drivers/STM32F0xx_HAL_Driver/Src/stm32f0xx_hal_pwr.c **** 
 210:Drivers/STM32F0xx_HAL_Driver/Src/stm32f0xx_hal_pwr.c ****       (++) To wake up from the Stop mode with an RTC WakeUp event, it is necessary to
 211:Drivers/STM32F0xx_HAL_Driver/Src/stm32f0xx_hal_pwr.c ****            configure the RTC to generate the RTC WakeUp event using the HAL_RTC_SetWakeUpTimer_IT()
 212:Drivers/STM32F0xx_HAL_Driver/Src/stm32f0xx_hal_pwr.c **** 
 213:Drivers/STM32F0xx_HAL_Driver/Src/stm32f0xx_hal_pwr.c ****     (+) Comparator auto-wakeup (AWU) from the Stop mode
 214:Drivers/STM32F0xx_HAL_Driver/Src/stm32f0xx_hal_pwr.c **** 
 215:Drivers/STM32F0xx_HAL_Driver/Src/stm32f0xx_hal_pwr.c ****       (++) To wake up from the Stop mode with a comparator wakeup event, it is necessary to:
 216:Drivers/STM32F0xx_HAL_Driver/Src/stm32f0xx_hal_pwr.c ****            (+++) Configure the EXTI Line associated with the comparator (example EXTI Line 22 for c
 217:Drivers/STM32F0xx_HAL_Driver/Src/stm32f0xx_hal_pwr.c ****                  to be sensitive to to the selected edges (falling, rising or falling 
 218:Drivers/STM32F0xx_HAL_Driver/Src/stm32f0xx_hal_pwr.c ****                  and rising) (Interrupt or Event modes) using the EXTI_Init() function.
 219:Drivers/STM32F0xx_HAL_Driver/Src/stm32f0xx_hal_pwr.c ****            (+++) Configure the comparator to generate the event.      
 220:Drivers/STM32F0xx_HAL_Driver/Src/stm32f0xx_hal_pwr.c **** @endverbatim
 221:Drivers/STM32F0xx_HAL_Driver/Src/stm32f0xx_hal_pwr.c ****   * @{
 222:Drivers/STM32F0xx_HAL_Driver/Src/stm32f0xx_hal_pwr.c ****   */
 223:Drivers/STM32F0xx_HAL_Driver/Src/stm32f0xx_hal_pwr.c **** 
 224:Drivers/STM32F0xx_HAL_Driver/Src/stm32f0xx_hal_pwr.c **** /**
 225:Drivers/STM32F0xx_HAL_Driver/Src/stm32f0xx_hal_pwr.c ****   * @brief Enables the WakeUp PINx functionality.
 226:Drivers/STM32F0xx_HAL_Driver/Src/stm32f0xx_hal_pwr.c ****   * @param WakeUpPinx Specifies the Power Wake-Up pin to enable.
 227:Drivers/STM32F0xx_HAL_Driver/Src/stm32f0xx_hal_pwr.c ****   *         This parameter can be value of :
 228:Drivers/STM32F0xx_HAL_Driver/Src/stm32f0xx_hal_pwr.c ****   *           @ref PWREx_WakeUp_Pins
 229:Drivers/STM32F0xx_HAL_Driver/Src/stm32f0xx_hal_pwr.c ****   * @retval None
 230:Drivers/STM32F0xx_HAL_Driver/Src/stm32f0xx_hal_pwr.c ****   */
 231:Drivers/STM32F0xx_HAL_Driver/Src/stm32f0xx_hal_pwr.c **** void HAL_PWR_EnableWakeUpPin(uint32_t WakeUpPinx)
 232:Drivers/STM32F0xx_HAL_Driver/Src/stm32f0xx_hal_pwr.c **** {
 139              		.loc 1 232 1 is_stmt 1 view -0
 140              		.cfi_startproc
 141              		@ args = 0, pretend = 0, frame = 0
 142              		@ frame_needed = 0, uses_anonymous_args = 0
 143              		@ link register save eliminated.
 233:Drivers/STM32F0xx_HAL_Driver/Src/stm32f0xx_hal_pwr.c ****   /* Check the parameters */
 234:Drivers/STM32F0xx_HAL_Driver/Src/stm32f0xx_hal_pwr.c ****   assert_param(IS_PWR_WAKEUP_PIN(WakeUpPinx));
 144              		.loc 1 234 3 view .LVU19
 235:Drivers/STM32F0xx_HAL_Driver/Src/stm32f0xx_hal_pwr.c ****   /* Enable the EWUPx pin */
 236:Drivers/STM32F0xx_HAL_Driver/Src/stm32f0xx_hal_pwr.c ****   SET_BIT(PWR->CSR, WakeUpPinx);
 145              		.loc 1 236 3 view .LVU20
 146 0000 024A     		ldr	r2, .L12
 237:Drivers/STM32F0xx_HAL_Driver/Src/stm32f0xx_hal_pwr.c **** }
 147              		.loc 1 237 1 is_stmt 0 view .LVU21
 148              		@ sp needed
 236:Drivers/STM32F0xx_HAL_Driver/Src/stm32f0xx_hal_pwr.c **** }
 149              		.loc 1 236 3 view .LVU22
 150 0002 5368     		ldr	r3, [r2, #4]
 151 0004 0343     		orrs	r3, r0
 152 0006 5360     		str	r3, [r2, #4]
 153              		.loc 1 237 1 view .LVU23
 154 0008 7047     		bx	lr
 155              	.L13:
 156 000a C046     		.align	2
 157              	.L12:
 158 000c 00700040 		.word	1073770496
 159              		.cfi_endproc
 160              	.LFE43:
 162              		.section	.text.HAL_PWR_DisableWakeUpPin,"ax",%progbits
 163              		.align	1
 164              		.p2align 2,,3
 165              		.global	HAL_PWR_DisableWakeUpPin
ARM GAS  C:\Users\rokko\AppData\Local\Temp\ccgG61yJ.s 			page 8


 166              		.syntax unified
 167              		.code	16
 168              		.thumb_func
 170              	HAL_PWR_DisableWakeUpPin:
 171              	.LVL1:
 172              	.LFB44:
 238:Drivers/STM32F0xx_HAL_Driver/Src/stm32f0xx_hal_pwr.c **** 
 239:Drivers/STM32F0xx_HAL_Driver/Src/stm32f0xx_hal_pwr.c **** /**
 240:Drivers/STM32F0xx_HAL_Driver/Src/stm32f0xx_hal_pwr.c ****   * @brief Disables the WakeUp PINx functionality.
 241:Drivers/STM32F0xx_HAL_Driver/Src/stm32f0xx_hal_pwr.c ****   * @param WakeUpPinx Specifies the Power Wake-Up pin to disable.
 242:Drivers/STM32F0xx_HAL_Driver/Src/stm32f0xx_hal_pwr.c ****   *         This parameter can be values of :
 243:Drivers/STM32F0xx_HAL_Driver/Src/stm32f0xx_hal_pwr.c ****   *           @ref PWREx_WakeUp_Pins
 244:Drivers/STM32F0xx_HAL_Driver/Src/stm32f0xx_hal_pwr.c ****   * @retval None
 245:Drivers/STM32F0xx_HAL_Driver/Src/stm32f0xx_hal_pwr.c ****   */
 246:Drivers/STM32F0xx_HAL_Driver/Src/stm32f0xx_hal_pwr.c **** void HAL_PWR_DisableWakeUpPin(uint32_t WakeUpPinx)
 247:Drivers/STM32F0xx_HAL_Driver/Src/stm32f0xx_hal_pwr.c **** {
 173              		.loc 1 247 1 is_stmt 1 view -0
 174              		.cfi_startproc
 175              		@ args = 0, pretend = 0, frame = 0
 176              		@ frame_needed = 0, uses_anonymous_args = 0
 177              		@ link register save eliminated.
 248:Drivers/STM32F0xx_HAL_Driver/Src/stm32f0xx_hal_pwr.c ****   /* Check the parameters */
 249:Drivers/STM32F0xx_HAL_Driver/Src/stm32f0xx_hal_pwr.c ****   assert_param(IS_PWR_WAKEUP_PIN(WakeUpPinx));
 178              		.loc 1 249 3 view .LVU25
 250:Drivers/STM32F0xx_HAL_Driver/Src/stm32f0xx_hal_pwr.c ****   /* Disable the EWUPx pin */
 251:Drivers/STM32F0xx_HAL_Driver/Src/stm32f0xx_hal_pwr.c ****   CLEAR_BIT(PWR->CSR, WakeUpPinx);
 179              		.loc 1 251 3 view .LVU26
 180 0000 024A     		ldr	r2, .L15
 252:Drivers/STM32F0xx_HAL_Driver/Src/stm32f0xx_hal_pwr.c **** }
 181              		.loc 1 252 1 is_stmt 0 view .LVU27
 182              		@ sp needed
 251:Drivers/STM32F0xx_HAL_Driver/Src/stm32f0xx_hal_pwr.c **** }
 183              		.loc 1 251 3 view .LVU28
 184 0002 5368     		ldr	r3, [r2, #4]
 185 0004 8343     		bics	r3, r0
 186 0006 5360     		str	r3, [r2, #4]
 187              		.loc 1 252 1 view .LVU29
 188 0008 7047     		bx	lr
 189              	.L16:
 190 000a C046     		.align	2
 191              	.L15:
 192 000c 00700040 		.word	1073770496
 193              		.cfi_endproc
 194              	.LFE44:
 196              		.section	.text.HAL_PWR_EnterSLEEPMode,"ax",%progbits
 197              		.align	1
 198              		.p2align 2,,3
 199              		.global	HAL_PWR_EnterSLEEPMode
 200              		.syntax unified
 201              		.code	16
 202              		.thumb_func
 204              	HAL_PWR_EnterSLEEPMode:
 205              	.LVL2:
 206              	.LFB45:
 253:Drivers/STM32F0xx_HAL_Driver/Src/stm32f0xx_hal_pwr.c **** 
 254:Drivers/STM32F0xx_HAL_Driver/Src/stm32f0xx_hal_pwr.c **** /**
 255:Drivers/STM32F0xx_HAL_Driver/Src/stm32f0xx_hal_pwr.c ****   * @brief Enters Sleep mode.
ARM GAS  C:\Users\rokko\AppData\Local\Temp\ccgG61yJ.s 			page 9


 256:Drivers/STM32F0xx_HAL_Driver/Src/stm32f0xx_hal_pwr.c ****   * @note  In Sleep mode, all I/O pins keep the same state as in Run mode.
 257:Drivers/STM32F0xx_HAL_Driver/Src/stm32f0xx_hal_pwr.c ****   * @param Regulator Specifies the regulator state in SLEEP mode.
 258:Drivers/STM32F0xx_HAL_Driver/Src/stm32f0xx_hal_pwr.c ****   *           On STM32F0 devices, this parameter is a dummy value and it is ignored
 259:Drivers/STM32F0xx_HAL_Driver/Src/stm32f0xx_hal_pwr.c ****   *           as regulator can't be modified in this mode. Parameter is kept for platform
 260:Drivers/STM32F0xx_HAL_Driver/Src/stm32f0xx_hal_pwr.c ****   *           compatibility.
 261:Drivers/STM32F0xx_HAL_Driver/Src/stm32f0xx_hal_pwr.c ****   * @param SLEEPEntry Specifies if SLEEP mode is entered with WFI or WFE instruction.
 262:Drivers/STM32F0xx_HAL_Driver/Src/stm32f0xx_hal_pwr.c ****   *           When WFI entry is used, tick interrupt have to be disabled if not desired as 
 263:Drivers/STM32F0xx_HAL_Driver/Src/stm32f0xx_hal_pwr.c ****   *           the interrupt wake up source.
 264:Drivers/STM32F0xx_HAL_Driver/Src/stm32f0xx_hal_pwr.c ****   *           This parameter can be one of the following values:
 265:Drivers/STM32F0xx_HAL_Driver/Src/stm32f0xx_hal_pwr.c ****   *            @arg PWR_SLEEPENTRY_WFI: enter SLEEP mode with WFI instruction
 266:Drivers/STM32F0xx_HAL_Driver/Src/stm32f0xx_hal_pwr.c ****   *            @arg PWR_SLEEPENTRY_WFE: enter SLEEP mode with WFE instruction
 267:Drivers/STM32F0xx_HAL_Driver/Src/stm32f0xx_hal_pwr.c ****   * @retval None
 268:Drivers/STM32F0xx_HAL_Driver/Src/stm32f0xx_hal_pwr.c ****   */
 269:Drivers/STM32F0xx_HAL_Driver/Src/stm32f0xx_hal_pwr.c **** void HAL_PWR_EnterSLEEPMode(uint32_t Regulator, uint8_t SLEEPEntry)
 270:Drivers/STM32F0xx_HAL_Driver/Src/stm32f0xx_hal_pwr.c **** {
 207              		.loc 1 270 1 is_stmt 1 view -0
 208              		.cfi_startproc
 209              		@ args = 0, pretend = 0, frame = 0
 210              		@ frame_needed = 0, uses_anonymous_args = 0
 211              		@ link register save eliminated.
 271:Drivers/STM32F0xx_HAL_Driver/Src/stm32f0xx_hal_pwr.c ****   /* Check the parameters */
 272:Drivers/STM32F0xx_HAL_Driver/Src/stm32f0xx_hal_pwr.c ****   assert_param(IS_PWR_REGULATOR(Regulator));
 212              		.loc 1 272 3 view .LVU31
 273:Drivers/STM32F0xx_HAL_Driver/Src/stm32f0xx_hal_pwr.c ****   assert_param(IS_PWR_SLEEP_ENTRY(SLEEPEntry));
 213              		.loc 1 273 3 view .LVU32
 274:Drivers/STM32F0xx_HAL_Driver/Src/stm32f0xx_hal_pwr.c **** 
 275:Drivers/STM32F0xx_HAL_Driver/Src/stm32f0xx_hal_pwr.c ****   /* Clear SLEEPDEEP bit of Cortex System Control Register */
 276:Drivers/STM32F0xx_HAL_Driver/Src/stm32f0xx_hal_pwr.c ****   SCB->SCR &= (uint32_t)~((uint32_t)SCB_SCR_SLEEPDEEP_Msk);
 214              		.loc 1 276 3 view .LVU33
 215              		.loc 1 276 12 is_stmt 0 view .LVU34
 216 0000 0420     		movs	r0, #4
 217              	.LVL3:
 218              		.loc 1 276 12 view .LVU35
 219 0002 064A     		ldr	r2, .L21
 220 0004 1369     		ldr	r3, [r2, #16]
 221 0006 8343     		bics	r3, r0
 222 0008 1361     		str	r3, [r2, #16]
 277:Drivers/STM32F0xx_HAL_Driver/Src/stm32f0xx_hal_pwr.c **** 
 278:Drivers/STM32F0xx_HAL_Driver/Src/stm32f0xx_hal_pwr.c ****   /* Select SLEEP mode entry -------------------------------------------------*/
 279:Drivers/STM32F0xx_HAL_Driver/Src/stm32f0xx_hal_pwr.c ****   if(SLEEPEntry == PWR_SLEEPENTRY_WFI)
 223              		.loc 1 279 3 is_stmt 1 view .LVU36
 224              		.loc 1 279 5 is_stmt 0 view .LVU37
 225 000a 0129     		cmp	r1, #1
 226 000c 03D0     		beq	.L20
 280:Drivers/STM32F0xx_HAL_Driver/Src/stm32f0xx_hal_pwr.c ****   {
 281:Drivers/STM32F0xx_HAL_Driver/Src/stm32f0xx_hal_pwr.c ****     /* Request Wait For Interrupt */
 282:Drivers/STM32F0xx_HAL_Driver/Src/stm32f0xx_hal_pwr.c ****     __WFI();
 283:Drivers/STM32F0xx_HAL_Driver/Src/stm32f0xx_hal_pwr.c ****   }
 284:Drivers/STM32F0xx_HAL_Driver/Src/stm32f0xx_hal_pwr.c ****   else
 285:Drivers/STM32F0xx_HAL_Driver/Src/stm32f0xx_hal_pwr.c ****   {
 286:Drivers/STM32F0xx_HAL_Driver/Src/stm32f0xx_hal_pwr.c ****     /* Request Wait For Event */
 287:Drivers/STM32F0xx_HAL_Driver/Src/stm32f0xx_hal_pwr.c ****     __SEV();
 227              		.loc 1 287 5 is_stmt 1 view .LVU38
 228              		.syntax divided
 229              	@ 287 "Drivers/STM32F0xx_HAL_Driver/Src/stm32f0xx_hal_pwr.c" 1
 230 000e 40BF     		sev
 231              	@ 0 "" 2
ARM GAS  C:\Users\rokko\AppData\Local\Temp\ccgG61yJ.s 			page 10


 288:Drivers/STM32F0xx_HAL_Driver/Src/stm32f0xx_hal_pwr.c ****     __WFE();
 232              		.loc 1 288 5 view .LVU39
 233              	@ 288 "Drivers/STM32F0xx_HAL_Driver/Src/stm32f0xx_hal_pwr.c" 1
 234 0010 20BF     		wfe
 235              	@ 0 "" 2
 289:Drivers/STM32F0xx_HAL_Driver/Src/stm32f0xx_hal_pwr.c ****     __WFE();
 236              		.loc 1 289 5 view .LVU40
 237              	@ 289 "Drivers/STM32F0xx_HAL_Driver/Src/stm32f0xx_hal_pwr.c" 1
 238 0012 20BF     		wfe
 239              	@ 0 "" 2
 240              		.thumb
 241              		.syntax unified
 242              	.L17:
 290:Drivers/STM32F0xx_HAL_Driver/Src/stm32f0xx_hal_pwr.c ****   }
 291:Drivers/STM32F0xx_HAL_Driver/Src/stm32f0xx_hal_pwr.c **** }
 243              		.loc 1 291 1 is_stmt 0 view .LVU41
 244              		@ sp needed
 245 0014 7047     		bx	lr
 246              	.L20:
 282:Drivers/STM32F0xx_HAL_Driver/Src/stm32f0xx_hal_pwr.c ****   }
 247              		.loc 1 282 5 is_stmt 1 view .LVU42
 248              		.syntax divided
 249              	@ 282 "Drivers/STM32F0xx_HAL_Driver/Src/stm32f0xx_hal_pwr.c" 1
 250 0016 30BF     		wfi
 251              	@ 0 "" 2
 252              		.thumb
 253              		.syntax unified
 254 0018 FCE7     		b	.L17
 255              	.L22:
 256 001a C046     		.align	2
 257              	.L21:
 258 001c 00ED00E0 		.word	-536810240
 259              		.cfi_endproc
 260              	.LFE45:
 262              		.section	.text.HAL_PWR_EnterSTOPMode,"ax",%progbits
 263              		.align	1
 264              		.p2align 2,,3
 265              		.global	HAL_PWR_EnterSTOPMode
 266              		.syntax unified
 267              		.code	16
 268              		.thumb_func
 270              	HAL_PWR_EnterSTOPMode:
 271              	.LVL4:
 272              	.LFB46:
 292:Drivers/STM32F0xx_HAL_Driver/Src/stm32f0xx_hal_pwr.c **** 
 293:Drivers/STM32F0xx_HAL_Driver/Src/stm32f0xx_hal_pwr.c **** /**
 294:Drivers/STM32F0xx_HAL_Driver/Src/stm32f0xx_hal_pwr.c ****   * @brief Enters STOP mode.
 295:Drivers/STM32F0xx_HAL_Driver/Src/stm32f0xx_hal_pwr.c ****   * @note  In Stop mode, all I/O pins keep the same state as in Run mode.
 296:Drivers/STM32F0xx_HAL_Driver/Src/stm32f0xx_hal_pwr.c ****   * @note  When exiting Stop mode by issuing an interrupt or a wakeup event,
 297:Drivers/STM32F0xx_HAL_Driver/Src/stm32f0xx_hal_pwr.c ****   *         the HSI RC oscillator is selected as system clock.
 298:Drivers/STM32F0xx_HAL_Driver/Src/stm32f0xx_hal_pwr.c ****   * @note  When the voltage regulator operates in low power mode, an additional
 299:Drivers/STM32F0xx_HAL_Driver/Src/stm32f0xx_hal_pwr.c ****   *         startup delay is incurred when waking up from Stop mode.
 300:Drivers/STM32F0xx_HAL_Driver/Src/stm32f0xx_hal_pwr.c ****   *         By keeping the internal regulator ON during Stop mode, the consumption
 301:Drivers/STM32F0xx_HAL_Driver/Src/stm32f0xx_hal_pwr.c ****   *         is higher although the startup time is reduced.
 302:Drivers/STM32F0xx_HAL_Driver/Src/stm32f0xx_hal_pwr.c ****   * @param Regulator Specifies the regulator state in STOP mode.
 303:Drivers/STM32F0xx_HAL_Driver/Src/stm32f0xx_hal_pwr.c ****   *          This parameter can be one of the following values:
 304:Drivers/STM32F0xx_HAL_Driver/Src/stm32f0xx_hal_pwr.c ****   *            @arg PWR_MAINREGULATOR_ON: STOP mode with regulator ON
ARM GAS  C:\Users\rokko\AppData\Local\Temp\ccgG61yJ.s 			page 11


 305:Drivers/STM32F0xx_HAL_Driver/Src/stm32f0xx_hal_pwr.c ****   *            @arg PWR_LOWPOWERREGULATOR_ON: STOP mode with low power regulator ON
 306:Drivers/STM32F0xx_HAL_Driver/Src/stm32f0xx_hal_pwr.c ****   * @param STOPEntry specifies if STOP mode in entered with WFI or WFE instruction.
 307:Drivers/STM32F0xx_HAL_Driver/Src/stm32f0xx_hal_pwr.c ****   *          This parameter can be one of the following values:
 308:Drivers/STM32F0xx_HAL_Driver/Src/stm32f0xx_hal_pwr.c ****   *            @arg PWR_STOPENTRY_WFI:Enter STOP mode with WFI instruction
 309:Drivers/STM32F0xx_HAL_Driver/Src/stm32f0xx_hal_pwr.c ****   *            @arg PWR_STOPENTRY_WFE: Enter STOP mode with WFE instruction
 310:Drivers/STM32F0xx_HAL_Driver/Src/stm32f0xx_hal_pwr.c ****   * @retval None
 311:Drivers/STM32F0xx_HAL_Driver/Src/stm32f0xx_hal_pwr.c ****   */
 312:Drivers/STM32F0xx_HAL_Driver/Src/stm32f0xx_hal_pwr.c **** void HAL_PWR_EnterSTOPMode(uint32_t Regulator, uint8_t STOPEntry)
 313:Drivers/STM32F0xx_HAL_Driver/Src/stm32f0xx_hal_pwr.c **** {
 273              		.loc 1 313 1 view -0
 274              		.cfi_startproc
 275              		@ args = 0, pretend = 0, frame = 0
 276              		@ frame_needed = 0, uses_anonymous_args = 0
 314:Drivers/STM32F0xx_HAL_Driver/Src/stm32f0xx_hal_pwr.c ****   uint32_t tmpreg = 0;
 277              		.loc 1 314 3 view .LVU44
 315:Drivers/STM32F0xx_HAL_Driver/Src/stm32f0xx_hal_pwr.c **** 
 316:Drivers/STM32F0xx_HAL_Driver/Src/stm32f0xx_hal_pwr.c ****   /* Check the parameters */
 317:Drivers/STM32F0xx_HAL_Driver/Src/stm32f0xx_hal_pwr.c ****   assert_param(IS_PWR_REGULATOR(Regulator));
 278              		.loc 1 317 3 view .LVU45
 318:Drivers/STM32F0xx_HAL_Driver/Src/stm32f0xx_hal_pwr.c ****   assert_param(IS_PWR_STOP_ENTRY(STOPEntry));
 279              		.loc 1 318 3 view .LVU46
 319:Drivers/STM32F0xx_HAL_Driver/Src/stm32f0xx_hal_pwr.c **** 
 320:Drivers/STM32F0xx_HAL_Driver/Src/stm32f0xx_hal_pwr.c ****   /* Select the regulator state in STOP mode ---------------------------------*/
 321:Drivers/STM32F0xx_HAL_Driver/Src/stm32f0xx_hal_pwr.c ****   tmpreg = PWR->CR;
 280              		.loc 1 321 3 view .LVU47
 313:Drivers/STM32F0xx_HAL_Driver/Src/stm32f0xx_hal_pwr.c ****   uint32_t tmpreg = 0;
 281              		.loc 1 313 1 is_stmt 0 view .LVU48
 282 0000 10B5     		push	{r4, lr}
 283              	.LCFI0:
 284              		.cfi_def_cfa_offset 8
 285              		.cfi_offset 4, -8
 286              		.cfi_offset 14, -4
 322:Drivers/STM32F0xx_HAL_Driver/Src/stm32f0xx_hal_pwr.c ****   
 323:Drivers/STM32F0xx_HAL_Driver/Src/stm32f0xx_hal_pwr.c ****   /* Clear PDDS and LPDS bits */
 324:Drivers/STM32F0xx_HAL_Driver/Src/stm32f0xx_hal_pwr.c ****   tmpreg &= (uint32_t)~(PWR_CR_PDDS | PWR_CR_LPDS);
 287              		.loc 1 324 10 view .LVU49
 288 0002 0324     		movs	r4, #3
 321:Drivers/STM32F0xx_HAL_Driver/Src/stm32f0xx_hal_pwr.c ****   
 289              		.loc 1 321 10 view .LVU50
 290 0004 0B4A     		ldr	r2, .L27
 291 0006 1368     		ldr	r3, [r2]
 292              	.LVL5:
 293              		.loc 1 324 3 is_stmt 1 view .LVU51
 294              		.loc 1 324 10 is_stmt 0 view .LVU52
 295 0008 A343     		bics	r3, r4
 296              	.LVL6:
 325:Drivers/STM32F0xx_HAL_Driver/Src/stm32f0xx_hal_pwr.c **** 
 326:Drivers/STM32F0xx_HAL_Driver/Src/stm32f0xx_hal_pwr.c ****   /* Set LPDS bit according to Regulator value */
 327:Drivers/STM32F0xx_HAL_Driver/Src/stm32f0xx_hal_pwr.c ****   tmpreg |= Regulator;
 297              		.loc 1 327 3 is_stmt 1 view .LVU53
 298              		.loc 1 327 10 is_stmt 0 view .LVU54
 299 000a 0343     		orrs	r3, r0
 300              	.LVL7:
 328:Drivers/STM32F0xx_HAL_Driver/Src/stm32f0xx_hal_pwr.c **** 
 329:Drivers/STM32F0xx_HAL_Driver/Src/stm32f0xx_hal_pwr.c ****   /* Store the new value */
 330:Drivers/STM32F0xx_HAL_Driver/Src/stm32f0xx_hal_pwr.c ****   PWR->CR = tmpreg;
 301              		.loc 1 330 3 is_stmt 1 view .LVU55
ARM GAS  C:\Users\rokko\AppData\Local\Temp\ccgG61yJ.s 			page 12


 331:Drivers/STM32F0xx_HAL_Driver/Src/stm32f0xx_hal_pwr.c **** 
 332:Drivers/STM32F0xx_HAL_Driver/Src/stm32f0xx_hal_pwr.c ****   /* Set SLEEPDEEP bit of Cortex System Control Register */
 333:Drivers/STM32F0xx_HAL_Driver/Src/stm32f0xx_hal_pwr.c ****   SCB->SCR |= SCB_SCR_SLEEPDEEP_Msk;
 302              		.loc 1 333 12 is_stmt 0 view .LVU56
 303 000c 0420     		movs	r0, #4
 304              	.LVL8:
 330:Drivers/STM32F0xx_HAL_Driver/Src/stm32f0xx_hal_pwr.c **** 
 305              		.loc 1 330 11 view .LVU57
 306 000e 1360     		str	r3, [r2]
 307              		.loc 1 333 3 is_stmt 1 view .LVU58
 308              		.loc 1 333 12 is_stmt 0 view .LVU59
 309 0010 094A     		ldr	r2, .L27+4
 310 0012 1369     		ldr	r3, [r2, #16]
 311              	.LVL9:
 312              		.loc 1 333 12 view .LVU60
 313 0014 0343     		orrs	r3, r0
 314 0016 1361     		str	r3, [r2, #16]
 315              	.LVL10:
 334:Drivers/STM32F0xx_HAL_Driver/Src/stm32f0xx_hal_pwr.c **** 
 335:Drivers/STM32F0xx_HAL_Driver/Src/stm32f0xx_hal_pwr.c ****   /* Select STOP mode entry --------------------------------------------------*/
 336:Drivers/STM32F0xx_HAL_Driver/Src/stm32f0xx_hal_pwr.c ****   if(STOPEntry == PWR_STOPENTRY_WFI)
 316              		.loc 1 336 3 is_stmt 1 view .LVU61
 317              		.loc 1 336 5 is_stmt 0 view .LVU62
 318 0018 0129     		cmp	r1, #1
 319 001a 08D0     		beq	.L26
 337:Drivers/STM32F0xx_HAL_Driver/Src/stm32f0xx_hal_pwr.c ****   {
 338:Drivers/STM32F0xx_HAL_Driver/Src/stm32f0xx_hal_pwr.c ****     /* Request Wait For Interrupt */
 339:Drivers/STM32F0xx_HAL_Driver/Src/stm32f0xx_hal_pwr.c ****     __WFI();
 340:Drivers/STM32F0xx_HAL_Driver/Src/stm32f0xx_hal_pwr.c ****   }
 341:Drivers/STM32F0xx_HAL_Driver/Src/stm32f0xx_hal_pwr.c ****   else
 342:Drivers/STM32F0xx_HAL_Driver/Src/stm32f0xx_hal_pwr.c ****   {
 343:Drivers/STM32F0xx_HAL_Driver/Src/stm32f0xx_hal_pwr.c ****     /* Request Wait For Event */
 344:Drivers/STM32F0xx_HAL_Driver/Src/stm32f0xx_hal_pwr.c ****     __SEV();
 320              		.loc 1 344 5 is_stmt 1 view .LVU63
 321              		.syntax divided
 322              	@ 344 "Drivers/STM32F0xx_HAL_Driver/Src/stm32f0xx_hal_pwr.c" 1
 323 001c 40BF     		sev
 324              	@ 0 "" 2
 345:Drivers/STM32F0xx_HAL_Driver/Src/stm32f0xx_hal_pwr.c ****     __WFE();
 325              		.loc 1 345 5 view .LVU64
 326              	@ 345 "Drivers/STM32F0xx_HAL_Driver/Src/stm32f0xx_hal_pwr.c" 1
 327 001e 20BF     		wfe
 328              	@ 0 "" 2
 346:Drivers/STM32F0xx_HAL_Driver/Src/stm32f0xx_hal_pwr.c ****     __WFE();
 329              		.loc 1 346 5 view .LVU65
 330              	@ 346 "Drivers/STM32F0xx_HAL_Driver/Src/stm32f0xx_hal_pwr.c" 1
 331 0020 20BF     		wfe
 332              	@ 0 "" 2
 333              		.thumb
 334              		.syntax unified
 335              	.L25:
 347:Drivers/STM32F0xx_HAL_Driver/Src/stm32f0xx_hal_pwr.c ****   }
 348:Drivers/STM32F0xx_HAL_Driver/Src/stm32f0xx_hal_pwr.c **** 
 349:Drivers/STM32F0xx_HAL_Driver/Src/stm32f0xx_hal_pwr.c ****   /* Reset SLEEPDEEP bit of Cortex System Control Register */
 350:Drivers/STM32F0xx_HAL_Driver/Src/stm32f0xx_hal_pwr.c ****   SCB->SCR &= (uint32_t)~((uint32_t)SCB_SCR_SLEEPDEEP_Msk);
 336              		.loc 1 350 3 view .LVU66
 351:Drivers/STM32F0xx_HAL_Driver/Src/stm32f0xx_hal_pwr.c **** }
ARM GAS  C:\Users\rokko\AppData\Local\Temp\ccgG61yJ.s 			page 13


 337              		.loc 1 351 1 is_stmt 0 view .LVU67
 338              		@ sp needed
 350:Drivers/STM32F0xx_HAL_Driver/Src/stm32f0xx_hal_pwr.c **** }
 339              		.loc 1 350 12 view .LVU68
 340 0022 0421     		movs	r1, #4
 341              	.LVL11:
 350:Drivers/STM32F0xx_HAL_Driver/Src/stm32f0xx_hal_pwr.c **** }
 342              		.loc 1 350 12 view .LVU69
 343 0024 044A     		ldr	r2, .L27+4
 344 0026 1369     		ldr	r3, [r2, #16]
 345 0028 8B43     		bics	r3, r1
 346 002a 1361     		str	r3, [r2, #16]
 347              		.loc 1 351 1 view .LVU70
 348 002c 10BD     		pop	{r4, pc}
 349              	.LVL12:
 350              	.L26:
 339:Drivers/STM32F0xx_HAL_Driver/Src/stm32f0xx_hal_pwr.c ****   }
 351              		.loc 1 339 5 is_stmt 1 view .LVU71
 352              		.syntax divided
 353              	@ 339 "Drivers/STM32F0xx_HAL_Driver/Src/stm32f0xx_hal_pwr.c" 1
 354 002e 30BF     		wfi
 355              	@ 0 "" 2
 356              		.thumb
 357              		.syntax unified
 358 0030 F7E7     		b	.L25
 359              	.L28:
 360 0032 C046     		.align	2
 361              	.L27:
 362 0034 00700040 		.word	1073770496
 363 0038 00ED00E0 		.word	-536810240
 364              		.cfi_endproc
 365              	.LFE46:
 367              		.section	.text.HAL_PWR_EnterSTANDBYMode,"ax",%progbits
 368              		.align	1
 369              		.p2align 2,,3
 370              		.global	HAL_PWR_EnterSTANDBYMode
 371              		.syntax unified
 372              		.code	16
 373              		.thumb_func
 375              	HAL_PWR_EnterSTANDBYMode:
 376              	.LFB47:
 352:Drivers/STM32F0xx_HAL_Driver/Src/stm32f0xx_hal_pwr.c **** 
 353:Drivers/STM32F0xx_HAL_Driver/Src/stm32f0xx_hal_pwr.c **** /**
 354:Drivers/STM32F0xx_HAL_Driver/Src/stm32f0xx_hal_pwr.c ****   * @brief Enters STANDBY mode.
 355:Drivers/STM32F0xx_HAL_Driver/Src/stm32f0xx_hal_pwr.c ****   * @note  In Standby mode, all I/O pins are high impedance except for:
 356:Drivers/STM32F0xx_HAL_Driver/Src/stm32f0xx_hal_pwr.c ****   *          - Reset pad (still available)
 357:Drivers/STM32F0xx_HAL_Driver/Src/stm32f0xx_hal_pwr.c ****   *          - RTC alternate function pins if configured for tamper, time-stamp, RTC
 358:Drivers/STM32F0xx_HAL_Driver/Src/stm32f0xx_hal_pwr.c ****   *            Alarm out, or RTC clock calibration out.
 359:Drivers/STM32F0xx_HAL_Driver/Src/stm32f0xx_hal_pwr.c ****   *          - WKUP pins if enabled.
 360:Drivers/STM32F0xx_HAL_Driver/Src/stm32f0xx_hal_pwr.c ****   *            STM32F0x8 devices, the Stop mode is available, but it is 
 361:Drivers/STM32F0xx_HAL_Driver/Src/stm32f0xx_hal_pwr.c ****   *            aningless to distinguish between voltage regulator in Low power 
 362:Drivers/STM32F0xx_HAL_Driver/Src/stm32f0xx_hal_pwr.c ****   *            mode and voltage regulator in Run mode because the regulator 
 363:Drivers/STM32F0xx_HAL_Driver/Src/stm32f0xx_hal_pwr.c ****   *            not used and the core is supplied directly from an external source.
 364:Drivers/STM32F0xx_HAL_Driver/Src/stm32f0xx_hal_pwr.c ****   *            Consequently, the Standby mode is not available on those devices.
 365:Drivers/STM32F0xx_HAL_Driver/Src/stm32f0xx_hal_pwr.c ****   * @retval None
 366:Drivers/STM32F0xx_HAL_Driver/Src/stm32f0xx_hal_pwr.c ****   */
 367:Drivers/STM32F0xx_HAL_Driver/Src/stm32f0xx_hal_pwr.c **** void HAL_PWR_EnterSTANDBYMode(void)
ARM GAS  C:\Users\rokko\AppData\Local\Temp\ccgG61yJ.s 			page 14


 368:Drivers/STM32F0xx_HAL_Driver/Src/stm32f0xx_hal_pwr.c **** {
 377              		.loc 1 368 1 view -0
 378              		.cfi_startproc
 379              		@ args = 0, pretend = 0, frame = 0
 380              		@ frame_needed = 0, uses_anonymous_args = 0
 381              		@ link register save eliminated.
 369:Drivers/STM32F0xx_HAL_Driver/Src/stm32f0xx_hal_pwr.c ****   /* Select STANDBY mode */
 370:Drivers/STM32F0xx_HAL_Driver/Src/stm32f0xx_hal_pwr.c ****   PWR->CR |= (uint32_t)PWR_CR_PDDS;
 382              		.loc 1 370 3 view .LVU73
 383              		.loc 1 370 11 is_stmt 0 view .LVU74
 384 0000 0221     		movs	r1, #2
 385 0002 054A     		ldr	r2, .L30
 386 0004 1368     		ldr	r3, [r2]
 387 0006 0B43     		orrs	r3, r1
 388 0008 1360     		str	r3, [r2]
 371:Drivers/STM32F0xx_HAL_Driver/Src/stm32f0xx_hal_pwr.c **** 
 372:Drivers/STM32F0xx_HAL_Driver/Src/stm32f0xx_hal_pwr.c ****   /* Set SLEEPDEEP bit of Cortex System Control Register */
 373:Drivers/STM32F0xx_HAL_Driver/Src/stm32f0xx_hal_pwr.c ****   SCB->SCR |= SCB_SCR_SLEEPDEEP_Msk;
 389              		.loc 1 373 3 is_stmt 1 view .LVU75
 390              		.loc 1 373 12 is_stmt 0 view .LVU76
 391 000a 044A     		ldr	r2, .L30+4
 392 000c 0231     		adds	r1, r1, #2
 393 000e 1369     		ldr	r3, [r2, #16]
 394 0010 0B43     		orrs	r3, r1
 395 0012 1361     		str	r3, [r2, #16]
 374:Drivers/STM32F0xx_HAL_Driver/Src/stm32f0xx_hal_pwr.c **** 
 375:Drivers/STM32F0xx_HAL_Driver/Src/stm32f0xx_hal_pwr.c ****   /* This option is used to ensure that store operations are completed */
 376:Drivers/STM32F0xx_HAL_Driver/Src/stm32f0xx_hal_pwr.c **** #if defined ( __CC_ARM)
 377:Drivers/STM32F0xx_HAL_Driver/Src/stm32f0xx_hal_pwr.c ****   __force_stores();
 378:Drivers/STM32F0xx_HAL_Driver/Src/stm32f0xx_hal_pwr.c **** #endif
 379:Drivers/STM32F0xx_HAL_Driver/Src/stm32f0xx_hal_pwr.c ****   /* Request Wait For Interrupt */
 380:Drivers/STM32F0xx_HAL_Driver/Src/stm32f0xx_hal_pwr.c ****   __WFI();
 396              		.loc 1 380 3 is_stmt 1 view .LVU77
 397              		.syntax divided
 398              	@ 380 "Drivers/STM32F0xx_HAL_Driver/Src/stm32f0xx_hal_pwr.c" 1
 399 0014 30BF     		wfi
 400              	@ 0 "" 2
 381:Drivers/STM32F0xx_HAL_Driver/Src/stm32f0xx_hal_pwr.c **** }
 401              		.loc 1 381 1 is_stmt 0 view .LVU78
 402              		.thumb
 403              		.syntax unified
 404              		@ sp needed
 405 0016 7047     		bx	lr
 406              	.L31:
 407              		.align	2
 408              	.L30:
 409 0018 00700040 		.word	1073770496
 410 001c 00ED00E0 		.word	-536810240
 411              		.cfi_endproc
 412              	.LFE47:
 414              		.section	.text.HAL_PWR_EnableSleepOnExit,"ax",%progbits
 415              		.align	1
 416              		.p2align 2,,3
 417              		.global	HAL_PWR_EnableSleepOnExit
 418              		.syntax unified
 419              		.code	16
 420              		.thumb_func
ARM GAS  C:\Users\rokko\AppData\Local\Temp\ccgG61yJ.s 			page 15


 422              	HAL_PWR_EnableSleepOnExit:
 423              	.LFB48:
 382:Drivers/STM32F0xx_HAL_Driver/Src/stm32f0xx_hal_pwr.c **** 
 383:Drivers/STM32F0xx_HAL_Driver/Src/stm32f0xx_hal_pwr.c **** /**
 384:Drivers/STM32F0xx_HAL_Driver/Src/stm32f0xx_hal_pwr.c ****   * @brief Indicates Sleep-On-Exit when returning from Handler mode to Thread mode. 
 385:Drivers/STM32F0xx_HAL_Driver/Src/stm32f0xx_hal_pwr.c ****   * @note Set SLEEPONEXIT bit of SCR register. When this bit is set, the processor 
 386:Drivers/STM32F0xx_HAL_Driver/Src/stm32f0xx_hal_pwr.c ****   *       re-enters SLEEP mode when an interruption handling is over.
 387:Drivers/STM32F0xx_HAL_Driver/Src/stm32f0xx_hal_pwr.c ****   *       Setting this bit is useful when the processor is expected to run only on
 388:Drivers/STM32F0xx_HAL_Driver/Src/stm32f0xx_hal_pwr.c ****   *       interruptions handling.         
 389:Drivers/STM32F0xx_HAL_Driver/Src/stm32f0xx_hal_pwr.c ****   * @retval None
 390:Drivers/STM32F0xx_HAL_Driver/Src/stm32f0xx_hal_pwr.c ****   */
 391:Drivers/STM32F0xx_HAL_Driver/Src/stm32f0xx_hal_pwr.c **** void HAL_PWR_EnableSleepOnExit(void)
 392:Drivers/STM32F0xx_HAL_Driver/Src/stm32f0xx_hal_pwr.c **** {
 424              		.loc 1 392 1 is_stmt 1 view -0
 425              		.cfi_startproc
 426              		@ args = 0, pretend = 0, frame = 0
 427              		@ frame_needed = 0, uses_anonymous_args = 0
 428              		@ link register save eliminated.
 393:Drivers/STM32F0xx_HAL_Driver/Src/stm32f0xx_hal_pwr.c ****   /* Set SLEEPONEXIT bit of Cortex System Control Register */
 394:Drivers/STM32F0xx_HAL_Driver/Src/stm32f0xx_hal_pwr.c ****   SET_BIT(SCB->SCR, ((uint32_t)SCB_SCR_SLEEPONEXIT_Msk));
 429              		.loc 1 394 3 view .LVU80
 430 0000 0221     		movs	r1, #2
 395:Drivers/STM32F0xx_HAL_Driver/Src/stm32f0xx_hal_pwr.c **** }
 431              		.loc 1 395 1 is_stmt 0 view .LVU81
 432              		@ sp needed
 394:Drivers/STM32F0xx_HAL_Driver/Src/stm32f0xx_hal_pwr.c **** }
 433              		.loc 1 394 3 view .LVU82
 434 0002 024A     		ldr	r2, .L33
 435 0004 1369     		ldr	r3, [r2, #16]
 436 0006 0B43     		orrs	r3, r1
 437 0008 1361     		str	r3, [r2, #16]
 438              		.loc 1 395 1 view .LVU83
 439 000a 7047     		bx	lr
 440              	.L34:
 441              		.align	2
 442              	.L33:
 443 000c 00ED00E0 		.word	-536810240
 444              		.cfi_endproc
 445              	.LFE48:
 447              		.section	.text.HAL_PWR_DisableSleepOnExit,"ax",%progbits
 448              		.align	1
 449              		.p2align 2,,3
 450              		.global	HAL_PWR_DisableSleepOnExit
 451              		.syntax unified
 452              		.code	16
 453              		.thumb_func
 455              	HAL_PWR_DisableSleepOnExit:
 456              	.LFB49:
 396:Drivers/STM32F0xx_HAL_Driver/Src/stm32f0xx_hal_pwr.c **** 
 397:Drivers/STM32F0xx_HAL_Driver/Src/stm32f0xx_hal_pwr.c **** 
 398:Drivers/STM32F0xx_HAL_Driver/Src/stm32f0xx_hal_pwr.c **** /**
 399:Drivers/STM32F0xx_HAL_Driver/Src/stm32f0xx_hal_pwr.c ****   * @brief Disables Sleep-On-Exit feature when returning from Handler mode to Thread mode. 
 400:Drivers/STM32F0xx_HAL_Driver/Src/stm32f0xx_hal_pwr.c ****   * @note Clears SLEEPONEXIT bit of SCR register. When this bit is set, the processor 
 401:Drivers/STM32F0xx_HAL_Driver/Src/stm32f0xx_hal_pwr.c ****   *       re-enters SLEEP mode when an interruption handling is over.          
 402:Drivers/STM32F0xx_HAL_Driver/Src/stm32f0xx_hal_pwr.c ****   * @retval None
 403:Drivers/STM32F0xx_HAL_Driver/Src/stm32f0xx_hal_pwr.c ****   */
 404:Drivers/STM32F0xx_HAL_Driver/Src/stm32f0xx_hal_pwr.c **** void HAL_PWR_DisableSleepOnExit(void)
ARM GAS  C:\Users\rokko\AppData\Local\Temp\ccgG61yJ.s 			page 16


 405:Drivers/STM32F0xx_HAL_Driver/Src/stm32f0xx_hal_pwr.c **** {
 457              		.loc 1 405 1 is_stmt 1 view -0
 458              		.cfi_startproc
 459              		@ args = 0, pretend = 0, frame = 0
 460              		@ frame_needed = 0, uses_anonymous_args = 0
 461              		@ link register save eliminated.
 406:Drivers/STM32F0xx_HAL_Driver/Src/stm32f0xx_hal_pwr.c ****   /* Clear SLEEPONEXIT bit of Cortex System Control Register */
 407:Drivers/STM32F0xx_HAL_Driver/Src/stm32f0xx_hal_pwr.c ****   CLEAR_BIT(SCB->SCR, ((uint32_t)SCB_SCR_SLEEPONEXIT_Msk));
 462              		.loc 1 407 3 view .LVU85
 463 0000 0221     		movs	r1, #2
 408:Drivers/STM32F0xx_HAL_Driver/Src/stm32f0xx_hal_pwr.c **** }
 464              		.loc 1 408 1 is_stmt 0 view .LVU86
 465              		@ sp needed
 407:Drivers/STM32F0xx_HAL_Driver/Src/stm32f0xx_hal_pwr.c **** }
 466              		.loc 1 407 3 view .LVU87
 467 0002 024A     		ldr	r2, .L36
 468 0004 1369     		ldr	r3, [r2, #16]
 469 0006 8B43     		bics	r3, r1
 470 0008 1361     		str	r3, [r2, #16]
 471              		.loc 1 408 1 view .LVU88
 472 000a 7047     		bx	lr
 473              	.L37:
 474              		.align	2
 475              	.L36:
 476 000c 00ED00E0 		.word	-536810240
 477              		.cfi_endproc
 478              	.LFE49:
 480              		.section	.text.HAL_PWR_EnableSEVOnPend,"ax",%progbits
 481              		.align	1
 482              		.p2align 2,,3
 483              		.global	HAL_PWR_EnableSEVOnPend
 484              		.syntax unified
 485              		.code	16
 486              		.thumb_func
 488              	HAL_PWR_EnableSEVOnPend:
 489              	.LFB50:
 409:Drivers/STM32F0xx_HAL_Driver/Src/stm32f0xx_hal_pwr.c **** 
 410:Drivers/STM32F0xx_HAL_Driver/Src/stm32f0xx_hal_pwr.c **** 
 411:Drivers/STM32F0xx_HAL_Driver/Src/stm32f0xx_hal_pwr.c **** 
 412:Drivers/STM32F0xx_HAL_Driver/Src/stm32f0xx_hal_pwr.c **** /**
 413:Drivers/STM32F0xx_HAL_Driver/Src/stm32f0xx_hal_pwr.c ****   * @brief Enables CORTEX M4 SEVONPEND bit. 
 414:Drivers/STM32F0xx_HAL_Driver/Src/stm32f0xx_hal_pwr.c ****   * @note Sets SEVONPEND bit of SCR register. When this bit is set, this causes 
 415:Drivers/STM32F0xx_HAL_Driver/Src/stm32f0xx_hal_pwr.c ****   *       WFE to wake up when an interrupt moves from inactive to pended.
 416:Drivers/STM32F0xx_HAL_Driver/Src/stm32f0xx_hal_pwr.c ****   * @retval None
 417:Drivers/STM32F0xx_HAL_Driver/Src/stm32f0xx_hal_pwr.c ****   */
 418:Drivers/STM32F0xx_HAL_Driver/Src/stm32f0xx_hal_pwr.c **** void HAL_PWR_EnableSEVOnPend(void)
 419:Drivers/STM32F0xx_HAL_Driver/Src/stm32f0xx_hal_pwr.c **** {
 490              		.loc 1 419 1 is_stmt 1 view -0
 491              		.cfi_startproc
 492              		@ args = 0, pretend = 0, frame = 0
 493              		@ frame_needed = 0, uses_anonymous_args = 0
 494              		@ link register save eliminated.
 420:Drivers/STM32F0xx_HAL_Driver/Src/stm32f0xx_hal_pwr.c ****   /* Set SEVONPEND bit of Cortex System Control Register */
 421:Drivers/STM32F0xx_HAL_Driver/Src/stm32f0xx_hal_pwr.c ****   SET_BIT(SCB->SCR, ((uint32_t)SCB_SCR_SEVONPEND_Msk));
 495              		.loc 1 421 3 view .LVU90
 496 0000 1021     		movs	r1, #16
 422:Drivers/STM32F0xx_HAL_Driver/Src/stm32f0xx_hal_pwr.c **** }
ARM GAS  C:\Users\rokko\AppData\Local\Temp\ccgG61yJ.s 			page 17


 497              		.loc 1 422 1 is_stmt 0 view .LVU91
 498              		@ sp needed
 421:Drivers/STM32F0xx_HAL_Driver/Src/stm32f0xx_hal_pwr.c **** }
 499              		.loc 1 421 3 view .LVU92
 500 0002 024A     		ldr	r2, .L39
 501 0004 1369     		ldr	r3, [r2, #16]
 502 0006 0B43     		orrs	r3, r1
 503 0008 1361     		str	r3, [r2, #16]
 504              		.loc 1 422 1 view .LVU93
 505 000a 7047     		bx	lr
 506              	.L40:
 507              		.align	2
 508              	.L39:
 509 000c 00ED00E0 		.word	-536810240
 510              		.cfi_endproc
 511              	.LFE50:
 513              		.section	.text.HAL_PWR_DisableSEVOnPend,"ax",%progbits
 514              		.align	1
 515              		.p2align 2,,3
 516              		.global	HAL_PWR_DisableSEVOnPend
 517              		.syntax unified
 518              		.code	16
 519              		.thumb_func
 521              	HAL_PWR_DisableSEVOnPend:
 522              	.LFB51:
 423:Drivers/STM32F0xx_HAL_Driver/Src/stm32f0xx_hal_pwr.c **** 
 424:Drivers/STM32F0xx_HAL_Driver/Src/stm32f0xx_hal_pwr.c **** 
 425:Drivers/STM32F0xx_HAL_Driver/Src/stm32f0xx_hal_pwr.c **** /**
 426:Drivers/STM32F0xx_HAL_Driver/Src/stm32f0xx_hal_pwr.c ****   * @brief Disables CORTEX M4 SEVONPEND bit. 
 427:Drivers/STM32F0xx_HAL_Driver/Src/stm32f0xx_hal_pwr.c ****   * @note Clears SEVONPEND bit of SCR register. When this bit is set, this causes 
 428:Drivers/STM32F0xx_HAL_Driver/Src/stm32f0xx_hal_pwr.c ****   *       WFE to wake up when an interrupt moves from inactive to pended.         
 429:Drivers/STM32F0xx_HAL_Driver/Src/stm32f0xx_hal_pwr.c ****   * @retval None
 430:Drivers/STM32F0xx_HAL_Driver/Src/stm32f0xx_hal_pwr.c ****   */
 431:Drivers/STM32F0xx_HAL_Driver/Src/stm32f0xx_hal_pwr.c **** void HAL_PWR_DisableSEVOnPend(void)
 432:Drivers/STM32F0xx_HAL_Driver/Src/stm32f0xx_hal_pwr.c **** {
 523              		.loc 1 432 1 is_stmt 1 view -0
 524              		.cfi_startproc
 525              		@ args = 0, pretend = 0, frame = 0
 526              		@ frame_needed = 0, uses_anonymous_args = 0
 527              		@ link register save eliminated.
 433:Drivers/STM32F0xx_HAL_Driver/Src/stm32f0xx_hal_pwr.c ****   /* Clear SEVONPEND bit of Cortex System Control Register */
 434:Drivers/STM32F0xx_HAL_Driver/Src/stm32f0xx_hal_pwr.c ****   CLEAR_BIT(SCB->SCR, ((uint32_t)SCB_SCR_SEVONPEND_Msk));
 528              		.loc 1 434 3 view .LVU95
 529 0000 1021     		movs	r1, #16
 435:Drivers/STM32F0xx_HAL_Driver/Src/stm32f0xx_hal_pwr.c **** }
 530              		.loc 1 435 1 is_stmt 0 view .LVU96
 531              		@ sp needed
 434:Drivers/STM32F0xx_HAL_Driver/Src/stm32f0xx_hal_pwr.c **** }
 532              		.loc 1 434 3 view .LVU97
 533 0002 024A     		ldr	r2, .L42
 534 0004 1369     		ldr	r3, [r2, #16]
 535 0006 8B43     		bics	r3, r1
 536 0008 1361     		str	r3, [r2, #16]
 537              		.loc 1 435 1 view .LVU98
 538 000a 7047     		bx	lr
 539              	.L43:
 540              		.align	2
ARM GAS  C:\Users\rokko\AppData\Local\Temp\ccgG61yJ.s 			page 18


 541              	.L42:
 542 000c 00ED00E0 		.word	-536810240
 543              		.cfi_endproc
 544              	.LFE51:
 546              		.text
 547              	.Letext0:
 548              		.file 2 "c:\\users\\rokko\\appdata\\roaming\\code\\user\\globalstorage\\bmd.stm32-for-vscode\\@xpa
 549              		.file 3 "c:\\users\\rokko\\appdata\\roaming\\code\\user\\globalstorage\\bmd.stm32-for-vscode\\@xpa
 550              		.file 4 "Drivers/CMSIS/Include/core_cm0.h"
 551              		.file 5 "Drivers/CMSIS/Device/ST/STM32F0xx/Include/stm32f030x6.h"
ARM GAS  C:\Users\rokko\AppData\Local\Temp\ccgG61yJ.s 			page 19


DEFINED SYMBOLS
                            *ABS*:0000000000000000 stm32f0xx_hal_pwr.c
C:\Users\rokko\AppData\Local\Temp\ccgG61yJ.s:18     .text.HAL_PWR_DeInit:0000000000000000 $t
C:\Users\rokko\AppData\Local\Temp\ccgG61yJ.s:25     .text.HAL_PWR_DeInit:0000000000000000 HAL_PWR_DeInit
C:\Users\rokko\AppData\Local\Temp\ccgG61yJ.s:53     .text.HAL_PWR_DeInit:0000000000000018 $d
C:\Users\rokko\AppData\Local\Temp\ccgG61yJ.s:59     .text.HAL_PWR_EnableBkUpAccess:0000000000000000 $t
C:\Users\rokko\AppData\Local\Temp\ccgG61yJ.s:66     .text.HAL_PWR_EnableBkUpAccess:0000000000000000 HAL_PWR_EnableBkUpAccess
C:\Users\rokko\AppData\Local\Temp\ccgG61yJ.s:89     .text.HAL_PWR_EnableBkUpAccess:0000000000000010 $d
C:\Users\rokko\AppData\Local\Temp\ccgG61yJ.s:94     .text.HAL_PWR_DisableBkUpAccess:0000000000000000 $t
C:\Users\rokko\AppData\Local\Temp\ccgG61yJ.s:101    .text.HAL_PWR_DisableBkUpAccess:0000000000000000 HAL_PWR_DisableBkUpAccess
C:\Users\rokko\AppData\Local\Temp\ccgG61yJ.s:123    .text.HAL_PWR_DisableBkUpAccess:000000000000000c $d
C:\Users\rokko\AppData\Local\Temp\ccgG61yJ.s:129    .text.HAL_PWR_EnableWakeUpPin:0000000000000000 $t
C:\Users\rokko\AppData\Local\Temp\ccgG61yJ.s:136    .text.HAL_PWR_EnableWakeUpPin:0000000000000000 HAL_PWR_EnableWakeUpPin
C:\Users\rokko\AppData\Local\Temp\ccgG61yJ.s:158    .text.HAL_PWR_EnableWakeUpPin:000000000000000c $d
C:\Users\rokko\AppData\Local\Temp\ccgG61yJ.s:163    .text.HAL_PWR_DisableWakeUpPin:0000000000000000 $t
C:\Users\rokko\AppData\Local\Temp\ccgG61yJ.s:170    .text.HAL_PWR_DisableWakeUpPin:0000000000000000 HAL_PWR_DisableWakeUpPin
C:\Users\rokko\AppData\Local\Temp\ccgG61yJ.s:192    .text.HAL_PWR_DisableWakeUpPin:000000000000000c $d
C:\Users\rokko\AppData\Local\Temp\ccgG61yJ.s:197    .text.HAL_PWR_EnterSLEEPMode:0000000000000000 $t
C:\Users\rokko\AppData\Local\Temp\ccgG61yJ.s:204    .text.HAL_PWR_EnterSLEEPMode:0000000000000000 HAL_PWR_EnterSLEEPMode
C:\Users\rokko\AppData\Local\Temp\ccgG61yJ.s:258    .text.HAL_PWR_EnterSLEEPMode:000000000000001c $d
C:\Users\rokko\AppData\Local\Temp\ccgG61yJ.s:263    .text.HAL_PWR_EnterSTOPMode:0000000000000000 $t
C:\Users\rokko\AppData\Local\Temp\ccgG61yJ.s:270    .text.HAL_PWR_EnterSTOPMode:0000000000000000 HAL_PWR_EnterSTOPMode
C:\Users\rokko\AppData\Local\Temp\ccgG61yJ.s:362    .text.HAL_PWR_EnterSTOPMode:0000000000000034 $d
C:\Users\rokko\AppData\Local\Temp\ccgG61yJ.s:368    .text.HAL_PWR_EnterSTANDBYMode:0000000000000000 $t
C:\Users\rokko\AppData\Local\Temp\ccgG61yJ.s:375    .text.HAL_PWR_EnterSTANDBYMode:0000000000000000 HAL_PWR_EnterSTANDBYMode
C:\Users\rokko\AppData\Local\Temp\ccgG61yJ.s:409    .text.HAL_PWR_EnterSTANDBYMode:0000000000000018 $d
C:\Users\rokko\AppData\Local\Temp\ccgG61yJ.s:415    .text.HAL_PWR_EnableSleepOnExit:0000000000000000 $t
C:\Users\rokko\AppData\Local\Temp\ccgG61yJ.s:422    .text.HAL_PWR_EnableSleepOnExit:0000000000000000 HAL_PWR_EnableSleepOnExit
C:\Users\rokko\AppData\Local\Temp\ccgG61yJ.s:443    .text.HAL_PWR_EnableSleepOnExit:000000000000000c $d
C:\Users\rokko\AppData\Local\Temp\ccgG61yJ.s:448    .text.HAL_PWR_DisableSleepOnExit:0000000000000000 $t
C:\Users\rokko\AppData\Local\Temp\ccgG61yJ.s:455    .text.HAL_PWR_DisableSleepOnExit:0000000000000000 HAL_PWR_DisableSleepOnExit
C:\Users\rokko\AppData\Local\Temp\ccgG61yJ.s:476    .text.HAL_PWR_DisableSleepOnExit:000000000000000c $d
C:\Users\rokko\AppData\Local\Temp\ccgG61yJ.s:481    .text.HAL_PWR_EnableSEVOnPend:0000000000000000 $t
C:\Users\rokko\AppData\Local\Temp\ccgG61yJ.s:488    .text.HAL_PWR_EnableSEVOnPend:0000000000000000 HAL_PWR_EnableSEVOnPend
C:\Users\rokko\AppData\Local\Temp\ccgG61yJ.s:509    .text.HAL_PWR_EnableSEVOnPend:000000000000000c $d
C:\Users\rokko\AppData\Local\Temp\ccgG61yJ.s:514    .text.HAL_PWR_DisableSEVOnPend:0000000000000000 $t
C:\Users\rokko\AppData\Local\Temp\ccgG61yJ.s:521    .text.HAL_PWR_DisableSEVOnPend:0000000000000000 HAL_PWR_DisableSEVOnPend
C:\Users\rokko\AppData\Local\Temp\ccgG61yJ.s:542    .text.HAL_PWR_DisableSEVOnPend:000000000000000c $d

NO UNDEFINED SYMBOLS
