ARM GAS  C:\Users\rokko\AppData\Local\Temp\ccVujDHa.s 			page 1


   1              		.cpu cortex-m0
   2              		.arch armv6s-m
   3              		.fpu softvfp
   4              		.eabi_attribute 20, 1
   5              		.eabi_attribute 21, 1
   6              		.eabi_attribute 23, 3
   7              		.eabi_attribute 24, 1
   8              		.eabi_attribute 25, 1
   9              		.eabi_attribute 26, 1
  10              		.eabi_attribute 30, 2
  11              		.eabi_attribute 34, 0
  12              		.eabi_attribute 18, 4
  13              		.file	"stm32f0xx_hal_msp.c"
  14              		.text
  15              	.Ltext0:
  16              		.cfi_sections	.debug_frame
  17              		.section	.text.HAL_MspInit,"ax",%progbits
  18              		.align	1
  19              		.p2align 2,,3
  20              		.global	HAL_MspInit
  21              		.syntax unified
  22              		.code	16
  23              		.thumb_func
  25              	HAL_MspInit:
  26              	.LFB40:
  27              		.file 1 "Src/stm32f0xx_hal_msp.c"
   1:Src/stm32f0xx_hal_msp.c **** /* USER CODE BEGIN Header */
   2:Src/stm32f0xx_hal_msp.c **** /**
   3:Src/stm32f0xx_hal_msp.c ****   ******************************************************************************
   4:Src/stm32f0xx_hal_msp.c ****   * @file         stm32f0xx_hal_msp.c
   5:Src/stm32f0xx_hal_msp.c ****   * @brief        This file provides code for the MSP Initialization
   6:Src/stm32f0xx_hal_msp.c ****   *               and de-Initialization codes.
   7:Src/stm32f0xx_hal_msp.c ****   ******************************************************************************
   8:Src/stm32f0xx_hal_msp.c ****   * @attention
   9:Src/stm32f0xx_hal_msp.c ****   *
  10:Src/stm32f0xx_hal_msp.c ****   * <h2><center>&copy; Copyright (c) 2022 STMicroelectronics.
  11:Src/stm32f0xx_hal_msp.c ****   * All rights reserved.</center></h2>
  12:Src/stm32f0xx_hal_msp.c ****   *
  13:Src/stm32f0xx_hal_msp.c ****   * This software component is licensed by ST under BSD 3-Clause license,
  14:Src/stm32f0xx_hal_msp.c ****   * the "License"; You may not use this file except in compliance with the
  15:Src/stm32f0xx_hal_msp.c ****   * License. You may obtain a copy of the License at:
  16:Src/stm32f0xx_hal_msp.c ****   *                        opensource.org/licenses/BSD-3-Clause
  17:Src/stm32f0xx_hal_msp.c ****   *
  18:Src/stm32f0xx_hal_msp.c ****   ******************************************************************************
  19:Src/stm32f0xx_hal_msp.c ****   */
  20:Src/stm32f0xx_hal_msp.c **** /* USER CODE END Header */
  21:Src/stm32f0xx_hal_msp.c **** 
  22:Src/stm32f0xx_hal_msp.c **** /* Includes ------------------------------------------------------------------*/
  23:Src/stm32f0xx_hal_msp.c **** #include "main.h"
  24:Src/stm32f0xx_hal_msp.c **** /* USER CODE BEGIN Includes */
  25:Src/stm32f0xx_hal_msp.c **** 
  26:Src/stm32f0xx_hal_msp.c **** /* USER CODE END Includes */
  27:Src/stm32f0xx_hal_msp.c **** 
  28:Src/stm32f0xx_hal_msp.c **** /* Private typedef -----------------------------------------------------------*/
  29:Src/stm32f0xx_hal_msp.c **** /* USER CODE BEGIN TD */
  30:Src/stm32f0xx_hal_msp.c **** 
  31:Src/stm32f0xx_hal_msp.c **** /* USER CODE END TD */
ARM GAS  C:\Users\rokko\AppData\Local\Temp\ccVujDHa.s 			page 2


  32:Src/stm32f0xx_hal_msp.c **** 
  33:Src/stm32f0xx_hal_msp.c **** /* Private define ------------------------------------------------------------*/
  34:Src/stm32f0xx_hal_msp.c **** /* USER CODE BEGIN Define */
  35:Src/stm32f0xx_hal_msp.c **** 
  36:Src/stm32f0xx_hal_msp.c **** /* USER CODE END Define */
  37:Src/stm32f0xx_hal_msp.c **** 
  38:Src/stm32f0xx_hal_msp.c **** /* Private macro -------------------------------------------------------------*/
  39:Src/stm32f0xx_hal_msp.c **** /* USER CODE BEGIN Macro */
  40:Src/stm32f0xx_hal_msp.c **** 
  41:Src/stm32f0xx_hal_msp.c **** /* USER CODE END Macro */
  42:Src/stm32f0xx_hal_msp.c **** 
  43:Src/stm32f0xx_hal_msp.c **** /* Private variables ---------------------------------------------------------*/
  44:Src/stm32f0xx_hal_msp.c **** /* USER CODE BEGIN PV */
  45:Src/stm32f0xx_hal_msp.c **** 
  46:Src/stm32f0xx_hal_msp.c **** /* USER CODE END PV */
  47:Src/stm32f0xx_hal_msp.c **** 
  48:Src/stm32f0xx_hal_msp.c **** /* Private function prototypes -----------------------------------------------*/
  49:Src/stm32f0xx_hal_msp.c **** /* USER CODE BEGIN PFP */
  50:Src/stm32f0xx_hal_msp.c **** 
  51:Src/stm32f0xx_hal_msp.c **** /* USER CODE END PFP */
  52:Src/stm32f0xx_hal_msp.c **** 
  53:Src/stm32f0xx_hal_msp.c **** /* External functions --------------------------------------------------------*/
  54:Src/stm32f0xx_hal_msp.c **** /* USER CODE BEGIN ExternalFunctions */
  55:Src/stm32f0xx_hal_msp.c **** 
  56:Src/stm32f0xx_hal_msp.c **** /* USER CODE END ExternalFunctions */
  57:Src/stm32f0xx_hal_msp.c **** 
  58:Src/stm32f0xx_hal_msp.c **** /* USER CODE BEGIN 0 */
  59:Src/stm32f0xx_hal_msp.c **** 
  60:Src/stm32f0xx_hal_msp.c **** /* USER CODE END 0 */
  61:Src/stm32f0xx_hal_msp.c **** /**
  62:Src/stm32f0xx_hal_msp.c ****   * Initializes the Global MSP.
  63:Src/stm32f0xx_hal_msp.c ****   */
  64:Src/stm32f0xx_hal_msp.c **** void HAL_MspInit(void)
  65:Src/stm32f0xx_hal_msp.c **** {
  28              		.loc 1 65 1 view -0
  29              		.cfi_startproc
  30              		@ args = 0, pretend = 0, frame = 8
  31              		@ frame_needed = 0, uses_anonymous_args = 0
  32              		@ link register save eliminated.
  66:Src/stm32f0xx_hal_msp.c ****   /* USER CODE BEGIN MspInit 0 */
  67:Src/stm32f0xx_hal_msp.c **** 
  68:Src/stm32f0xx_hal_msp.c ****   /* USER CODE END MspInit 0 */
  69:Src/stm32f0xx_hal_msp.c **** 
  70:Src/stm32f0xx_hal_msp.c ****   __HAL_RCC_SYSCFG_CLK_ENABLE();
  33              		.loc 1 70 3 view .LVU1
  34              	.LBB2:
  35              		.loc 1 70 3 view .LVU2
  36              		.loc 1 70 3 view .LVU3
  37 0000 0122     		movs	r2, #1
  38 0002 0A4B     		ldr	r3, .L3
  39              	.LBE2:
  65:Src/stm32f0xx_hal_msp.c ****   /* USER CODE BEGIN MspInit 0 */
  40              		.loc 1 65 1 is_stmt 0 view .LVU4
  41 0004 82B0     		sub	sp, sp, #8
  42              	.LCFI0:
  43              		.cfi_def_cfa_offset 8
  44              	.LBB3:
ARM GAS  C:\Users\rokko\AppData\Local\Temp\ccVujDHa.s 			page 3


  45              		.loc 1 70 3 view .LVU5
  46 0006 9969     		ldr	r1, [r3, #24]
  47 0008 1143     		orrs	r1, r2
  48 000a 9961     		str	r1, [r3, #24]
  49              		.loc 1 70 3 is_stmt 1 view .LVU6
  50 000c 9969     		ldr	r1, [r3, #24]
  51 000e 0A40     		ands	r2, r1
  52              	.LBE3:
  53              	.LBB4:
  71:Src/stm32f0xx_hal_msp.c ****   __HAL_RCC_PWR_CLK_ENABLE();
  54              		.loc 1 71 3 is_stmt 0 view .LVU7
  55 0010 8021     		movs	r1, #128
  56              	.LBE4:
  57              	.LBB5:
  70:Src/stm32f0xx_hal_msp.c ****   __HAL_RCC_PWR_CLK_ENABLE();
  58              		.loc 1 70 3 view .LVU8
  59 0012 0092     		str	r2, [sp]
  70:Src/stm32f0xx_hal_msp.c ****   __HAL_RCC_PWR_CLK_ENABLE();
  60              		.loc 1 70 3 is_stmt 1 view .LVU9
  61 0014 009A     		ldr	r2, [sp]
  62              	.LBE5:
  70:Src/stm32f0xx_hal_msp.c ****   __HAL_RCC_PWR_CLK_ENABLE();
  63              		.loc 1 70 3 view .LVU10
  64              		.loc 1 71 3 view .LVU11
  65              	.LBB6:
  66              		.loc 1 71 3 view .LVU12
  67              		.loc 1 71 3 view .LVU13
  68 0016 DA69     		ldr	r2, [r3, #28]
  69 0018 4905     		lsls	r1, r1, #21
  70 001a 0A43     		orrs	r2, r1
  71 001c DA61     		str	r2, [r3, #28]
  72              		.loc 1 71 3 view .LVU14
  73 001e DB69     		ldr	r3, [r3, #28]
  74 0020 0B40     		ands	r3, r1
  75 0022 0193     		str	r3, [sp, #4]
  76              		.loc 1 71 3 view .LVU15
  77 0024 019B     		ldr	r3, [sp, #4]
  78              	.LBE6:
  79              		.loc 1 71 3 view .LVU16
  72:Src/stm32f0xx_hal_msp.c **** 
  73:Src/stm32f0xx_hal_msp.c ****   /* System interrupt init*/
  74:Src/stm32f0xx_hal_msp.c **** 
  75:Src/stm32f0xx_hal_msp.c ****   /* USER CODE BEGIN MspInit 1 */
  76:Src/stm32f0xx_hal_msp.c **** 
  77:Src/stm32f0xx_hal_msp.c ****   /* USER CODE END MspInit 1 */
  78:Src/stm32f0xx_hal_msp.c **** }
  80              		.loc 1 78 1 is_stmt 0 view .LVU17
  81 0026 02B0     		add	sp, sp, #8
  82              		@ sp needed
  83 0028 7047     		bx	lr
  84              	.L4:
  85 002a C046     		.align	2
  86              	.L3:
  87 002c 00100240 		.word	1073876992
  88              		.cfi_endproc
  89              	.LFE40:
  91              		.text
ARM GAS  C:\Users\rokko\AppData\Local\Temp\ccVujDHa.s 			page 4


  92              	.Letext0:
  93              		.file 2 "c:\\users\\rokko\\appdata\\roaming\\code\\user\\globalstorage\\bmd.stm32-for-vscode\\@xpa
  94              		.file 3 "c:\\users\\rokko\\appdata\\roaming\\code\\user\\globalstorage\\bmd.stm32-for-vscode\\@xpa
  95              		.file 4 "Drivers/CMSIS/Device/ST/STM32F0xx/Include/stm32f030x6.h"
ARM GAS  C:\Users\rokko\AppData\Local\Temp\ccVujDHa.s 			page 5


DEFINED SYMBOLS
                            *ABS*:0000000000000000 stm32f0xx_hal_msp.c
C:\Users\rokko\AppData\Local\Temp\ccVujDHa.s:18     .text.HAL_MspInit:0000000000000000 $t
C:\Users\rokko\AppData\Local\Temp\ccVujDHa.s:25     .text.HAL_MspInit:0000000000000000 HAL_MspInit
C:\Users\rokko\AppData\Local\Temp\ccVujDHa.s:87     .text.HAL_MspInit:000000000000002c $d

NO UNDEFINED SYMBOLS
