ARM GAS  C:\Users\rokko\AppData\Local\Temp\cckMNd8l.s 			page 1


   1              		.cpu cortex-m0
   2              		.arch armv6s-m
   3              		.fpu softvfp
   4              		.eabi_attribute 20, 1
   5              		.eabi_attribute 21, 1
   6              		.eabi_attribute 23, 3
   7              		.eabi_attribute 24, 1
   8              		.eabi_attribute 25, 1
   9              		.eabi_attribute 26, 1
  10              		.eabi_attribute 30, 2
  11              		.eabi_attribute 34, 0
  12              		.eabi_attribute 18, 4
  13              		.file	"stm32f0xx_hal.c"
  14              		.text
  15              	.Ltext0:
  16              		.cfi_sections	.debug_frame
  17              		.section	.text.HAL_MspInit,"ax",%progbits
  18              		.align	1
  19              		.p2align 2,,3
  20              		.weak	HAL_MspInit
  21              		.syntax unified
  22              		.code	16
  23              		.thumb_func
  25              	HAL_MspInit:
  26              	.LFB42:
  27              		.file 1 "Drivers/STM32F0xx_HAL_Driver/Src/stm32f0xx_hal.c"
   1:Drivers/STM32F0xx_HAL_Driver/Src/stm32f0xx_hal.c **** /**
   2:Drivers/STM32F0xx_HAL_Driver/Src/stm32f0xx_hal.c ****   ******************************************************************************
   3:Drivers/STM32F0xx_HAL_Driver/Src/stm32f0xx_hal.c ****   * @file    stm32f0xx_hal.c
   4:Drivers/STM32F0xx_HAL_Driver/Src/stm32f0xx_hal.c ****   * @author  MCD Application Team
   5:Drivers/STM32F0xx_HAL_Driver/Src/stm32f0xx_hal.c ****   * @brief   HAL module driver.
   6:Drivers/STM32F0xx_HAL_Driver/Src/stm32f0xx_hal.c ****   *          This is the common part of the HAL initialization
   7:Drivers/STM32F0xx_HAL_Driver/Src/stm32f0xx_hal.c ****   *
   8:Drivers/STM32F0xx_HAL_Driver/Src/stm32f0xx_hal.c ****   @verbatim
   9:Drivers/STM32F0xx_HAL_Driver/Src/stm32f0xx_hal.c ****   ==============================================================================
  10:Drivers/STM32F0xx_HAL_Driver/Src/stm32f0xx_hal.c ****                      ##### How to use this driver #####
  11:Drivers/STM32F0xx_HAL_Driver/Src/stm32f0xx_hal.c ****   ==============================================================================
  12:Drivers/STM32F0xx_HAL_Driver/Src/stm32f0xx_hal.c ****     [..]
  13:Drivers/STM32F0xx_HAL_Driver/Src/stm32f0xx_hal.c ****     The common HAL driver contains a set of generic and common APIs that can be
  14:Drivers/STM32F0xx_HAL_Driver/Src/stm32f0xx_hal.c ****     used by the PPP peripheral drivers and the user to start using the HAL. 
  15:Drivers/STM32F0xx_HAL_Driver/Src/stm32f0xx_hal.c ****     [..]
  16:Drivers/STM32F0xx_HAL_Driver/Src/stm32f0xx_hal.c ****     The HAL contains two APIs categories:
  17:Drivers/STM32F0xx_HAL_Driver/Src/stm32f0xx_hal.c ****          (+) HAL Initialization and de-initialization functions
  18:Drivers/STM32F0xx_HAL_Driver/Src/stm32f0xx_hal.c ****          (+) HAL Control functions
  19:Drivers/STM32F0xx_HAL_Driver/Src/stm32f0xx_hal.c **** 
  20:Drivers/STM32F0xx_HAL_Driver/Src/stm32f0xx_hal.c ****   @endverbatim
  21:Drivers/STM32F0xx_HAL_Driver/Src/stm32f0xx_hal.c ****   ******************************************************************************
  22:Drivers/STM32F0xx_HAL_Driver/Src/stm32f0xx_hal.c ****   * @attention
  23:Drivers/STM32F0xx_HAL_Driver/Src/stm32f0xx_hal.c ****   *
  24:Drivers/STM32F0xx_HAL_Driver/Src/stm32f0xx_hal.c ****   * <h2><center>&copy; Copyright (c) 2016 STMicroelectronics.
  25:Drivers/STM32F0xx_HAL_Driver/Src/stm32f0xx_hal.c ****   * All rights reserved.</center></h2>
  26:Drivers/STM32F0xx_HAL_Driver/Src/stm32f0xx_hal.c ****   *
  27:Drivers/STM32F0xx_HAL_Driver/Src/stm32f0xx_hal.c ****   * This software component is licensed by ST under BSD 3-Clause license,
  28:Drivers/STM32F0xx_HAL_Driver/Src/stm32f0xx_hal.c ****   * the "License"; You may not use this file except in compliance with the
  29:Drivers/STM32F0xx_HAL_Driver/Src/stm32f0xx_hal.c ****   * License. You may obtain a copy of the License at:
  30:Drivers/STM32F0xx_HAL_Driver/Src/stm32f0xx_hal.c ****   *                        opensource.org/licenses/BSD-3-Clause
  31:Drivers/STM32F0xx_HAL_Driver/Src/stm32f0xx_hal.c ****   *
ARM GAS  C:\Users\rokko\AppData\Local\Temp\cckMNd8l.s 			page 2


  32:Drivers/STM32F0xx_HAL_Driver/Src/stm32f0xx_hal.c ****   ******************************************************************************
  33:Drivers/STM32F0xx_HAL_Driver/Src/stm32f0xx_hal.c ****   */
  34:Drivers/STM32F0xx_HAL_Driver/Src/stm32f0xx_hal.c **** 
  35:Drivers/STM32F0xx_HAL_Driver/Src/stm32f0xx_hal.c **** /* Includes ------------------------------------------------------------------*/
  36:Drivers/STM32F0xx_HAL_Driver/Src/stm32f0xx_hal.c **** #include "stm32f0xx_hal.h"
  37:Drivers/STM32F0xx_HAL_Driver/Src/stm32f0xx_hal.c **** 
  38:Drivers/STM32F0xx_HAL_Driver/Src/stm32f0xx_hal.c **** /** @addtogroup STM32F0xx_HAL_Driver
  39:Drivers/STM32F0xx_HAL_Driver/Src/stm32f0xx_hal.c ****   * @{
  40:Drivers/STM32F0xx_HAL_Driver/Src/stm32f0xx_hal.c ****   */
  41:Drivers/STM32F0xx_HAL_Driver/Src/stm32f0xx_hal.c **** 
  42:Drivers/STM32F0xx_HAL_Driver/Src/stm32f0xx_hal.c **** /** @defgroup HAL HAL
  43:Drivers/STM32F0xx_HAL_Driver/Src/stm32f0xx_hal.c ****   * @brief HAL module driver.
  44:Drivers/STM32F0xx_HAL_Driver/Src/stm32f0xx_hal.c ****   * @{
  45:Drivers/STM32F0xx_HAL_Driver/Src/stm32f0xx_hal.c ****   */
  46:Drivers/STM32F0xx_HAL_Driver/Src/stm32f0xx_hal.c **** 
  47:Drivers/STM32F0xx_HAL_Driver/Src/stm32f0xx_hal.c **** #ifdef HAL_MODULE_ENABLED
  48:Drivers/STM32F0xx_HAL_Driver/Src/stm32f0xx_hal.c **** 
  49:Drivers/STM32F0xx_HAL_Driver/Src/stm32f0xx_hal.c **** /* Private typedef -----------------------------------------------------------*/
  50:Drivers/STM32F0xx_HAL_Driver/Src/stm32f0xx_hal.c **** /* Private define ------------------------------------------------------------*/
  51:Drivers/STM32F0xx_HAL_Driver/Src/stm32f0xx_hal.c **** /** @defgroup HAL_Private_Constants HAL Private Constants
  52:Drivers/STM32F0xx_HAL_Driver/Src/stm32f0xx_hal.c ****   * @{
  53:Drivers/STM32F0xx_HAL_Driver/Src/stm32f0xx_hal.c ****   */
  54:Drivers/STM32F0xx_HAL_Driver/Src/stm32f0xx_hal.c **** /** 
  55:Drivers/STM32F0xx_HAL_Driver/Src/stm32f0xx_hal.c ****   * @brief STM32F0xx HAL Driver version number V1.7.6
  56:Drivers/STM32F0xx_HAL_Driver/Src/stm32f0xx_hal.c ****   */
  57:Drivers/STM32F0xx_HAL_Driver/Src/stm32f0xx_hal.c **** #define __STM32F0xx_HAL_VERSION_MAIN   (0x01U) /*!< [31:24] main version */
  58:Drivers/STM32F0xx_HAL_Driver/Src/stm32f0xx_hal.c **** #define __STM32F0xx_HAL_VERSION_SUB1   (0x07U) /*!< [23:16] sub1 version */
  59:Drivers/STM32F0xx_HAL_Driver/Src/stm32f0xx_hal.c **** #define __STM32F0xx_HAL_VERSION_SUB2   (0x06U) /*!< [15:8]  sub2 version */
  60:Drivers/STM32F0xx_HAL_Driver/Src/stm32f0xx_hal.c **** #define __STM32F0xx_HAL_VERSION_RC     (0x00U) /*!< [7:0]  release candidate */ 
  61:Drivers/STM32F0xx_HAL_Driver/Src/stm32f0xx_hal.c **** #define __STM32F0xx_HAL_VERSION         ((__STM32F0xx_HAL_VERSION_MAIN << 24U)\
  62:Drivers/STM32F0xx_HAL_Driver/Src/stm32f0xx_hal.c ****                                         |(__STM32F0xx_HAL_VERSION_SUB1 << 16U)\
  63:Drivers/STM32F0xx_HAL_Driver/Src/stm32f0xx_hal.c ****                                         |(__STM32F0xx_HAL_VERSION_SUB2 << 8U )\
  64:Drivers/STM32F0xx_HAL_Driver/Src/stm32f0xx_hal.c ****                                         |(__STM32F0xx_HAL_VERSION_RC))
  65:Drivers/STM32F0xx_HAL_Driver/Src/stm32f0xx_hal.c **** 
  66:Drivers/STM32F0xx_HAL_Driver/Src/stm32f0xx_hal.c **** #define IDCODE_DEVID_MASK    (0x00000FFFU)
  67:Drivers/STM32F0xx_HAL_Driver/Src/stm32f0xx_hal.c **** /**
  68:Drivers/STM32F0xx_HAL_Driver/Src/stm32f0xx_hal.c ****   * @}
  69:Drivers/STM32F0xx_HAL_Driver/Src/stm32f0xx_hal.c ****   */
  70:Drivers/STM32F0xx_HAL_Driver/Src/stm32f0xx_hal.c **** 
  71:Drivers/STM32F0xx_HAL_Driver/Src/stm32f0xx_hal.c **** /* Private macro -------------------------------------------------------------*/
  72:Drivers/STM32F0xx_HAL_Driver/Src/stm32f0xx_hal.c **** /** @defgroup HAL_Private_Macros HAL Private Macros
  73:Drivers/STM32F0xx_HAL_Driver/Src/stm32f0xx_hal.c ****   * @{
  74:Drivers/STM32F0xx_HAL_Driver/Src/stm32f0xx_hal.c ****   */
  75:Drivers/STM32F0xx_HAL_Driver/Src/stm32f0xx_hal.c **** /**
  76:Drivers/STM32F0xx_HAL_Driver/Src/stm32f0xx_hal.c ****   * @}
  77:Drivers/STM32F0xx_HAL_Driver/Src/stm32f0xx_hal.c ****   */
  78:Drivers/STM32F0xx_HAL_Driver/Src/stm32f0xx_hal.c **** 
  79:Drivers/STM32F0xx_HAL_Driver/Src/stm32f0xx_hal.c **** /* Exported variables ---------------------------------------------------------*/
  80:Drivers/STM32F0xx_HAL_Driver/Src/stm32f0xx_hal.c **** /** @defgroup HAL_Private_Variables HAL Exported Variables
  81:Drivers/STM32F0xx_HAL_Driver/Src/stm32f0xx_hal.c ****   * @{
  82:Drivers/STM32F0xx_HAL_Driver/Src/stm32f0xx_hal.c ****   */
  83:Drivers/STM32F0xx_HAL_Driver/Src/stm32f0xx_hal.c **** __IO uint32_t uwTick;
  84:Drivers/STM32F0xx_HAL_Driver/Src/stm32f0xx_hal.c **** uint32_t uwTickPrio   = (1UL << __NVIC_PRIO_BITS); /* Invalid PRIO */
  85:Drivers/STM32F0xx_HAL_Driver/Src/stm32f0xx_hal.c **** HAL_TickFreqTypeDef uwTickFreq = HAL_TICK_FREQ_DEFAULT;  /* 1KHz */
  86:Drivers/STM32F0xx_HAL_Driver/Src/stm32f0xx_hal.c **** /**
  87:Drivers/STM32F0xx_HAL_Driver/Src/stm32f0xx_hal.c ****   * @}
  88:Drivers/STM32F0xx_HAL_Driver/Src/stm32f0xx_hal.c ****   */
ARM GAS  C:\Users\rokko\AppData\Local\Temp\cckMNd8l.s 			page 3


  89:Drivers/STM32F0xx_HAL_Driver/Src/stm32f0xx_hal.c **** /* Private function prototypes -----------------------------------------------*/
  90:Drivers/STM32F0xx_HAL_Driver/Src/stm32f0xx_hal.c **** /* Exported functions ---------------------------------------------------------*/
  91:Drivers/STM32F0xx_HAL_Driver/Src/stm32f0xx_hal.c **** 
  92:Drivers/STM32F0xx_HAL_Driver/Src/stm32f0xx_hal.c **** /** @defgroup HAL_Exported_Functions HAL Exported Functions
  93:Drivers/STM32F0xx_HAL_Driver/Src/stm32f0xx_hal.c ****   * @{
  94:Drivers/STM32F0xx_HAL_Driver/Src/stm32f0xx_hal.c ****   */
  95:Drivers/STM32F0xx_HAL_Driver/Src/stm32f0xx_hal.c **** 
  96:Drivers/STM32F0xx_HAL_Driver/Src/stm32f0xx_hal.c **** /** @defgroup HAL_Exported_Functions_Group1 Initialization and de-initialization Functions 
  97:Drivers/STM32F0xx_HAL_Driver/Src/stm32f0xx_hal.c ****   * @brief    Initialization and de-initialization functions
  98:Drivers/STM32F0xx_HAL_Driver/Src/stm32f0xx_hal.c ****   *
  99:Drivers/STM32F0xx_HAL_Driver/Src/stm32f0xx_hal.c **** @verbatim
 100:Drivers/STM32F0xx_HAL_Driver/Src/stm32f0xx_hal.c ****  ===============================================================================
 101:Drivers/STM32F0xx_HAL_Driver/Src/stm32f0xx_hal.c ****               ##### Initialization and de-initialization functions #####
 102:Drivers/STM32F0xx_HAL_Driver/Src/stm32f0xx_hal.c ****  ===============================================================================
 103:Drivers/STM32F0xx_HAL_Driver/Src/stm32f0xx_hal.c ****    [..]  This section provides functions allowing to:
 104:Drivers/STM32F0xx_HAL_Driver/Src/stm32f0xx_hal.c ****       (+) Initializes the Flash interface, the NVIC allocation and initial clock 
 105:Drivers/STM32F0xx_HAL_Driver/Src/stm32f0xx_hal.c ****           configuration. It initializes the systick also when timeout is needed
 106:Drivers/STM32F0xx_HAL_Driver/Src/stm32f0xx_hal.c ****           and the backup domain when enabled.
 107:Drivers/STM32F0xx_HAL_Driver/Src/stm32f0xx_hal.c ****       (+) de-Initializes common part of the HAL.
 108:Drivers/STM32F0xx_HAL_Driver/Src/stm32f0xx_hal.c ****       (+) Configure The time base source to have 1ms time base with a dedicated
 109:Drivers/STM32F0xx_HAL_Driver/Src/stm32f0xx_hal.c ****           Tick interrupt priority.
 110:Drivers/STM32F0xx_HAL_Driver/Src/stm32f0xx_hal.c ****         (++) SysTick timer is used by default as source of time base, but user
 111:Drivers/STM32F0xx_HAL_Driver/Src/stm32f0xx_hal.c ****              can eventually implement his proper time base source (a general purpose 
 112:Drivers/STM32F0xx_HAL_Driver/Src/stm32f0xx_hal.c ****              timer for example or other time source), keeping in mind that Time base 
 113:Drivers/STM32F0xx_HAL_Driver/Src/stm32f0xx_hal.c ****              duration should be kept 1ms since PPP_TIMEOUT_VALUEs are defined and 
 114:Drivers/STM32F0xx_HAL_Driver/Src/stm32f0xx_hal.c ****              handled in milliseconds basis.
 115:Drivers/STM32F0xx_HAL_Driver/Src/stm32f0xx_hal.c ****         (++) Time base configuration function (HAL_InitTick ()) is called automatically 
 116:Drivers/STM32F0xx_HAL_Driver/Src/stm32f0xx_hal.c ****              at the beginning of the program after reset by HAL_Init() or at any time 
 117:Drivers/STM32F0xx_HAL_Driver/Src/stm32f0xx_hal.c ****              when clock is configured, by HAL_RCC_ClockConfig(). 
 118:Drivers/STM32F0xx_HAL_Driver/Src/stm32f0xx_hal.c ****         (++) Source of time base is configured  to generate interrupts at regular 
 119:Drivers/STM32F0xx_HAL_Driver/Src/stm32f0xx_hal.c ****              time intervals. Care must be taken if HAL_Delay() is called from a 
 120:Drivers/STM32F0xx_HAL_Driver/Src/stm32f0xx_hal.c ****              peripheral ISR process, the Tick interrupt line must have higher priority 
 121:Drivers/STM32F0xx_HAL_Driver/Src/stm32f0xx_hal.c ****             (numerically lower) than the peripheral interrupt. Otherwise the caller 
 122:Drivers/STM32F0xx_HAL_Driver/Src/stm32f0xx_hal.c ****             ISR process will be blocked. 
 123:Drivers/STM32F0xx_HAL_Driver/Src/stm32f0xx_hal.c ****        (++) functions affecting time base configurations are declared as __Weak  
 124:Drivers/STM32F0xx_HAL_Driver/Src/stm32f0xx_hal.c ****              to make  override possible  in case of other  implementations in user file.
 125:Drivers/STM32F0xx_HAL_Driver/Src/stm32f0xx_hal.c ****  
 126:Drivers/STM32F0xx_HAL_Driver/Src/stm32f0xx_hal.c **** @endverbatim
 127:Drivers/STM32F0xx_HAL_Driver/Src/stm32f0xx_hal.c ****   * @{
 128:Drivers/STM32F0xx_HAL_Driver/Src/stm32f0xx_hal.c ****   */
 129:Drivers/STM32F0xx_HAL_Driver/Src/stm32f0xx_hal.c **** 
 130:Drivers/STM32F0xx_HAL_Driver/Src/stm32f0xx_hal.c **** /**
 131:Drivers/STM32F0xx_HAL_Driver/Src/stm32f0xx_hal.c ****   * @brief  This function configures the Flash prefetch,
 132:Drivers/STM32F0xx_HAL_Driver/Src/stm32f0xx_hal.c ****   *        Configures time base source, NVIC and Low level hardware
 133:Drivers/STM32F0xx_HAL_Driver/Src/stm32f0xx_hal.c ****   * @note This function is called at the beginning of program after reset and before 
 134:Drivers/STM32F0xx_HAL_Driver/Src/stm32f0xx_hal.c ****   *       the clock configuration
 135:Drivers/STM32F0xx_HAL_Driver/Src/stm32f0xx_hal.c ****   * @note The time base configuration is based on HSI clock when exiting from Reset.
 136:Drivers/STM32F0xx_HAL_Driver/Src/stm32f0xx_hal.c ****   *       Once done, time base tick start incrementing.
 137:Drivers/STM32F0xx_HAL_Driver/Src/stm32f0xx_hal.c ****   *       In the default implementation,Systick is used as source of time base.
 138:Drivers/STM32F0xx_HAL_Driver/Src/stm32f0xx_hal.c ****   *       The tick variable is incremented each 1ms in its ISR.
 139:Drivers/STM32F0xx_HAL_Driver/Src/stm32f0xx_hal.c ****   * @retval HAL status
 140:Drivers/STM32F0xx_HAL_Driver/Src/stm32f0xx_hal.c ****   */
 141:Drivers/STM32F0xx_HAL_Driver/Src/stm32f0xx_hal.c **** HAL_StatusTypeDef HAL_Init(void)
 142:Drivers/STM32F0xx_HAL_Driver/Src/stm32f0xx_hal.c **** {
 143:Drivers/STM32F0xx_HAL_Driver/Src/stm32f0xx_hal.c ****   /* Configure Flash prefetch */ 
 144:Drivers/STM32F0xx_HAL_Driver/Src/stm32f0xx_hal.c **** #if (PREFETCH_ENABLE != 0)
 145:Drivers/STM32F0xx_HAL_Driver/Src/stm32f0xx_hal.c ****   __HAL_FLASH_PREFETCH_BUFFER_ENABLE();
ARM GAS  C:\Users\rokko\AppData\Local\Temp\cckMNd8l.s 			page 4


 146:Drivers/STM32F0xx_HAL_Driver/Src/stm32f0xx_hal.c **** #endif /* PREFETCH_ENABLE */
 147:Drivers/STM32F0xx_HAL_Driver/Src/stm32f0xx_hal.c **** 
 148:Drivers/STM32F0xx_HAL_Driver/Src/stm32f0xx_hal.c ****   /* Use systick as time base source and configure 1ms tick (default clock after Reset is HSI) */
 149:Drivers/STM32F0xx_HAL_Driver/Src/stm32f0xx_hal.c **** 
 150:Drivers/STM32F0xx_HAL_Driver/Src/stm32f0xx_hal.c ****   HAL_InitTick(TICK_INT_PRIORITY);
 151:Drivers/STM32F0xx_HAL_Driver/Src/stm32f0xx_hal.c **** 
 152:Drivers/STM32F0xx_HAL_Driver/Src/stm32f0xx_hal.c ****   /* Init the low level hardware */
 153:Drivers/STM32F0xx_HAL_Driver/Src/stm32f0xx_hal.c ****   HAL_MspInit();
 154:Drivers/STM32F0xx_HAL_Driver/Src/stm32f0xx_hal.c **** 
 155:Drivers/STM32F0xx_HAL_Driver/Src/stm32f0xx_hal.c ****   /* Return function status */
 156:Drivers/STM32F0xx_HAL_Driver/Src/stm32f0xx_hal.c ****   return HAL_OK;
 157:Drivers/STM32F0xx_HAL_Driver/Src/stm32f0xx_hal.c **** }
 158:Drivers/STM32F0xx_HAL_Driver/Src/stm32f0xx_hal.c **** 
 159:Drivers/STM32F0xx_HAL_Driver/Src/stm32f0xx_hal.c **** /**
 160:Drivers/STM32F0xx_HAL_Driver/Src/stm32f0xx_hal.c ****   * @brief This function de-Initialize common part of the HAL and stops the SysTick
 161:Drivers/STM32F0xx_HAL_Driver/Src/stm32f0xx_hal.c ****   *        of time base.
 162:Drivers/STM32F0xx_HAL_Driver/Src/stm32f0xx_hal.c ****   * @note This function is optional.
 163:Drivers/STM32F0xx_HAL_Driver/Src/stm32f0xx_hal.c ****   * @retval HAL status
 164:Drivers/STM32F0xx_HAL_Driver/Src/stm32f0xx_hal.c ****   */
 165:Drivers/STM32F0xx_HAL_Driver/Src/stm32f0xx_hal.c **** HAL_StatusTypeDef HAL_DeInit(void)
 166:Drivers/STM32F0xx_HAL_Driver/Src/stm32f0xx_hal.c **** {
 167:Drivers/STM32F0xx_HAL_Driver/Src/stm32f0xx_hal.c ****   /* Reset of all peripherals */
 168:Drivers/STM32F0xx_HAL_Driver/Src/stm32f0xx_hal.c ****   __HAL_RCC_APB1_FORCE_RESET();
 169:Drivers/STM32F0xx_HAL_Driver/Src/stm32f0xx_hal.c ****   __HAL_RCC_APB1_RELEASE_RESET();
 170:Drivers/STM32F0xx_HAL_Driver/Src/stm32f0xx_hal.c **** 
 171:Drivers/STM32F0xx_HAL_Driver/Src/stm32f0xx_hal.c ****   __HAL_RCC_APB2_FORCE_RESET();
 172:Drivers/STM32F0xx_HAL_Driver/Src/stm32f0xx_hal.c ****   __HAL_RCC_APB2_RELEASE_RESET();
 173:Drivers/STM32F0xx_HAL_Driver/Src/stm32f0xx_hal.c **** 
 174:Drivers/STM32F0xx_HAL_Driver/Src/stm32f0xx_hal.c ****   __HAL_RCC_AHB_FORCE_RESET();
 175:Drivers/STM32F0xx_HAL_Driver/Src/stm32f0xx_hal.c ****   __HAL_RCC_AHB_RELEASE_RESET();
 176:Drivers/STM32F0xx_HAL_Driver/Src/stm32f0xx_hal.c **** 
 177:Drivers/STM32F0xx_HAL_Driver/Src/stm32f0xx_hal.c ****   /* De-Init the low level hardware */
 178:Drivers/STM32F0xx_HAL_Driver/Src/stm32f0xx_hal.c ****   HAL_MspDeInit();
 179:Drivers/STM32F0xx_HAL_Driver/Src/stm32f0xx_hal.c ****     
 180:Drivers/STM32F0xx_HAL_Driver/Src/stm32f0xx_hal.c ****   /* Return function status */
 181:Drivers/STM32F0xx_HAL_Driver/Src/stm32f0xx_hal.c ****   return HAL_OK;
 182:Drivers/STM32F0xx_HAL_Driver/Src/stm32f0xx_hal.c **** }
 183:Drivers/STM32F0xx_HAL_Driver/Src/stm32f0xx_hal.c **** 
 184:Drivers/STM32F0xx_HAL_Driver/Src/stm32f0xx_hal.c **** /**
 185:Drivers/STM32F0xx_HAL_Driver/Src/stm32f0xx_hal.c ****   * @brief  Initialize the MSP.
 186:Drivers/STM32F0xx_HAL_Driver/Src/stm32f0xx_hal.c ****   * @retval None
 187:Drivers/STM32F0xx_HAL_Driver/Src/stm32f0xx_hal.c ****   */
 188:Drivers/STM32F0xx_HAL_Driver/Src/stm32f0xx_hal.c **** __weak void HAL_MspInit(void)
 189:Drivers/STM32F0xx_HAL_Driver/Src/stm32f0xx_hal.c **** {
  28              		.loc 1 189 1 view -0
  29              		.cfi_startproc
  30              		@ args = 0, pretend = 0, frame = 0
  31              		@ frame_needed = 0, uses_anonymous_args = 0
  32              		@ link register save eliminated.
 190:Drivers/STM32F0xx_HAL_Driver/Src/stm32f0xx_hal.c ****   /* NOTE : This function should not be modified, when the callback is needed,
 191:Drivers/STM32F0xx_HAL_Driver/Src/stm32f0xx_hal.c ****             the HAL_MspInit could be implemented in the user file
 192:Drivers/STM32F0xx_HAL_Driver/Src/stm32f0xx_hal.c ****    */
 193:Drivers/STM32F0xx_HAL_Driver/Src/stm32f0xx_hal.c **** }
  33              		.loc 1 193 1 view .LVU1
  34              		@ sp needed
  35 0000 7047     		bx	lr
  36              		.cfi_endproc
ARM GAS  C:\Users\rokko\AppData\Local\Temp\cckMNd8l.s 			page 5


  37              	.LFE42:
  39 0002 C046     		.section	.text.HAL_MspDeInit,"ax",%progbits
  40              		.align	1
  41              		.p2align 2,,3
  42              		.weak	HAL_MspDeInit
  43              		.syntax unified
  44              		.code	16
  45              		.thumb_func
  47              	HAL_MspDeInit:
  48              	.LFB65:
  49              		.cfi_startproc
  50              		@ args = 0, pretend = 0, frame = 0
  51              		@ frame_needed = 0, uses_anonymous_args = 0
  52              		@ link register save eliminated.
  53              		@ sp needed
  54 0000 7047     		bx	lr
  55              		.cfi_endproc
  56              	.LFE65:
  58 0002 C046     		.section	.text.HAL_DeInit,"ax",%progbits
  59              		.align	1
  60              		.p2align 2,,3
  61              		.global	HAL_DeInit
  62              		.syntax unified
  63              		.code	16
  64              		.thumb_func
  66              	HAL_DeInit:
  67              	.LFB41:
 166:Drivers/STM32F0xx_HAL_Driver/Src/stm32f0xx_hal.c ****   /* Reset of all peripherals */
  68              		.loc 1 166 1 view -0
  69              		.cfi_startproc
  70              		@ args = 0, pretend = 0, frame = 0
  71              		@ frame_needed = 0, uses_anonymous_args = 0
 168:Drivers/STM32F0xx_HAL_Driver/Src/stm32f0xx_hal.c ****   __HAL_RCC_APB1_RELEASE_RESET();
  72              		.loc 1 168 3 view .LVU3
  73 0000 0121     		movs	r1, #1
 169:Drivers/STM32F0xx_HAL_Driver/Src/stm32f0xx_hal.c **** 
  74              		.loc 1 169 3 is_stmt 0 view .LVU4
  75 0002 0022     		movs	r2, #0
 166:Drivers/STM32F0xx_HAL_Driver/Src/stm32f0xx_hal.c ****   /* Reset of all peripherals */
  76              		.loc 1 166 1 view .LVU5
  77 0004 10B5     		push	{r4, lr}
  78              	.LCFI0:
  79              		.cfi_def_cfa_offset 8
  80              		.cfi_offset 4, -8
  81              		.cfi_offset 14, -4
 168:Drivers/STM32F0xx_HAL_Driver/Src/stm32f0xx_hal.c ****   __HAL_RCC_APB1_RELEASE_RESET();
  82              		.loc 1 168 3 view .LVU6
  83 0006 064B     		ldr	r3, .L5
  84 0008 4942     		rsbs	r1, r1, #0
  85 000a 1961     		str	r1, [r3, #16]
 169:Drivers/STM32F0xx_HAL_Driver/Src/stm32f0xx_hal.c **** 
  86              		.loc 1 169 3 is_stmt 1 view .LVU7
  87 000c 1A61     		str	r2, [r3, #16]
 171:Drivers/STM32F0xx_HAL_Driver/Src/stm32f0xx_hal.c ****   __HAL_RCC_APB2_RELEASE_RESET();
  88              		.loc 1 171 3 view .LVU8
  89 000e D960     		str	r1, [r3, #12]
 172:Drivers/STM32F0xx_HAL_Driver/Src/stm32f0xx_hal.c **** 
ARM GAS  C:\Users\rokko\AppData\Local\Temp\cckMNd8l.s 			page 6


  90              		.loc 1 172 3 view .LVU9
  91 0010 DA60     		str	r2, [r3, #12]
 174:Drivers/STM32F0xx_HAL_Driver/Src/stm32f0xx_hal.c ****   __HAL_RCC_AHB_RELEASE_RESET();
  92              		.loc 1 174 3 view .LVU10
  93 0012 9962     		str	r1, [r3, #40]
 175:Drivers/STM32F0xx_HAL_Driver/Src/stm32f0xx_hal.c **** 
  94              		.loc 1 175 3 view .LVU11
  95 0014 9A62     		str	r2, [r3, #40]
 178:Drivers/STM32F0xx_HAL_Driver/Src/stm32f0xx_hal.c ****     
  96              		.loc 1 178 3 view .LVU12
  97 0016 FFF7FEFF 		bl	HAL_MspDeInit
  98              	.LVL0:
 181:Drivers/STM32F0xx_HAL_Driver/Src/stm32f0xx_hal.c **** }
  99              		.loc 1 181 3 view .LVU13
 182:Drivers/STM32F0xx_HAL_Driver/Src/stm32f0xx_hal.c **** 
 100              		.loc 1 182 1 is_stmt 0 view .LVU14
 101              		@ sp needed
 102 001a 0020     		movs	r0, #0
 103 001c 10BD     		pop	{r4, pc}
 104              	.L6:
 105 001e C046     		.align	2
 106              	.L5:
 107 0020 00100240 		.word	1073876992
 108              		.cfi_endproc
 109              	.LFE41:
 111              		.global	__aeabi_uidiv
 112              		.global	__aeabi_idiv
 113              		.section	.text.HAL_InitTick,"ax",%progbits
 114              		.align	1
 115              		.p2align 2,,3
 116              		.weak	HAL_InitTick
 117              		.syntax unified
 118              		.code	16
 119              		.thumb_func
 121              	HAL_InitTick:
 122              	.LVL1:
 123              	.LFB44:
 194:Drivers/STM32F0xx_HAL_Driver/Src/stm32f0xx_hal.c **** 
 195:Drivers/STM32F0xx_HAL_Driver/Src/stm32f0xx_hal.c **** /**
 196:Drivers/STM32F0xx_HAL_Driver/Src/stm32f0xx_hal.c ****   * @brief  DeInitializes the MSP.
 197:Drivers/STM32F0xx_HAL_Driver/Src/stm32f0xx_hal.c ****   * @retval None
 198:Drivers/STM32F0xx_HAL_Driver/Src/stm32f0xx_hal.c ****   */
 199:Drivers/STM32F0xx_HAL_Driver/Src/stm32f0xx_hal.c **** __weak void HAL_MspDeInit(void)
 200:Drivers/STM32F0xx_HAL_Driver/Src/stm32f0xx_hal.c **** {
 201:Drivers/STM32F0xx_HAL_Driver/Src/stm32f0xx_hal.c ****   /* NOTE : This function should not be modified, when the callback is needed,
 202:Drivers/STM32F0xx_HAL_Driver/Src/stm32f0xx_hal.c ****             the HAL_MspDeInit could be implemented in the user file
 203:Drivers/STM32F0xx_HAL_Driver/Src/stm32f0xx_hal.c ****    */
 204:Drivers/STM32F0xx_HAL_Driver/Src/stm32f0xx_hal.c **** }
 205:Drivers/STM32F0xx_HAL_Driver/Src/stm32f0xx_hal.c **** 
 206:Drivers/STM32F0xx_HAL_Driver/Src/stm32f0xx_hal.c **** /**
 207:Drivers/STM32F0xx_HAL_Driver/Src/stm32f0xx_hal.c ****   * @brief This function configures the source of the time base. 
 208:Drivers/STM32F0xx_HAL_Driver/Src/stm32f0xx_hal.c ****   *        The time source is configured  to have 1ms time base with a dedicated 
 209:Drivers/STM32F0xx_HAL_Driver/Src/stm32f0xx_hal.c ****   *        Tick interrupt priority.
 210:Drivers/STM32F0xx_HAL_Driver/Src/stm32f0xx_hal.c ****   * @note This function is called  automatically at the beginning of program after
 211:Drivers/STM32F0xx_HAL_Driver/Src/stm32f0xx_hal.c ****   *       reset by HAL_Init() or at any time when clock is reconfigured  by HAL_RCC_ClockConfig(). 
 212:Drivers/STM32F0xx_HAL_Driver/Src/stm32f0xx_hal.c ****   * @note In the default implementation, SysTick timer is the source of time base. 
 213:Drivers/STM32F0xx_HAL_Driver/Src/stm32f0xx_hal.c ****   *       It is used to generate interrupts at regular time intervals. 
ARM GAS  C:\Users\rokko\AppData\Local\Temp\cckMNd8l.s 			page 7


 214:Drivers/STM32F0xx_HAL_Driver/Src/stm32f0xx_hal.c ****   *       Care must be taken if HAL_Delay() is called from a peripheral ISR process, 
 215:Drivers/STM32F0xx_HAL_Driver/Src/stm32f0xx_hal.c ****   *       The SysTick interrupt must have higher priority (numerically lower) 
 216:Drivers/STM32F0xx_HAL_Driver/Src/stm32f0xx_hal.c ****   *       than the peripheral interrupt. Otherwise the caller ISR process will be blocked.
 217:Drivers/STM32F0xx_HAL_Driver/Src/stm32f0xx_hal.c ****   *       The function is declared as __Weak  to be overwritten  in case of other
 218:Drivers/STM32F0xx_HAL_Driver/Src/stm32f0xx_hal.c ****   *       implementation  in user file.
 219:Drivers/STM32F0xx_HAL_Driver/Src/stm32f0xx_hal.c ****   * @param TickPriority Tick interrupt priority.
 220:Drivers/STM32F0xx_HAL_Driver/Src/stm32f0xx_hal.c ****   * @retval HAL status
 221:Drivers/STM32F0xx_HAL_Driver/Src/stm32f0xx_hal.c ****   */
 222:Drivers/STM32F0xx_HAL_Driver/Src/stm32f0xx_hal.c **** __weak HAL_StatusTypeDef HAL_InitTick(uint32_t TickPriority)
 223:Drivers/STM32F0xx_HAL_Driver/Src/stm32f0xx_hal.c **** {
 124              		.loc 1 223 1 is_stmt 1 view -0
 125              		.cfi_startproc
 126              		@ args = 0, pretend = 0, frame = 0
 127              		@ frame_needed = 0, uses_anonymous_args = 0
 224:Drivers/STM32F0xx_HAL_Driver/Src/stm32f0xx_hal.c ****   /*Configure the SysTick to have interrupt in 1ms time basis*/
 225:Drivers/STM32F0xx_HAL_Driver/Src/stm32f0xx_hal.c ****   if (HAL_SYSTICK_Config(SystemCoreClock / (1000U / uwTickFreq)) > 0U)
 128              		.loc 1 225 3 view .LVU16
 223:Drivers/STM32F0xx_HAL_Driver/Src/stm32f0xx_hal.c ****   /*Configure the SysTick to have interrupt in 1ms time basis*/
 129              		.loc 1 223 1 is_stmt 0 view .LVU17
 130 0000 10B5     		push	{r4, lr}
 131              	.LCFI1:
 132              		.cfi_def_cfa_offset 8
 133              		.cfi_offset 4, -8
 134              		.cfi_offset 14, -4
 223:Drivers/STM32F0xx_HAL_Driver/Src/stm32f0xx_hal.c ****   /*Configure the SysTick to have interrupt in 1ms time basis*/
 135              		.loc 1 223 1 view .LVU18
 136 0002 0400     		movs	r4, r0
 137              		.loc 1 225 51 view .LVU19
 138 0004 FA20     		movs	r0, #250
 139              	.LVL2:
 140              		.loc 1 225 51 view .LVU20
 141 0006 0E4B     		ldr	r3, .L12
 142 0008 8000     		lsls	r0, r0, #2
 143 000a 1978     		ldrb	r1, [r3]
 144 000c FFF7FEFF 		bl	__aeabi_uidiv
 145              	.LVL3:
 146              		.loc 1 225 7 view .LVU21
 147 0010 0C4B     		ldr	r3, .L12+4
 148              		.loc 1 225 51 view .LVU22
 149 0012 0100     		movs	r1, r0
 150              		.loc 1 225 7 view .LVU23
 151 0014 1868     		ldr	r0, [r3]
 152 0016 FFF7FEFF 		bl	__aeabi_uidiv
 153              	.LVL4:
 154 001a FFF7FEFF 		bl	HAL_SYSTICK_Config
 155              	.LVL5:
 156              		.loc 1 225 6 view .LVU24
 157 001e 0028     		cmp	r0, #0
 158 0020 0CD1     		bne	.L9
 226:Drivers/STM32F0xx_HAL_Driver/Src/stm32f0xx_hal.c ****   {
 227:Drivers/STM32F0xx_HAL_Driver/Src/stm32f0xx_hal.c ****     return HAL_ERROR;
 228:Drivers/STM32F0xx_HAL_Driver/Src/stm32f0xx_hal.c ****   }
 229:Drivers/STM32F0xx_HAL_Driver/Src/stm32f0xx_hal.c **** 
 230:Drivers/STM32F0xx_HAL_Driver/Src/stm32f0xx_hal.c ****   /* Configure the SysTick IRQ priority */
 231:Drivers/STM32F0xx_HAL_Driver/Src/stm32f0xx_hal.c ****   if (TickPriority < (1UL << __NVIC_PRIO_BITS))
 159              		.loc 1 231 3 is_stmt 1 view .LVU25
 227:Drivers/STM32F0xx_HAL_Driver/Src/stm32f0xx_hal.c ****   }
ARM GAS  C:\Users\rokko\AppData\Local\Temp\cckMNd8l.s 			page 8


 160              		.loc 1 227 12 is_stmt 0 view .LVU26
 161 0022 0130     		adds	r0, r0, #1
 162              		.loc 1 231 6 view .LVU27
 163 0024 032C     		cmp	r4, #3
 164 0026 00D9     		bls	.L11
 165              	.L8:
 232:Drivers/STM32F0xx_HAL_Driver/Src/stm32f0xx_hal.c ****   {
 233:Drivers/STM32F0xx_HAL_Driver/Src/stm32f0xx_hal.c ****     HAL_NVIC_SetPriority(SysTick_IRQn, TickPriority, 0U);
 234:Drivers/STM32F0xx_HAL_Driver/Src/stm32f0xx_hal.c ****     uwTickPrio = TickPriority;
 235:Drivers/STM32F0xx_HAL_Driver/Src/stm32f0xx_hal.c ****   }
 236:Drivers/STM32F0xx_HAL_Driver/Src/stm32f0xx_hal.c ****   else
 237:Drivers/STM32F0xx_HAL_Driver/Src/stm32f0xx_hal.c ****   {
 238:Drivers/STM32F0xx_HAL_Driver/Src/stm32f0xx_hal.c ****     return HAL_ERROR;
 239:Drivers/STM32F0xx_HAL_Driver/Src/stm32f0xx_hal.c ****   }
 240:Drivers/STM32F0xx_HAL_Driver/Src/stm32f0xx_hal.c **** 
 241:Drivers/STM32F0xx_HAL_Driver/Src/stm32f0xx_hal.c ****    /* Return function status */
 242:Drivers/STM32F0xx_HAL_Driver/Src/stm32f0xx_hal.c ****   return HAL_OK;
 243:Drivers/STM32F0xx_HAL_Driver/Src/stm32f0xx_hal.c **** }
 166              		.loc 1 243 1 view .LVU28
 167              		@ sp needed
 168              	.LVL6:
 169              		.loc 1 243 1 view .LVU29
 170 0028 10BD     		pop	{r4, pc}
 171              	.LVL7:
 172              	.L11:
 173              	.LBB4:
 174              	.LBI4:
 222:Drivers/STM32F0xx_HAL_Driver/Src/stm32f0xx_hal.c **** {
 175              		.loc 1 222 26 is_stmt 1 view .LVU30
 176              	.LBB5:
 233:Drivers/STM32F0xx_HAL_Driver/Src/stm32f0xx_hal.c ****     uwTickPrio = TickPriority;
 177              		.loc 1 233 5 view .LVU31
 178 002a 0238     		subs	r0, r0, #2
 179 002c 0022     		movs	r2, #0
 180 002e 2100     		movs	r1, r4
 181 0030 FFF7FEFF 		bl	HAL_NVIC_SetPriority
 182              	.LVL8:
 234:Drivers/STM32F0xx_HAL_Driver/Src/stm32f0xx_hal.c ****   }
 183              		.loc 1 234 5 view .LVU32
 234:Drivers/STM32F0xx_HAL_Driver/Src/stm32f0xx_hal.c ****   }
 184              		.loc 1 234 16 is_stmt 0 view .LVU33
 185 0034 044B     		ldr	r3, .L12+8
 186 0036 0020     		movs	r0, #0
 187 0038 1C60     		str	r4, [r3]
 242:Drivers/STM32F0xx_HAL_Driver/Src/stm32f0xx_hal.c **** }
 188              		.loc 1 242 3 is_stmt 1 view .LVU34
 189              	.LVL9:
 242:Drivers/STM32F0xx_HAL_Driver/Src/stm32f0xx_hal.c **** }
 190              		.loc 1 242 3 is_stmt 0 view .LVU35
 191 003a F5E7     		b	.L8
 192              	.L9:
 242:Drivers/STM32F0xx_HAL_Driver/Src/stm32f0xx_hal.c **** }
 193              		.loc 1 242 3 view .LVU36
 194              	.LBE5:
 195              	.LBE4:
 227:Drivers/STM32F0xx_HAL_Driver/Src/stm32f0xx_hal.c ****   }
 196              		.loc 1 227 12 view .LVU37
ARM GAS  C:\Users\rokko\AppData\Local\Temp\cckMNd8l.s 			page 9


 197 003c 0120     		movs	r0, #1
 198 003e F3E7     		b	.L8
 199              	.L13:
 200              		.align	2
 201              	.L12:
 202 0040 00000000 		.word	.LANCHOR0
 203 0044 00000000 		.word	SystemCoreClock
 204 0048 00000000 		.word	.LANCHOR1
 205              		.cfi_endproc
 206              	.LFE44:
 208              		.section	.text.HAL_Init,"ax",%progbits
 209              		.align	1
 210              		.p2align 2,,3
 211              		.global	HAL_Init
 212              		.syntax unified
 213              		.code	16
 214              		.thumb_func
 216              	HAL_Init:
 217              	.LFB40:
 142:Drivers/STM32F0xx_HAL_Driver/Src/stm32f0xx_hal.c ****   /* Configure Flash prefetch */ 
 218              		.loc 1 142 1 is_stmt 1 view -0
 219              		.cfi_startproc
 220              		@ args = 0, pretend = 0, frame = 0
 221              		@ frame_needed = 0, uses_anonymous_args = 0
 145:Drivers/STM32F0xx_HAL_Driver/Src/stm32f0xx_hal.c **** #endif /* PREFETCH_ENABLE */
 222              		.loc 1 145 3 view .LVU39
 223 0000 1021     		movs	r1, #16
 224 0002 064A     		ldr	r2, .L15
 142:Drivers/STM32F0xx_HAL_Driver/Src/stm32f0xx_hal.c ****   /* Configure Flash prefetch */ 
 225              		.loc 1 142 1 is_stmt 0 view .LVU40
 226 0004 10B5     		push	{r4, lr}
 227              	.LCFI2:
 228              		.cfi_def_cfa_offset 8
 229              		.cfi_offset 4, -8
 230              		.cfi_offset 14, -4
 145:Drivers/STM32F0xx_HAL_Driver/Src/stm32f0xx_hal.c **** #endif /* PREFETCH_ENABLE */
 231              		.loc 1 145 3 view .LVU41
 232 0006 1368     		ldr	r3, [r2]
 150:Drivers/STM32F0xx_HAL_Driver/Src/stm32f0xx_hal.c **** 
 233              		.loc 1 150 3 view .LVU42
 234 0008 0020     		movs	r0, #0
 157:Drivers/STM32F0xx_HAL_Driver/Src/stm32f0xx_hal.c **** 
 235              		.loc 1 157 1 view .LVU43
 236              		@ sp needed
 145:Drivers/STM32F0xx_HAL_Driver/Src/stm32f0xx_hal.c **** #endif /* PREFETCH_ENABLE */
 237              		.loc 1 145 3 view .LVU44
 238 000a 0B43     		orrs	r3, r1
 239 000c 1360     		str	r3, [r2]
 150:Drivers/STM32F0xx_HAL_Driver/Src/stm32f0xx_hal.c **** 
 240              		.loc 1 150 3 is_stmt 1 view .LVU45
 241 000e FFF7FEFF 		bl	HAL_InitTick
 242              	.LVL10:
 153:Drivers/STM32F0xx_HAL_Driver/Src/stm32f0xx_hal.c **** 
 243              		.loc 1 153 3 view .LVU46
 244 0012 FFF7FEFF 		bl	HAL_MspInit
 245              	.LVL11:
 156:Drivers/STM32F0xx_HAL_Driver/Src/stm32f0xx_hal.c **** }
ARM GAS  C:\Users\rokko\AppData\Local\Temp\cckMNd8l.s 			page 10


 246              		.loc 1 156 3 view .LVU47
 157:Drivers/STM32F0xx_HAL_Driver/Src/stm32f0xx_hal.c **** 
 247              		.loc 1 157 1 is_stmt 0 view .LVU48
 248 0016 0020     		movs	r0, #0
 249 0018 10BD     		pop	{r4, pc}
 250              	.L16:
 251 001a C046     		.align	2
 252              	.L15:
 253 001c 00200240 		.word	1073881088
 254              		.cfi_endproc
 255              	.LFE40:
 257              		.section	.text.HAL_IncTick,"ax",%progbits
 258              		.align	1
 259              		.p2align 2,,3
 260              		.weak	HAL_IncTick
 261              		.syntax unified
 262              		.code	16
 263              		.thumb_func
 265              	HAL_IncTick:
 266              	.LFB45:
 244:Drivers/STM32F0xx_HAL_Driver/Src/stm32f0xx_hal.c **** 
 245:Drivers/STM32F0xx_HAL_Driver/Src/stm32f0xx_hal.c **** /**
 246:Drivers/STM32F0xx_HAL_Driver/Src/stm32f0xx_hal.c ****   * @}
 247:Drivers/STM32F0xx_HAL_Driver/Src/stm32f0xx_hal.c ****   */
 248:Drivers/STM32F0xx_HAL_Driver/Src/stm32f0xx_hal.c **** 
 249:Drivers/STM32F0xx_HAL_Driver/Src/stm32f0xx_hal.c **** /** @defgroup HAL_Exported_Functions_Group2 HAL Control functions 
 250:Drivers/STM32F0xx_HAL_Driver/Src/stm32f0xx_hal.c ****   * @brief    HAL Control functions
 251:Drivers/STM32F0xx_HAL_Driver/Src/stm32f0xx_hal.c ****   *
 252:Drivers/STM32F0xx_HAL_Driver/Src/stm32f0xx_hal.c **** @verbatim
 253:Drivers/STM32F0xx_HAL_Driver/Src/stm32f0xx_hal.c ****  ===============================================================================
 254:Drivers/STM32F0xx_HAL_Driver/Src/stm32f0xx_hal.c ****                       ##### HAL Control functions #####
 255:Drivers/STM32F0xx_HAL_Driver/Src/stm32f0xx_hal.c ****  ===============================================================================
 256:Drivers/STM32F0xx_HAL_Driver/Src/stm32f0xx_hal.c ****     [..]  This section provides functions allowing to:
 257:Drivers/STM32F0xx_HAL_Driver/Src/stm32f0xx_hal.c ****       (+) Provide a tick value in millisecond
 258:Drivers/STM32F0xx_HAL_Driver/Src/stm32f0xx_hal.c ****       (+) Provide a blocking delay in millisecond
 259:Drivers/STM32F0xx_HAL_Driver/Src/stm32f0xx_hal.c ****       (+) Suspend the time base source interrupt
 260:Drivers/STM32F0xx_HAL_Driver/Src/stm32f0xx_hal.c ****       (+) Resume the time base source interrupt
 261:Drivers/STM32F0xx_HAL_Driver/Src/stm32f0xx_hal.c ****       (+) Get the HAL API driver version
 262:Drivers/STM32F0xx_HAL_Driver/Src/stm32f0xx_hal.c ****       (+) Get the device identifier
 263:Drivers/STM32F0xx_HAL_Driver/Src/stm32f0xx_hal.c ****       (+) Get the device revision identifier
 264:Drivers/STM32F0xx_HAL_Driver/Src/stm32f0xx_hal.c ****       (+) Enable/Disable Debug module during Sleep mode
 265:Drivers/STM32F0xx_HAL_Driver/Src/stm32f0xx_hal.c ****       (+) Enable/Disable Debug module during STOP mode
 266:Drivers/STM32F0xx_HAL_Driver/Src/stm32f0xx_hal.c ****       (+) Enable/Disable Debug module during STANDBY mode
 267:Drivers/STM32F0xx_HAL_Driver/Src/stm32f0xx_hal.c ****       
 268:Drivers/STM32F0xx_HAL_Driver/Src/stm32f0xx_hal.c **** @endverbatim
 269:Drivers/STM32F0xx_HAL_Driver/Src/stm32f0xx_hal.c ****   * @{
 270:Drivers/STM32F0xx_HAL_Driver/Src/stm32f0xx_hal.c ****   */
 271:Drivers/STM32F0xx_HAL_Driver/Src/stm32f0xx_hal.c **** 
 272:Drivers/STM32F0xx_HAL_Driver/Src/stm32f0xx_hal.c **** /**
 273:Drivers/STM32F0xx_HAL_Driver/Src/stm32f0xx_hal.c ****   * @brief This function is called to increment  a global variable "uwTick"
 274:Drivers/STM32F0xx_HAL_Driver/Src/stm32f0xx_hal.c ****   *        used as application time base.
 275:Drivers/STM32F0xx_HAL_Driver/Src/stm32f0xx_hal.c ****   * @note In the default implementation, this variable is incremented each 1ms
 276:Drivers/STM32F0xx_HAL_Driver/Src/stm32f0xx_hal.c ****   *       in SysTick ISR.
 277:Drivers/STM32F0xx_HAL_Driver/Src/stm32f0xx_hal.c ****   * @note This function is declared as __weak to be overwritten in case of other 
 278:Drivers/STM32F0xx_HAL_Driver/Src/stm32f0xx_hal.c ****   *       implementations in user file.
 279:Drivers/STM32F0xx_HAL_Driver/Src/stm32f0xx_hal.c ****   * @retval None
 280:Drivers/STM32F0xx_HAL_Driver/Src/stm32f0xx_hal.c ****   */
ARM GAS  C:\Users\rokko\AppData\Local\Temp\cckMNd8l.s 			page 11


 281:Drivers/STM32F0xx_HAL_Driver/Src/stm32f0xx_hal.c **** __weak void HAL_IncTick(void)
 282:Drivers/STM32F0xx_HAL_Driver/Src/stm32f0xx_hal.c **** {
 267              		.loc 1 282 1 is_stmt 1 view -0
 268              		.cfi_startproc
 269              		@ args = 0, pretend = 0, frame = 0
 270              		@ frame_needed = 0, uses_anonymous_args = 0
 271              		@ link register save eliminated.
 283:Drivers/STM32F0xx_HAL_Driver/Src/stm32f0xx_hal.c ****   uwTick += uwTickFreq;
 272              		.loc 1 283 3 view .LVU50
 273              		.loc 1 283 10 is_stmt 0 view .LVU51
 274 0000 034A     		ldr	r2, .L18
 275 0002 044B     		ldr	r3, .L18+4
 276 0004 1168     		ldr	r1, [r2]
 277 0006 1B78     		ldrb	r3, [r3]
 284:Drivers/STM32F0xx_HAL_Driver/Src/stm32f0xx_hal.c **** }
 278              		.loc 1 284 1 view .LVU52
 279              		@ sp needed
 283:Drivers/STM32F0xx_HAL_Driver/Src/stm32f0xx_hal.c ****   uwTick += uwTickFreq;
 280              		.loc 1 283 10 view .LVU53
 281 0008 5B18     		adds	r3, r3, r1
 282 000a 1360     		str	r3, [r2]
 283              		.loc 1 284 1 view .LVU54
 284 000c 7047     		bx	lr
 285              	.L19:
 286 000e C046     		.align	2
 287              	.L18:
 288 0010 00000000 		.word	.LANCHOR2
 289 0014 00000000 		.word	.LANCHOR0
 290              		.cfi_endproc
 291              	.LFE45:
 293              		.section	.text.HAL_GetTick,"ax",%progbits
 294              		.align	1
 295              		.p2align 2,,3
 296              		.weak	HAL_GetTick
 297              		.syntax unified
 298              		.code	16
 299              		.thumb_func
 301              	HAL_GetTick:
 302              	.LFB46:
 285:Drivers/STM32F0xx_HAL_Driver/Src/stm32f0xx_hal.c **** 
 286:Drivers/STM32F0xx_HAL_Driver/Src/stm32f0xx_hal.c **** /**
 287:Drivers/STM32F0xx_HAL_Driver/Src/stm32f0xx_hal.c ****   * @brief  Provides a tick value in millisecond.
 288:Drivers/STM32F0xx_HAL_Driver/Src/stm32f0xx_hal.c ****   * @note   This function is declared as __weak  to be overwritten  in case of other 
 289:Drivers/STM32F0xx_HAL_Driver/Src/stm32f0xx_hal.c ****   *       implementations in user file.
 290:Drivers/STM32F0xx_HAL_Driver/Src/stm32f0xx_hal.c ****   * @retval tick value
 291:Drivers/STM32F0xx_HAL_Driver/Src/stm32f0xx_hal.c ****   */
 292:Drivers/STM32F0xx_HAL_Driver/Src/stm32f0xx_hal.c **** __weak uint32_t HAL_GetTick(void)
 293:Drivers/STM32F0xx_HAL_Driver/Src/stm32f0xx_hal.c **** {
 303              		.loc 1 293 1 is_stmt 1 view -0
 304              		.cfi_startproc
 305              		@ args = 0, pretend = 0, frame = 0
 306              		@ frame_needed = 0, uses_anonymous_args = 0
 307              		@ link register save eliminated.
 294:Drivers/STM32F0xx_HAL_Driver/Src/stm32f0xx_hal.c ****   return uwTick;
 308              		.loc 1 294 3 view .LVU56
 309              		.loc 1 294 10 is_stmt 0 view .LVU57
 310 0000 014B     		ldr	r3, .L21
ARM GAS  C:\Users\rokko\AppData\Local\Temp\cckMNd8l.s 			page 12


 295:Drivers/STM32F0xx_HAL_Driver/Src/stm32f0xx_hal.c **** }
 311              		.loc 1 295 1 view .LVU58
 312              		@ sp needed
 294:Drivers/STM32F0xx_HAL_Driver/Src/stm32f0xx_hal.c ****   return uwTick;
 313              		.loc 1 294 10 view .LVU59
 314 0002 1868     		ldr	r0, [r3]
 315              		.loc 1 295 1 view .LVU60
 316 0004 7047     		bx	lr
 317              	.L22:
 318 0006 C046     		.align	2
 319              	.L21:
 320 0008 00000000 		.word	.LANCHOR2
 321              		.cfi_endproc
 322              	.LFE46:
 324              		.section	.text.HAL_GetTickPrio,"ax",%progbits
 325              		.align	1
 326              		.p2align 2,,3
 327              		.global	HAL_GetTickPrio
 328              		.syntax unified
 329              		.code	16
 330              		.thumb_func
 332              	HAL_GetTickPrio:
 333              	.LFB47:
 296:Drivers/STM32F0xx_HAL_Driver/Src/stm32f0xx_hal.c **** 
 297:Drivers/STM32F0xx_HAL_Driver/Src/stm32f0xx_hal.c **** /**
 298:Drivers/STM32F0xx_HAL_Driver/Src/stm32f0xx_hal.c ****   * @brief This function returns a tick priority.
 299:Drivers/STM32F0xx_HAL_Driver/Src/stm32f0xx_hal.c ****   * @retval tick priority
 300:Drivers/STM32F0xx_HAL_Driver/Src/stm32f0xx_hal.c ****   */
 301:Drivers/STM32F0xx_HAL_Driver/Src/stm32f0xx_hal.c **** uint32_t HAL_GetTickPrio(void)
 302:Drivers/STM32F0xx_HAL_Driver/Src/stm32f0xx_hal.c **** {
 334              		.loc 1 302 1 is_stmt 1 view -0
 335              		.cfi_startproc
 336              		@ args = 0, pretend = 0, frame = 0
 337              		@ frame_needed = 0, uses_anonymous_args = 0
 338              		@ link register save eliminated.
 303:Drivers/STM32F0xx_HAL_Driver/Src/stm32f0xx_hal.c ****   return uwTickPrio;
 339              		.loc 1 303 3 view .LVU62
 340              		.loc 1 303 10 is_stmt 0 view .LVU63
 341 0000 014B     		ldr	r3, .L24
 304:Drivers/STM32F0xx_HAL_Driver/Src/stm32f0xx_hal.c **** }
 342              		.loc 1 304 1 view .LVU64
 343              		@ sp needed
 303:Drivers/STM32F0xx_HAL_Driver/Src/stm32f0xx_hal.c ****   return uwTickPrio;
 344              		.loc 1 303 10 view .LVU65
 345 0002 1868     		ldr	r0, [r3]
 346              		.loc 1 304 1 view .LVU66
 347 0004 7047     		bx	lr
 348              	.L25:
 349 0006 C046     		.align	2
 350              	.L24:
 351 0008 00000000 		.word	.LANCHOR1
 352              		.cfi_endproc
 353              	.LFE47:
 355              		.section	.text.HAL_SetTickFreq,"ax",%progbits
 356              		.align	1
 357              		.p2align 2,,3
 358              		.global	HAL_SetTickFreq
ARM GAS  C:\Users\rokko\AppData\Local\Temp\cckMNd8l.s 			page 13


 359              		.syntax unified
 360              		.code	16
 361              		.thumb_func
 363              	HAL_SetTickFreq:
 364              	.LVL12:
 365              	.LFB48:
 305:Drivers/STM32F0xx_HAL_Driver/Src/stm32f0xx_hal.c **** 
 306:Drivers/STM32F0xx_HAL_Driver/Src/stm32f0xx_hal.c **** /**
 307:Drivers/STM32F0xx_HAL_Driver/Src/stm32f0xx_hal.c ****   * @brief Set new tick Freq.
 308:Drivers/STM32F0xx_HAL_Driver/Src/stm32f0xx_hal.c ****   * @retval status
 309:Drivers/STM32F0xx_HAL_Driver/Src/stm32f0xx_hal.c ****   */
 310:Drivers/STM32F0xx_HAL_Driver/Src/stm32f0xx_hal.c **** HAL_StatusTypeDef HAL_SetTickFreq(HAL_TickFreqTypeDef Freq)
 311:Drivers/STM32F0xx_HAL_Driver/Src/stm32f0xx_hal.c **** {
 366              		.loc 1 311 1 is_stmt 1 view -0
 367              		.cfi_startproc
 368              		@ args = 0, pretend = 0, frame = 0
 369              		@ frame_needed = 0, uses_anonymous_args = 0
 312:Drivers/STM32F0xx_HAL_Driver/Src/stm32f0xx_hal.c ****   HAL_StatusTypeDef status  = HAL_OK;
 370              		.loc 1 312 3 view .LVU68
 313:Drivers/STM32F0xx_HAL_Driver/Src/stm32f0xx_hal.c ****   HAL_TickFreqTypeDef prevTickFreq;
 371              		.loc 1 313 3 view .LVU69
 314:Drivers/STM32F0xx_HAL_Driver/Src/stm32f0xx_hal.c **** 
 315:Drivers/STM32F0xx_HAL_Driver/Src/stm32f0xx_hal.c ****   assert_param(IS_TICKFREQ(Freq));
 372              		.loc 1 315 3 view .LVU70
 316:Drivers/STM32F0xx_HAL_Driver/Src/stm32f0xx_hal.c **** 
 317:Drivers/STM32F0xx_HAL_Driver/Src/stm32f0xx_hal.c ****   if (uwTickFreq != Freq)
 373              		.loc 1 317 3 view .LVU71
 311:Drivers/STM32F0xx_HAL_Driver/Src/stm32f0xx_hal.c ****   HAL_StatusTypeDef status  = HAL_OK;
 374              		.loc 1 311 1 is_stmt 0 view .LVU72
 375 0000 70B5     		push	{r4, r5, r6, lr}
 376              	.LCFI3:
 377              		.cfi_def_cfa_offset 16
 378              		.cfi_offset 4, -16
 379              		.cfi_offset 5, -12
 380              		.cfi_offset 6, -8
 381              		.cfi_offset 14, -4
 382              		.loc 1 317 18 view .LVU73
 383 0002 084C     		ldr	r4, .L33
 311:Drivers/STM32F0xx_HAL_Driver/Src/stm32f0xx_hal.c ****   HAL_StatusTypeDef status  = HAL_OK;
 384              		.loc 1 311 1 view .LVU74
 385 0004 0300     		movs	r3, r0
 386              		.loc 1 317 18 view .LVU75
 387 0006 2578     		ldrb	r5, [r4]
 312:Drivers/STM32F0xx_HAL_Driver/Src/stm32f0xx_hal.c ****   HAL_TickFreqTypeDef prevTickFreq;
 388              		.loc 1 312 21 view .LVU76
 389 0008 0020     		movs	r0, #0
 390              	.LVL13:
 391              		.loc 1 317 6 view .LVU77
 392 000a 9D42     		cmp	r5, r3
 393 000c 00D1     		bne	.L32
 394              	.LVL14:
 395              	.L27:
 318:Drivers/STM32F0xx_HAL_Driver/Src/stm32f0xx_hal.c ****   {
 319:Drivers/STM32F0xx_HAL_Driver/Src/stm32f0xx_hal.c ****     /* Back up uwTickFreq frequency */
 320:Drivers/STM32F0xx_HAL_Driver/Src/stm32f0xx_hal.c ****     prevTickFreq = uwTickFreq;
 321:Drivers/STM32F0xx_HAL_Driver/Src/stm32f0xx_hal.c **** 
 322:Drivers/STM32F0xx_HAL_Driver/Src/stm32f0xx_hal.c ****     /* Update uwTickFreq global variable used by HAL_InitTick() */
ARM GAS  C:\Users\rokko\AppData\Local\Temp\cckMNd8l.s 			page 14


 323:Drivers/STM32F0xx_HAL_Driver/Src/stm32f0xx_hal.c ****     uwTickFreq = Freq;
 324:Drivers/STM32F0xx_HAL_Driver/Src/stm32f0xx_hal.c **** 
 325:Drivers/STM32F0xx_HAL_Driver/Src/stm32f0xx_hal.c ****     /* Apply the new tick Freq */
 326:Drivers/STM32F0xx_HAL_Driver/Src/stm32f0xx_hal.c ****     status = HAL_InitTick(uwTickPrio);
 327:Drivers/STM32F0xx_HAL_Driver/Src/stm32f0xx_hal.c **** 
 328:Drivers/STM32F0xx_HAL_Driver/Src/stm32f0xx_hal.c ****     if (status != HAL_OK)
 329:Drivers/STM32F0xx_HAL_Driver/Src/stm32f0xx_hal.c ****     {
 330:Drivers/STM32F0xx_HAL_Driver/Src/stm32f0xx_hal.c ****       /* Restore previous tick frequency */
 331:Drivers/STM32F0xx_HAL_Driver/Src/stm32f0xx_hal.c ****       uwTickFreq = prevTickFreq;
 332:Drivers/STM32F0xx_HAL_Driver/Src/stm32f0xx_hal.c ****     }
 333:Drivers/STM32F0xx_HAL_Driver/Src/stm32f0xx_hal.c ****   }
 334:Drivers/STM32F0xx_HAL_Driver/Src/stm32f0xx_hal.c **** 
 335:Drivers/STM32F0xx_HAL_Driver/Src/stm32f0xx_hal.c ****   return status;
 396              		.loc 1 335 3 is_stmt 1 view .LVU78
 336:Drivers/STM32F0xx_HAL_Driver/Src/stm32f0xx_hal.c **** }
 397              		.loc 1 336 1 is_stmt 0 view .LVU79
 398              		@ sp needed
 399 000e 70BD     		pop	{r4, r5, r6, pc}
 400              	.LVL15:
 401              	.L32:
 320:Drivers/STM32F0xx_HAL_Driver/Src/stm32f0xx_hal.c **** 
 402              		.loc 1 320 5 is_stmt 1 view .LVU80
 323:Drivers/STM32F0xx_HAL_Driver/Src/stm32f0xx_hal.c **** 
 403              		.loc 1 323 5 view .LVU81
 323:Drivers/STM32F0xx_HAL_Driver/Src/stm32f0xx_hal.c **** 
 404              		.loc 1 323 16 is_stmt 0 view .LVU82
 405 0010 2370     		strb	r3, [r4]
 326:Drivers/STM32F0xx_HAL_Driver/Src/stm32f0xx_hal.c **** 
 406              		.loc 1 326 5 is_stmt 1 view .LVU83
 326:Drivers/STM32F0xx_HAL_Driver/Src/stm32f0xx_hal.c **** 
 407              		.loc 1 326 14 is_stmt 0 view .LVU84
 408 0012 054B     		ldr	r3, .L33+4
 409 0014 1868     		ldr	r0, [r3]
 410 0016 FFF7FEFF 		bl	HAL_InitTick
 411              	.LVL16:
 328:Drivers/STM32F0xx_HAL_Driver/Src/stm32f0xx_hal.c ****     {
 412              		.loc 1 328 5 is_stmt 1 view .LVU85
 328:Drivers/STM32F0xx_HAL_Driver/Src/stm32f0xx_hal.c ****     {
 413              		.loc 1 328 8 is_stmt 0 view .LVU86
 414 001a 0028     		cmp	r0, #0
 415 001c F7D0     		beq	.L27
 331:Drivers/STM32F0xx_HAL_Driver/Src/stm32f0xx_hal.c ****     }
 416              		.loc 1 331 7 is_stmt 1 view .LVU87
 331:Drivers/STM32F0xx_HAL_Driver/Src/stm32f0xx_hal.c ****     }
 417              		.loc 1 331 18 is_stmt 0 view .LVU88
 418 001e 2570     		strb	r5, [r4]
 419 0020 F5E7     		b	.L27
 420              	.L34:
 421 0022 C046     		.align	2
 422              	.L33:
 423 0024 00000000 		.word	.LANCHOR0
 424 0028 00000000 		.word	.LANCHOR1
 425              		.cfi_endproc
 426              	.LFE48:
 428              		.section	.text.HAL_GetTickFreq,"ax",%progbits
 429              		.align	1
 430              		.p2align 2,,3
ARM GAS  C:\Users\rokko\AppData\Local\Temp\cckMNd8l.s 			page 15


 431              		.global	HAL_GetTickFreq
 432              		.syntax unified
 433              		.code	16
 434              		.thumb_func
 436              	HAL_GetTickFreq:
 437              	.LFB49:
 337:Drivers/STM32F0xx_HAL_Driver/Src/stm32f0xx_hal.c **** 
 338:Drivers/STM32F0xx_HAL_Driver/Src/stm32f0xx_hal.c **** /**
 339:Drivers/STM32F0xx_HAL_Driver/Src/stm32f0xx_hal.c ****   * @brief return tick frequency.
 340:Drivers/STM32F0xx_HAL_Driver/Src/stm32f0xx_hal.c ****   * @retval tick period in Hz
 341:Drivers/STM32F0xx_HAL_Driver/Src/stm32f0xx_hal.c ****   */
 342:Drivers/STM32F0xx_HAL_Driver/Src/stm32f0xx_hal.c **** HAL_TickFreqTypeDef HAL_GetTickFreq(void)
 343:Drivers/STM32F0xx_HAL_Driver/Src/stm32f0xx_hal.c **** {
 438              		.loc 1 343 1 is_stmt 1 view -0
 439              		.cfi_startproc
 440              		@ args = 0, pretend = 0, frame = 0
 441              		@ frame_needed = 0, uses_anonymous_args = 0
 442              		@ link register save eliminated.
 344:Drivers/STM32F0xx_HAL_Driver/Src/stm32f0xx_hal.c ****   return uwTickFreq;
 443              		.loc 1 344 3 view .LVU90
 444              		.loc 1 344 10 is_stmt 0 view .LVU91
 445 0000 014B     		ldr	r3, .L36
 345:Drivers/STM32F0xx_HAL_Driver/Src/stm32f0xx_hal.c **** }
 446              		.loc 1 345 1 view .LVU92
 447              		@ sp needed
 344:Drivers/STM32F0xx_HAL_Driver/Src/stm32f0xx_hal.c ****   return uwTickFreq;
 448              		.loc 1 344 10 view .LVU93
 449 0002 1878     		ldrb	r0, [r3]
 450              		.loc 1 345 1 view .LVU94
 451 0004 7047     		bx	lr
 452              	.L37:
 453 0006 C046     		.align	2
 454              	.L36:
 455 0008 00000000 		.word	.LANCHOR0
 456              		.cfi_endproc
 457              	.LFE49:
 459              		.section	.text.HAL_Delay,"ax",%progbits
 460              		.align	1
 461              		.p2align 2,,3
 462              		.weak	HAL_Delay
 463              		.syntax unified
 464              		.code	16
 465              		.thumb_func
 467              	HAL_Delay:
 468              	.LVL17:
 469              	.LFB50:
 346:Drivers/STM32F0xx_HAL_Driver/Src/stm32f0xx_hal.c **** 
 347:Drivers/STM32F0xx_HAL_Driver/Src/stm32f0xx_hal.c **** /**
 348:Drivers/STM32F0xx_HAL_Driver/Src/stm32f0xx_hal.c ****   * @brief This function provides accurate delay (in milliseconds) based 
 349:Drivers/STM32F0xx_HAL_Driver/Src/stm32f0xx_hal.c ****   *        on variable incremented.
 350:Drivers/STM32F0xx_HAL_Driver/Src/stm32f0xx_hal.c ****   * @note In the default implementation , SysTick timer is the source of time base.
 351:Drivers/STM32F0xx_HAL_Driver/Src/stm32f0xx_hal.c ****   *       It is used to generate interrupts at regular time intervals where uwTick
 352:Drivers/STM32F0xx_HAL_Driver/Src/stm32f0xx_hal.c ****   *       is incremented.
 353:Drivers/STM32F0xx_HAL_Driver/Src/stm32f0xx_hal.c ****   * @note ThiS function is declared as __weak to be overwritten in case of other
 354:Drivers/STM32F0xx_HAL_Driver/Src/stm32f0xx_hal.c ****   *       implementations in user file.
 355:Drivers/STM32F0xx_HAL_Driver/Src/stm32f0xx_hal.c ****   * @param Delay specifies the delay time length, in milliseconds.
 356:Drivers/STM32F0xx_HAL_Driver/Src/stm32f0xx_hal.c ****   * @retval None
ARM GAS  C:\Users\rokko\AppData\Local\Temp\cckMNd8l.s 			page 16


 357:Drivers/STM32F0xx_HAL_Driver/Src/stm32f0xx_hal.c ****   */
 358:Drivers/STM32F0xx_HAL_Driver/Src/stm32f0xx_hal.c **** __weak void HAL_Delay(uint32_t Delay)
 359:Drivers/STM32F0xx_HAL_Driver/Src/stm32f0xx_hal.c **** {
 470              		.loc 1 359 1 is_stmt 1 view -0
 471              		.cfi_startproc
 472              		@ args = 0, pretend = 0, frame = 0
 473              		@ frame_needed = 0, uses_anonymous_args = 0
 360:Drivers/STM32F0xx_HAL_Driver/Src/stm32f0xx_hal.c ****   uint32_t tickstart = HAL_GetTick();
 474              		.loc 1 360 3 view .LVU96
 359:Drivers/STM32F0xx_HAL_Driver/Src/stm32f0xx_hal.c ****   uint32_t tickstart = HAL_GetTick();
 475              		.loc 1 359 1 is_stmt 0 view .LVU97
 476 0000 70B5     		push	{r4, r5, r6, lr}
 477              	.LCFI4:
 478              		.cfi_def_cfa_offset 16
 479              		.cfi_offset 4, -16
 480              		.cfi_offset 5, -12
 481              		.cfi_offset 6, -8
 482              		.cfi_offset 14, -4
 359:Drivers/STM32F0xx_HAL_Driver/Src/stm32f0xx_hal.c ****   uint32_t tickstart = HAL_GetTick();
 483              		.loc 1 359 1 view .LVU98
 484 0002 0400     		movs	r4, r0
 485              		.loc 1 360 24 view .LVU99
 486 0004 FFF7FEFF 		bl	HAL_GetTick
 487              	.LVL18:
 488              		.loc 1 360 24 view .LVU100
 489 0008 0500     		movs	r5, r0
 490              	.LVL19:
 361:Drivers/STM32F0xx_HAL_Driver/Src/stm32f0xx_hal.c ****   uint32_t wait = Delay;
 491              		.loc 1 361 3 is_stmt 1 view .LVU101
 362:Drivers/STM32F0xx_HAL_Driver/Src/stm32f0xx_hal.c ****   
 363:Drivers/STM32F0xx_HAL_Driver/Src/stm32f0xx_hal.c ****   /* Add a freq to guarantee minimum wait */
 364:Drivers/STM32F0xx_HAL_Driver/Src/stm32f0xx_hal.c ****   if (wait < HAL_MAX_DELAY)
 492              		.loc 1 364 3 view .LVU102
 493              		.loc 1 364 6 is_stmt 0 view .LVU103
 494 000a 631C     		adds	r3, r4, #1
 495 000c 02D0     		beq	.L40
 365:Drivers/STM32F0xx_HAL_Driver/Src/stm32f0xx_hal.c ****   {
 366:Drivers/STM32F0xx_HAL_Driver/Src/stm32f0xx_hal.c ****     wait += (uint32_t)(uwTickFreq);
 496              		.loc 1 366 5 is_stmt 1 view .LVU104
 497              		.loc 1 366 13 is_stmt 0 view .LVU105
 498 000e 044B     		ldr	r3, .L45
 499 0010 1B78     		ldrb	r3, [r3]
 500              		.loc 1 366 10 view .LVU106
 501 0012 E418     		adds	r4, r4, r3
 502              	.LVL20:
 503              	.L40:
 367:Drivers/STM32F0xx_HAL_Driver/Src/stm32f0xx_hal.c ****   }
 368:Drivers/STM32F0xx_HAL_Driver/Src/stm32f0xx_hal.c ****   
 369:Drivers/STM32F0xx_HAL_Driver/Src/stm32f0xx_hal.c ****   while((HAL_GetTick() - tickstart) < wait)
 370:Drivers/STM32F0xx_HAL_Driver/Src/stm32f0xx_hal.c ****   {
 371:Drivers/STM32F0xx_HAL_Driver/Src/stm32f0xx_hal.c ****   }
 504              		.loc 1 371 3 is_stmt 1 discriminator 1 view .LVU107
 369:Drivers/STM32F0xx_HAL_Driver/Src/stm32f0xx_hal.c ****   {
 505              		.loc 1 369 8 discriminator 1 view .LVU108
 369:Drivers/STM32F0xx_HAL_Driver/Src/stm32f0xx_hal.c ****   {
 506              		.loc 1 369 10 is_stmt 0 discriminator 1 view .LVU109
 507 0014 FFF7FEFF 		bl	HAL_GetTick
ARM GAS  C:\Users\rokko\AppData\Local\Temp\cckMNd8l.s 			page 17


 508              	.LVL21:
 369:Drivers/STM32F0xx_HAL_Driver/Src/stm32f0xx_hal.c ****   {
 509              		.loc 1 369 24 discriminator 1 view .LVU110
 510 0018 401B     		subs	r0, r0, r5
 369:Drivers/STM32F0xx_HAL_Driver/Src/stm32f0xx_hal.c ****   {
 511              		.loc 1 369 8 discriminator 1 view .LVU111
 512 001a A042     		cmp	r0, r4
 513 001c FAD3     		bcc	.L40
 372:Drivers/STM32F0xx_HAL_Driver/Src/stm32f0xx_hal.c **** }
 514              		.loc 1 372 1 view .LVU112
 515              		@ sp needed
 516              	.LVL22:
 517              	.LVL23:
 518              		.loc 1 372 1 view .LVU113
 519 001e 70BD     		pop	{r4, r5, r6, pc}
 520              	.L46:
 521              		.align	2
 522              	.L45:
 523 0020 00000000 		.word	.LANCHOR0
 524              		.cfi_endproc
 525              	.LFE50:
 527              		.section	.text.HAL_SuspendTick,"ax",%progbits
 528              		.align	1
 529              		.p2align 2,,3
 530              		.weak	HAL_SuspendTick
 531              		.syntax unified
 532              		.code	16
 533              		.thumb_func
 535              	HAL_SuspendTick:
 536              	.LFB51:
 373:Drivers/STM32F0xx_HAL_Driver/Src/stm32f0xx_hal.c **** 
 374:Drivers/STM32F0xx_HAL_Driver/Src/stm32f0xx_hal.c **** /**
 375:Drivers/STM32F0xx_HAL_Driver/Src/stm32f0xx_hal.c ****   * @brief Suspend Tick increment.
 376:Drivers/STM32F0xx_HAL_Driver/Src/stm32f0xx_hal.c ****   * @note In the default implementation , SysTick timer is the source of time base. It is
 377:Drivers/STM32F0xx_HAL_Driver/Src/stm32f0xx_hal.c ****   *       used to generate interrupts at regular time intervals. Once HAL_SuspendTick()
 378:Drivers/STM32F0xx_HAL_Driver/Src/stm32f0xx_hal.c ****   *       is called, the the SysTick interrupt will be disabled and so Tick increment 
 379:Drivers/STM32F0xx_HAL_Driver/Src/stm32f0xx_hal.c ****   *       is suspended.
 380:Drivers/STM32F0xx_HAL_Driver/Src/stm32f0xx_hal.c ****   * @note This function is declared as __weak to be overwritten in case of other
 381:Drivers/STM32F0xx_HAL_Driver/Src/stm32f0xx_hal.c ****   *       implementations in user file.
 382:Drivers/STM32F0xx_HAL_Driver/Src/stm32f0xx_hal.c ****   * @retval None
 383:Drivers/STM32F0xx_HAL_Driver/Src/stm32f0xx_hal.c ****   */
 384:Drivers/STM32F0xx_HAL_Driver/Src/stm32f0xx_hal.c **** __weak void HAL_SuspendTick(void)
 385:Drivers/STM32F0xx_HAL_Driver/Src/stm32f0xx_hal.c **** 
 386:Drivers/STM32F0xx_HAL_Driver/Src/stm32f0xx_hal.c **** {
 537              		.loc 1 386 1 is_stmt 1 view -0
 538              		.cfi_startproc
 539              		@ args = 0, pretend = 0, frame = 0
 540              		@ frame_needed = 0, uses_anonymous_args = 0
 541              		@ link register save eliminated.
 387:Drivers/STM32F0xx_HAL_Driver/Src/stm32f0xx_hal.c ****   /* Disable SysTick Interrupt */
 388:Drivers/STM32F0xx_HAL_Driver/Src/stm32f0xx_hal.c ****   CLEAR_BIT(SysTick->CTRL,SysTick_CTRL_TICKINT_Msk);
 542              		.loc 1 388 3 view .LVU115
 543 0000 0221     		movs	r1, #2
 389:Drivers/STM32F0xx_HAL_Driver/Src/stm32f0xx_hal.c **** }
 544              		.loc 1 389 1 is_stmt 0 view .LVU116
 545              		@ sp needed
 388:Drivers/STM32F0xx_HAL_Driver/Src/stm32f0xx_hal.c **** }
ARM GAS  C:\Users\rokko\AppData\Local\Temp\cckMNd8l.s 			page 18


 546              		.loc 1 388 3 view .LVU117
 547 0002 024A     		ldr	r2, .L48
 548 0004 1368     		ldr	r3, [r2]
 549 0006 8B43     		bics	r3, r1
 550 0008 1360     		str	r3, [r2]
 551              		.loc 1 389 1 view .LVU118
 552 000a 7047     		bx	lr
 553              	.L49:
 554              		.align	2
 555              	.L48:
 556 000c 10E000E0 		.word	-536813552
 557              		.cfi_endproc
 558              	.LFE51:
 560              		.section	.text.HAL_ResumeTick,"ax",%progbits
 561              		.align	1
 562              		.p2align 2,,3
 563              		.weak	HAL_ResumeTick
 564              		.syntax unified
 565              		.code	16
 566              		.thumb_func
 568              	HAL_ResumeTick:
 569              	.LFB52:
 390:Drivers/STM32F0xx_HAL_Driver/Src/stm32f0xx_hal.c **** 
 391:Drivers/STM32F0xx_HAL_Driver/Src/stm32f0xx_hal.c **** /**
 392:Drivers/STM32F0xx_HAL_Driver/Src/stm32f0xx_hal.c ****   * @brief Resume Tick increment.
 393:Drivers/STM32F0xx_HAL_Driver/Src/stm32f0xx_hal.c ****   * @note In the default implementation , SysTick timer is the source of time base. It is
 394:Drivers/STM32F0xx_HAL_Driver/Src/stm32f0xx_hal.c ****   *       used to generate interrupts at regular time intervals. Once HAL_ResumeTick()
 395:Drivers/STM32F0xx_HAL_Driver/Src/stm32f0xx_hal.c ****   *       is called, the the SysTick interrupt will be enabled and so Tick increment 
 396:Drivers/STM32F0xx_HAL_Driver/Src/stm32f0xx_hal.c ****   *       is resumed.
 397:Drivers/STM32F0xx_HAL_Driver/Src/stm32f0xx_hal.c ****   * @note This function is declared as __weak  to be overwritten  in case of other
 398:Drivers/STM32F0xx_HAL_Driver/Src/stm32f0xx_hal.c ****   *       implementations in user file.
 399:Drivers/STM32F0xx_HAL_Driver/Src/stm32f0xx_hal.c ****   * @retval None
 400:Drivers/STM32F0xx_HAL_Driver/Src/stm32f0xx_hal.c ****   */
 401:Drivers/STM32F0xx_HAL_Driver/Src/stm32f0xx_hal.c **** __weak void HAL_ResumeTick(void)
 402:Drivers/STM32F0xx_HAL_Driver/Src/stm32f0xx_hal.c **** {
 570              		.loc 1 402 1 is_stmt 1 view -0
 571              		.cfi_startproc
 572              		@ args = 0, pretend = 0, frame = 0
 573              		@ frame_needed = 0, uses_anonymous_args = 0
 574              		@ link register save eliminated.
 403:Drivers/STM32F0xx_HAL_Driver/Src/stm32f0xx_hal.c ****   /* Enable SysTick Interrupt */
 404:Drivers/STM32F0xx_HAL_Driver/Src/stm32f0xx_hal.c ****   SET_BIT(SysTick->CTRL,SysTick_CTRL_TICKINT_Msk);
 575              		.loc 1 404 3 view .LVU120
 576 0000 0221     		movs	r1, #2
 405:Drivers/STM32F0xx_HAL_Driver/Src/stm32f0xx_hal.c **** }
 577              		.loc 1 405 1 is_stmt 0 view .LVU121
 578              		@ sp needed
 404:Drivers/STM32F0xx_HAL_Driver/Src/stm32f0xx_hal.c **** }
 579              		.loc 1 404 3 view .LVU122
 580 0002 024A     		ldr	r2, .L51
 581 0004 1368     		ldr	r3, [r2]
 582 0006 0B43     		orrs	r3, r1
 583 0008 1360     		str	r3, [r2]
 584              		.loc 1 405 1 view .LVU123
 585 000a 7047     		bx	lr
 586              	.L52:
 587              		.align	2
ARM GAS  C:\Users\rokko\AppData\Local\Temp\cckMNd8l.s 			page 19


 588              	.L51:
 589 000c 10E000E0 		.word	-536813552
 590              		.cfi_endproc
 591              	.LFE52:
 593              		.section	.text.HAL_GetHalVersion,"ax",%progbits
 594              		.align	1
 595              		.p2align 2,,3
 596              		.global	HAL_GetHalVersion
 597              		.syntax unified
 598              		.code	16
 599              		.thumb_func
 601              	HAL_GetHalVersion:
 602              	.LFB53:
 406:Drivers/STM32F0xx_HAL_Driver/Src/stm32f0xx_hal.c **** 
 407:Drivers/STM32F0xx_HAL_Driver/Src/stm32f0xx_hal.c **** /**
 408:Drivers/STM32F0xx_HAL_Driver/Src/stm32f0xx_hal.c ****   * @brief  This method returns the HAL revision
 409:Drivers/STM32F0xx_HAL_Driver/Src/stm32f0xx_hal.c ****   * @retval version 0xXYZR (8bits for each decimal, R for RC)
 410:Drivers/STM32F0xx_HAL_Driver/Src/stm32f0xx_hal.c ****   */
 411:Drivers/STM32F0xx_HAL_Driver/Src/stm32f0xx_hal.c **** uint32_t HAL_GetHalVersion(void)
 412:Drivers/STM32F0xx_HAL_Driver/Src/stm32f0xx_hal.c **** {
 603              		.loc 1 412 1 is_stmt 1 view -0
 604              		.cfi_startproc
 605              		@ args = 0, pretend = 0, frame = 0
 606              		@ frame_needed = 0, uses_anonymous_args = 0
 607              		@ link register save eliminated.
 413:Drivers/STM32F0xx_HAL_Driver/Src/stm32f0xx_hal.c ****  return __STM32F0xx_HAL_VERSION;
 608              		.loc 1 413 2 view .LVU125
 414:Drivers/STM32F0xx_HAL_Driver/Src/stm32f0xx_hal.c **** }
 609              		.loc 1 414 1 is_stmt 0 view .LVU126
 610 0000 0048     		ldr	r0, .L54
 611              		@ sp needed
 612 0002 7047     		bx	lr
 613              	.L55:
 614              		.align	2
 615              	.L54:
 616 0004 00060701 		.word	17237504
 617              		.cfi_endproc
 618              	.LFE53:
 620              		.section	.text.HAL_GetREVID,"ax",%progbits
 621              		.align	1
 622              		.p2align 2,,3
 623              		.global	HAL_GetREVID
 624              		.syntax unified
 625              		.code	16
 626              		.thumb_func
 628              	HAL_GetREVID:
 629              	.LFB54:
 415:Drivers/STM32F0xx_HAL_Driver/Src/stm32f0xx_hal.c **** 
 416:Drivers/STM32F0xx_HAL_Driver/Src/stm32f0xx_hal.c **** /**
 417:Drivers/STM32F0xx_HAL_Driver/Src/stm32f0xx_hal.c ****   * @brief  Returns the device revision identifier.
 418:Drivers/STM32F0xx_HAL_Driver/Src/stm32f0xx_hal.c ****   * @retval Device revision identifier
 419:Drivers/STM32F0xx_HAL_Driver/Src/stm32f0xx_hal.c ****   */
 420:Drivers/STM32F0xx_HAL_Driver/Src/stm32f0xx_hal.c **** uint32_t HAL_GetREVID(void)
 421:Drivers/STM32F0xx_HAL_Driver/Src/stm32f0xx_hal.c **** {
 630              		.loc 1 421 1 is_stmt 1 view -0
 631              		.cfi_startproc
 632              		@ args = 0, pretend = 0, frame = 0
ARM GAS  C:\Users\rokko\AppData\Local\Temp\cckMNd8l.s 			page 20


 633              		@ frame_needed = 0, uses_anonymous_args = 0
 634              		@ link register save eliminated.
 422:Drivers/STM32F0xx_HAL_Driver/Src/stm32f0xx_hal.c ****    return((DBGMCU->IDCODE) >> 16U);
 635              		.loc 1 422 4 view .LVU128
 636              		.loc 1 422 18 is_stmt 0 view .LVU129
 637 0000 014B     		ldr	r3, .L57
 423:Drivers/STM32F0xx_HAL_Driver/Src/stm32f0xx_hal.c **** }
 638              		.loc 1 423 1 view .LVU130
 639              		@ sp needed
 422:Drivers/STM32F0xx_HAL_Driver/Src/stm32f0xx_hal.c ****    return((DBGMCU->IDCODE) >> 16U);
 640              		.loc 1 422 18 view .LVU131
 641 0002 1868     		ldr	r0, [r3]
 422:Drivers/STM32F0xx_HAL_Driver/Src/stm32f0xx_hal.c ****    return((DBGMCU->IDCODE) >> 16U);
 642              		.loc 1 422 28 view .LVU132
 643 0004 000C     		lsrs	r0, r0, #16
 644              		.loc 1 423 1 view .LVU133
 645 0006 7047     		bx	lr
 646              	.L58:
 647              		.align	2
 648              	.L57:
 649 0008 00580140 		.word	1073829888
 650              		.cfi_endproc
 651              	.LFE54:
 653              		.section	.text.HAL_GetDEVID,"ax",%progbits
 654              		.align	1
 655              		.p2align 2,,3
 656              		.global	HAL_GetDEVID
 657              		.syntax unified
 658              		.code	16
 659              		.thumb_func
 661              	HAL_GetDEVID:
 662              	.LFB55:
 424:Drivers/STM32F0xx_HAL_Driver/Src/stm32f0xx_hal.c **** 
 425:Drivers/STM32F0xx_HAL_Driver/Src/stm32f0xx_hal.c **** /**
 426:Drivers/STM32F0xx_HAL_Driver/Src/stm32f0xx_hal.c ****   * @brief  Returns the device identifier.
 427:Drivers/STM32F0xx_HAL_Driver/Src/stm32f0xx_hal.c ****   * @retval Device identifier
 428:Drivers/STM32F0xx_HAL_Driver/Src/stm32f0xx_hal.c ****   */
 429:Drivers/STM32F0xx_HAL_Driver/Src/stm32f0xx_hal.c **** uint32_t HAL_GetDEVID(void)
 430:Drivers/STM32F0xx_HAL_Driver/Src/stm32f0xx_hal.c **** {
 663              		.loc 1 430 1 is_stmt 1 view -0
 664              		.cfi_startproc
 665              		@ args = 0, pretend = 0, frame = 0
 666              		@ frame_needed = 0, uses_anonymous_args = 0
 667              		@ link register save eliminated.
 431:Drivers/STM32F0xx_HAL_Driver/Src/stm32f0xx_hal.c ****    return((DBGMCU->IDCODE) & IDCODE_DEVID_MASK);
 668              		.loc 1 431 4 view .LVU135
 669              		.loc 1 431 18 is_stmt 0 view .LVU136
 670 0000 024B     		ldr	r3, .L60
 432:Drivers/STM32F0xx_HAL_Driver/Src/stm32f0xx_hal.c **** }
 671              		.loc 1 432 1 view .LVU137
 672              		@ sp needed
 431:Drivers/STM32F0xx_HAL_Driver/Src/stm32f0xx_hal.c ****    return((DBGMCU->IDCODE) & IDCODE_DEVID_MASK);
 673              		.loc 1 431 18 view .LVU138
 674 0002 1868     		ldr	r0, [r3]
 431:Drivers/STM32F0xx_HAL_Driver/Src/stm32f0xx_hal.c ****    return((DBGMCU->IDCODE) & IDCODE_DEVID_MASK);
 675              		.loc 1 431 28 view .LVU139
 676 0004 0005     		lsls	r0, r0, #20
ARM GAS  C:\Users\rokko\AppData\Local\Temp\cckMNd8l.s 			page 21


 677 0006 000D     		lsrs	r0, r0, #20
 678              		.loc 1 432 1 view .LVU140
 679 0008 7047     		bx	lr
 680              	.L61:
 681 000a C046     		.align	2
 682              	.L60:
 683 000c 00580140 		.word	1073829888
 684              		.cfi_endproc
 685              	.LFE55:
 687              		.section	.text.HAL_GetUIDw0,"ax",%progbits
 688              		.align	1
 689              		.p2align 2,,3
 690              		.global	HAL_GetUIDw0
 691              		.syntax unified
 692              		.code	16
 693              		.thumb_func
 695              	HAL_GetUIDw0:
 696              	.LFB56:
 433:Drivers/STM32F0xx_HAL_Driver/Src/stm32f0xx_hal.c **** 
 434:Drivers/STM32F0xx_HAL_Driver/Src/stm32f0xx_hal.c **** /**
 435:Drivers/STM32F0xx_HAL_Driver/Src/stm32f0xx_hal.c ****   * @brief  Returns first word of the unique device identifier (UID based on 96 bits)
 436:Drivers/STM32F0xx_HAL_Driver/Src/stm32f0xx_hal.c ****   * @retval Device identifier
 437:Drivers/STM32F0xx_HAL_Driver/Src/stm32f0xx_hal.c ****   */
 438:Drivers/STM32F0xx_HAL_Driver/Src/stm32f0xx_hal.c **** uint32_t HAL_GetUIDw0(void)
 439:Drivers/STM32F0xx_HAL_Driver/Src/stm32f0xx_hal.c **** {
 697              		.loc 1 439 1 is_stmt 1 view -0
 698              		.cfi_startproc
 699              		@ args = 0, pretend = 0, frame = 0
 700              		@ frame_needed = 0, uses_anonymous_args = 0
 701              		@ link register save eliminated.
 440:Drivers/STM32F0xx_HAL_Driver/Src/stm32f0xx_hal.c ****    return(READ_REG(*((uint32_t *)UID_BASE)));
 702              		.loc 1 440 4 view .LVU142
 703              		.loc 1 440 11 is_stmt 0 view .LVU143
 704 0000 014B     		ldr	r3, .L63
 441:Drivers/STM32F0xx_HAL_Driver/Src/stm32f0xx_hal.c **** }
 705              		.loc 1 441 1 view .LVU144
 706              		@ sp needed
 440:Drivers/STM32F0xx_HAL_Driver/Src/stm32f0xx_hal.c ****    return(READ_REG(*((uint32_t *)UID_BASE)));
 707              		.loc 1 440 11 view .LVU145
 708 0002 1868     		ldr	r0, [r3]
 709              		.loc 1 441 1 view .LVU146
 710 0004 7047     		bx	lr
 711              	.L64:
 712 0006 C046     		.align	2
 713              	.L63:
 714 0008 ACF7FF1F 		.word	536868780
 715              		.cfi_endproc
 716              	.LFE56:
 718              		.section	.text.HAL_GetUIDw1,"ax",%progbits
 719              		.align	1
 720              		.p2align 2,,3
 721              		.global	HAL_GetUIDw1
 722              		.syntax unified
 723              		.code	16
 724              		.thumb_func
 726              	HAL_GetUIDw1:
 727              	.LFB57:
ARM GAS  C:\Users\rokko\AppData\Local\Temp\cckMNd8l.s 			page 22


 442:Drivers/STM32F0xx_HAL_Driver/Src/stm32f0xx_hal.c **** 
 443:Drivers/STM32F0xx_HAL_Driver/Src/stm32f0xx_hal.c **** /**
 444:Drivers/STM32F0xx_HAL_Driver/Src/stm32f0xx_hal.c ****   * @brief  Returns second word of the unique device identifier (UID based on 96 bits)
 445:Drivers/STM32F0xx_HAL_Driver/Src/stm32f0xx_hal.c ****   * @retval Device identifier
 446:Drivers/STM32F0xx_HAL_Driver/Src/stm32f0xx_hal.c ****   */
 447:Drivers/STM32F0xx_HAL_Driver/Src/stm32f0xx_hal.c **** uint32_t HAL_GetUIDw1(void)
 448:Drivers/STM32F0xx_HAL_Driver/Src/stm32f0xx_hal.c **** {
 728              		.loc 1 448 1 is_stmt 1 view -0
 729              		.cfi_startproc
 730              		@ args = 0, pretend = 0, frame = 0
 731              		@ frame_needed = 0, uses_anonymous_args = 0
 732              		@ link register save eliminated.
 449:Drivers/STM32F0xx_HAL_Driver/Src/stm32f0xx_hal.c ****    return(READ_REG(*((uint32_t *)(UID_BASE + 4U))));
 733              		.loc 1 449 4 view .LVU148
 734              		.loc 1 449 11 is_stmt 0 view .LVU149
 735 0000 014B     		ldr	r3, .L66
 450:Drivers/STM32F0xx_HAL_Driver/Src/stm32f0xx_hal.c **** }
 736              		.loc 1 450 1 view .LVU150
 737              		@ sp needed
 449:Drivers/STM32F0xx_HAL_Driver/Src/stm32f0xx_hal.c ****    return(READ_REG(*((uint32_t *)(UID_BASE + 4U))));
 738              		.loc 1 449 11 view .LVU151
 739 0002 1868     		ldr	r0, [r3]
 740              		.loc 1 450 1 view .LVU152
 741 0004 7047     		bx	lr
 742              	.L67:
 743 0006 C046     		.align	2
 744              	.L66:
 745 0008 B0F7FF1F 		.word	536868784
 746              		.cfi_endproc
 747              	.LFE57:
 749              		.section	.text.HAL_GetUIDw2,"ax",%progbits
 750              		.align	1
 751              		.p2align 2,,3
 752              		.global	HAL_GetUIDw2
 753              		.syntax unified
 754              		.code	16
 755              		.thumb_func
 757              	HAL_GetUIDw2:
 758              	.LFB58:
 451:Drivers/STM32F0xx_HAL_Driver/Src/stm32f0xx_hal.c **** 
 452:Drivers/STM32F0xx_HAL_Driver/Src/stm32f0xx_hal.c **** /**
 453:Drivers/STM32F0xx_HAL_Driver/Src/stm32f0xx_hal.c ****   * @brief  Returns third word of the unique device identifier (UID based on 96 bits)
 454:Drivers/STM32F0xx_HAL_Driver/Src/stm32f0xx_hal.c ****   * @retval Device identifier
 455:Drivers/STM32F0xx_HAL_Driver/Src/stm32f0xx_hal.c ****   */
 456:Drivers/STM32F0xx_HAL_Driver/Src/stm32f0xx_hal.c **** uint32_t HAL_GetUIDw2(void)
 457:Drivers/STM32F0xx_HAL_Driver/Src/stm32f0xx_hal.c **** {
 759              		.loc 1 457 1 is_stmt 1 view -0
 760              		.cfi_startproc
 761              		@ args = 0, pretend = 0, frame = 0
 762              		@ frame_needed = 0, uses_anonymous_args = 0
 763              		@ link register save eliminated.
 458:Drivers/STM32F0xx_HAL_Driver/Src/stm32f0xx_hal.c ****    return(READ_REG(*((uint32_t *)(UID_BASE + 8U))));
 764              		.loc 1 458 4 view .LVU154
 765              		.loc 1 458 11 is_stmt 0 view .LVU155
 766 0000 014B     		ldr	r3, .L69
 459:Drivers/STM32F0xx_HAL_Driver/Src/stm32f0xx_hal.c **** }
 767              		.loc 1 459 1 view .LVU156
ARM GAS  C:\Users\rokko\AppData\Local\Temp\cckMNd8l.s 			page 23


 768              		@ sp needed
 458:Drivers/STM32F0xx_HAL_Driver/Src/stm32f0xx_hal.c ****    return(READ_REG(*((uint32_t *)(UID_BASE + 8U))));
 769              		.loc 1 458 11 view .LVU157
 770 0002 1868     		ldr	r0, [r3]
 771              		.loc 1 459 1 view .LVU158
 772 0004 7047     		bx	lr
 773              	.L70:
 774 0006 C046     		.align	2
 775              	.L69:
 776 0008 B4F7FF1F 		.word	536868788
 777              		.cfi_endproc
 778              	.LFE58:
 780              		.section	.text.HAL_DBGMCU_EnableDBGStopMode,"ax",%progbits
 781              		.align	1
 782              		.p2align 2,,3
 783              		.global	HAL_DBGMCU_EnableDBGStopMode
 784              		.syntax unified
 785              		.code	16
 786              		.thumb_func
 788              	HAL_DBGMCU_EnableDBGStopMode:
 789              	.LFB59:
 460:Drivers/STM32F0xx_HAL_Driver/Src/stm32f0xx_hal.c **** 
 461:Drivers/STM32F0xx_HAL_Driver/Src/stm32f0xx_hal.c **** /**
 462:Drivers/STM32F0xx_HAL_Driver/Src/stm32f0xx_hal.c ****   * @brief  Enable the Debug Module during STOP mode
 463:Drivers/STM32F0xx_HAL_Driver/Src/stm32f0xx_hal.c ****   * @retval None
 464:Drivers/STM32F0xx_HAL_Driver/Src/stm32f0xx_hal.c ****   */
 465:Drivers/STM32F0xx_HAL_Driver/Src/stm32f0xx_hal.c **** void HAL_DBGMCU_EnableDBGStopMode(void)
 466:Drivers/STM32F0xx_HAL_Driver/Src/stm32f0xx_hal.c **** {
 790              		.loc 1 466 1 is_stmt 1 view -0
 791              		.cfi_startproc
 792              		@ args = 0, pretend = 0, frame = 0
 793              		@ frame_needed = 0, uses_anonymous_args = 0
 794              		@ link register save eliminated.
 467:Drivers/STM32F0xx_HAL_Driver/Src/stm32f0xx_hal.c ****   SET_BIT(DBGMCU->CR, DBGMCU_CR_DBG_STOP);
 795              		.loc 1 467 3 view .LVU160
 796 0000 0221     		movs	r1, #2
 468:Drivers/STM32F0xx_HAL_Driver/Src/stm32f0xx_hal.c **** }
 797              		.loc 1 468 1 is_stmt 0 view .LVU161
 798              		@ sp needed
 467:Drivers/STM32F0xx_HAL_Driver/Src/stm32f0xx_hal.c ****   SET_BIT(DBGMCU->CR, DBGMCU_CR_DBG_STOP);
 799              		.loc 1 467 3 view .LVU162
 800 0002 024A     		ldr	r2, .L72
 801 0004 5368     		ldr	r3, [r2, #4]
 802 0006 0B43     		orrs	r3, r1
 803 0008 5360     		str	r3, [r2, #4]
 804              		.loc 1 468 1 view .LVU163
 805 000a 7047     		bx	lr
 806              	.L73:
 807              		.align	2
 808              	.L72:
 809 000c 00580140 		.word	1073829888
 810              		.cfi_endproc
 811              	.LFE59:
 813              		.section	.text.HAL_DBGMCU_DisableDBGStopMode,"ax",%progbits
 814              		.align	1
 815              		.p2align 2,,3
 816              		.global	HAL_DBGMCU_DisableDBGStopMode
ARM GAS  C:\Users\rokko\AppData\Local\Temp\cckMNd8l.s 			page 24


 817              		.syntax unified
 818              		.code	16
 819              		.thumb_func
 821              	HAL_DBGMCU_DisableDBGStopMode:
 822              	.LFB60:
 469:Drivers/STM32F0xx_HAL_Driver/Src/stm32f0xx_hal.c **** 
 470:Drivers/STM32F0xx_HAL_Driver/Src/stm32f0xx_hal.c **** /**
 471:Drivers/STM32F0xx_HAL_Driver/Src/stm32f0xx_hal.c ****   * @brief  Disable the Debug Module during STOP mode
 472:Drivers/STM32F0xx_HAL_Driver/Src/stm32f0xx_hal.c ****   * @retval None
 473:Drivers/STM32F0xx_HAL_Driver/Src/stm32f0xx_hal.c ****   */
 474:Drivers/STM32F0xx_HAL_Driver/Src/stm32f0xx_hal.c **** void HAL_DBGMCU_DisableDBGStopMode(void)
 475:Drivers/STM32F0xx_HAL_Driver/Src/stm32f0xx_hal.c **** {
 823              		.loc 1 475 1 is_stmt 1 view -0
 824              		.cfi_startproc
 825              		@ args = 0, pretend = 0, frame = 0
 826              		@ frame_needed = 0, uses_anonymous_args = 0
 827              		@ link register save eliminated.
 476:Drivers/STM32F0xx_HAL_Driver/Src/stm32f0xx_hal.c ****   CLEAR_BIT(DBGMCU->CR, DBGMCU_CR_DBG_STOP);
 828              		.loc 1 476 3 view .LVU165
 829 0000 0221     		movs	r1, #2
 477:Drivers/STM32F0xx_HAL_Driver/Src/stm32f0xx_hal.c **** }
 830              		.loc 1 477 1 is_stmt 0 view .LVU166
 831              		@ sp needed
 476:Drivers/STM32F0xx_HAL_Driver/Src/stm32f0xx_hal.c ****   CLEAR_BIT(DBGMCU->CR, DBGMCU_CR_DBG_STOP);
 832              		.loc 1 476 3 view .LVU167
 833 0002 024A     		ldr	r2, .L75
 834 0004 5368     		ldr	r3, [r2, #4]
 835 0006 8B43     		bics	r3, r1
 836 0008 5360     		str	r3, [r2, #4]
 837              		.loc 1 477 1 view .LVU168
 838 000a 7047     		bx	lr
 839              	.L76:
 840              		.align	2
 841              	.L75:
 842 000c 00580140 		.word	1073829888
 843              		.cfi_endproc
 844              	.LFE60:
 846              		.section	.text.HAL_DBGMCU_EnableDBGStandbyMode,"ax",%progbits
 847              		.align	1
 848              		.p2align 2,,3
 849              		.global	HAL_DBGMCU_EnableDBGStandbyMode
 850              		.syntax unified
 851              		.code	16
 852              		.thumb_func
 854              	HAL_DBGMCU_EnableDBGStandbyMode:
 855              	.LFB61:
 478:Drivers/STM32F0xx_HAL_Driver/Src/stm32f0xx_hal.c **** 
 479:Drivers/STM32F0xx_HAL_Driver/Src/stm32f0xx_hal.c **** /**
 480:Drivers/STM32F0xx_HAL_Driver/Src/stm32f0xx_hal.c ****   * @brief  Enable the Debug Module during STANDBY mode
 481:Drivers/STM32F0xx_HAL_Driver/Src/stm32f0xx_hal.c ****   * @retval None
 482:Drivers/STM32F0xx_HAL_Driver/Src/stm32f0xx_hal.c ****   */
 483:Drivers/STM32F0xx_HAL_Driver/Src/stm32f0xx_hal.c **** void HAL_DBGMCU_EnableDBGStandbyMode(void)
 484:Drivers/STM32F0xx_HAL_Driver/Src/stm32f0xx_hal.c **** {
 856              		.loc 1 484 1 is_stmt 1 view -0
 857              		.cfi_startproc
 858              		@ args = 0, pretend = 0, frame = 0
 859              		@ frame_needed = 0, uses_anonymous_args = 0
ARM GAS  C:\Users\rokko\AppData\Local\Temp\cckMNd8l.s 			page 25


 860              		@ link register save eliminated.
 485:Drivers/STM32F0xx_HAL_Driver/Src/stm32f0xx_hal.c ****   SET_BIT(DBGMCU->CR, DBGMCU_CR_DBG_STANDBY);
 861              		.loc 1 485 3 view .LVU170
 862 0000 0421     		movs	r1, #4
 486:Drivers/STM32F0xx_HAL_Driver/Src/stm32f0xx_hal.c **** }
 863              		.loc 1 486 1 is_stmt 0 view .LVU171
 864              		@ sp needed
 485:Drivers/STM32F0xx_HAL_Driver/Src/stm32f0xx_hal.c ****   SET_BIT(DBGMCU->CR, DBGMCU_CR_DBG_STANDBY);
 865              		.loc 1 485 3 view .LVU172
 866 0002 024A     		ldr	r2, .L78
 867 0004 5368     		ldr	r3, [r2, #4]
 868 0006 0B43     		orrs	r3, r1
 869 0008 5360     		str	r3, [r2, #4]
 870              		.loc 1 486 1 view .LVU173
 871 000a 7047     		bx	lr
 872              	.L79:
 873              		.align	2
 874              	.L78:
 875 000c 00580140 		.word	1073829888
 876              		.cfi_endproc
 877              	.LFE61:
 879              		.section	.text.HAL_DBGMCU_DisableDBGStandbyMode,"ax",%progbits
 880              		.align	1
 881              		.p2align 2,,3
 882              		.global	HAL_DBGMCU_DisableDBGStandbyMode
 883              		.syntax unified
 884              		.code	16
 885              		.thumb_func
 887              	HAL_DBGMCU_DisableDBGStandbyMode:
 888              	.LFB62:
 487:Drivers/STM32F0xx_HAL_Driver/Src/stm32f0xx_hal.c **** 
 488:Drivers/STM32F0xx_HAL_Driver/Src/stm32f0xx_hal.c **** /**
 489:Drivers/STM32F0xx_HAL_Driver/Src/stm32f0xx_hal.c ****   * @brief  Disable the Debug Module during STANDBY mode
 490:Drivers/STM32F0xx_HAL_Driver/Src/stm32f0xx_hal.c ****   * @retval None
 491:Drivers/STM32F0xx_HAL_Driver/Src/stm32f0xx_hal.c ****   */
 492:Drivers/STM32F0xx_HAL_Driver/Src/stm32f0xx_hal.c **** void HAL_DBGMCU_DisableDBGStandbyMode(void)
 493:Drivers/STM32F0xx_HAL_Driver/Src/stm32f0xx_hal.c **** {
 889              		.loc 1 493 1 is_stmt 1 view -0
 890              		.cfi_startproc
 891              		@ args = 0, pretend = 0, frame = 0
 892              		@ frame_needed = 0, uses_anonymous_args = 0
 893              		@ link register save eliminated.
 494:Drivers/STM32F0xx_HAL_Driver/Src/stm32f0xx_hal.c ****   CLEAR_BIT(DBGMCU->CR, DBGMCU_CR_DBG_STANDBY);
 894              		.loc 1 494 3 view .LVU175
 895 0000 0421     		movs	r1, #4
 495:Drivers/STM32F0xx_HAL_Driver/Src/stm32f0xx_hal.c **** }
 896              		.loc 1 495 1 is_stmt 0 view .LVU176
 897              		@ sp needed
 494:Drivers/STM32F0xx_HAL_Driver/Src/stm32f0xx_hal.c ****   CLEAR_BIT(DBGMCU->CR, DBGMCU_CR_DBG_STANDBY);
 898              		.loc 1 494 3 view .LVU177
 899 0002 024A     		ldr	r2, .L81
 900 0004 5368     		ldr	r3, [r2, #4]
 901 0006 8B43     		bics	r3, r1
 902 0008 5360     		str	r3, [r2, #4]
 903              		.loc 1 495 1 view .LVU178
 904 000a 7047     		bx	lr
 905              	.L82:
ARM GAS  C:\Users\rokko\AppData\Local\Temp\cckMNd8l.s 			page 26


 906              		.align	2
 907              	.L81:
 908 000c 00580140 		.word	1073829888
 909              		.cfi_endproc
 910              	.LFE62:
 912              		.global	uwTickFreq
 913              		.global	uwTickPrio
 914              		.global	uwTick
 915              		.section	.bss.uwTick,"aw",%nobits
 916              		.align	2
 917              		.set	.LANCHOR2,. + 0
 920              	uwTick:
 921 0000 00000000 		.space	4
 922              		.section	.data.uwTickFreq,"aw"
 923              		.set	.LANCHOR0,. + 0
 926              	uwTickFreq:
 927 0000 01       		.byte	1
 928              		.section	.data.uwTickPrio,"aw"
 929              		.align	2
 930              		.set	.LANCHOR1,. + 0
 933              	uwTickPrio:
 934 0000 04000000 		.word	4
 935              		.text
 936              	.Letext0:
 937              		.file 2 "c:\\users\\rokko\\appdata\\roaming\\code\\user\\globalstorage\\bmd.stm32-for-vscode\\@xpa
 938              		.file 3 "c:\\users\\rokko\\appdata\\roaming\\code\\user\\globalstorage\\bmd.stm32-for-vscode\\@xpa
 939              		.file 4 "Drivers/CMSIS/Include/core_cm0.h"
 940              		.file 5 "Drivers/CMSIS/Device/ST/STM32F0xx/Include/stm32f030x6.h"
 941              		.file 6 "Drivers/STM32F0xx_HAL_Driver/Inc/stm32f0xx_hal_def.h"
 942              		.file 7 "Drivers/STM32F0xx_HAL_Driver/Inc/stm32f0xx_hal.h"
 943              		.file 8 "Drivers/CMSIS/Device/ST/STM32F0xx/Include/system_stm32f0xx.h"
 944              		.file 9 "Drivers/STM32F0xx_HAL_Driver/Inc/stm32f0xx_hal_cortex.h"
ARM GAS  C:\Users\rokko\AppData\Local\Temp\cckMNd8l.s 			page 27


DEFINED SYMBOLS
                            *ABS*:0000000000000000 stm32f0xx_hal.c
C:\Users\rokko\AppData\Local\Temp\cckMNd8l.s:18     .text.HAL_MspInit:0000000000000000 $t
C:\Users\rokko\AppData\Local\Temp\cckMNd8l.s:25     .text.HAL_MspInit:0000000000000000 HAL_MspInit
C:\Users\rokko\AppData\Local\Temp\cckMNd8l.s:40     .text.HAL_MspDeInit:0000000000000000 $t
C:\Users\rokko\AppData\Local\Temp\cckMNd8l.s:47     .text.HAL_MspDeInit:0000000000000000 HAL_MspDeInit
C:\Users\rokko\AppData\Local\Temp\cckMNd8l.s:59     .text.HAL_DeInit:0000000000000000 $t
C:\Users\rokko\AppData\Local\Temp\cckMNd8l.s:66     .text.HAL_DeInit:0000000000000000 HAL_DeInit
C:\Users\rokko\AppData\Local\Temp\cckMNd8l.s:107    .text.HAL_DeInit:0000000000000020 $d
C:\Users\rokko\AppData\Local\Temp\cckMNd8l.s:114    .text.HAL_InitTick:0000000000000000 $t
C:\Users\rokko\AppData\Local\Temp\cckMNd8l.s:121    .text.HAL_InitTick:0000000000000000 HAL_InitTick
C:\Users\rokko\AppData\Local\Temp\cckMNd8l.s:202    .text.HAL_InitTick:0000000000000040 $d
C:\Users\rokko\AppData\Local\Temp\cckMNd8l.s:209    .text.HAL_Init:0000000000000000 $t
C:\Users\rokko\AppData\Local\Temp\cckMNd8l.s:216    .text.HAL_Init:0000000000000000 HAL_Init
C:\Users\rokko\AppData\Local\Temp\cckMNd8l.s:253    .text.HAL_Init:000000000000001c $d
C:\Users\rokko\AppData\Local\Temp\cckMNd8l.s:258    .text.HAL_IncTick:0000000000000000 $t
C:\Users\rokko\AppData\Local\Temp\cckMNd8l.s:265    .text.HAL_IncTick:0000000000000000 HAL_IncTick
C:\Users\rokko\AppData\Local\Temp\cckMNd8l.s:288    .text.HAL_IncTick:0000000000000010 $d
C:\Users\rokko\AppData\Local\Temp\cckMNd8l.s:294    .text.HAL_GetTick:0000000000000000 $t
C:\Users\rokko\AppData\Local\Temp\cckMNd8l.s:301    .text.HAL_GetTick:0000000000000000 HAL_GetTick
C:\Users\rokko\AppData\Local\Temp\cckMNd8l.s:320    .text.HAL_GetTick:0000000000000008 $d
C:\Users\rokko\AppData\Local\Temp\cckMNd8l.s:325    .text.HAL_GetTickPrio:0000000000000000 $t
C:\Users\rokko\AppData\Local\Temp\cckMNd8l.s:332    .text.HAL_GetTickPrio:0000000000000000 HAL_GetTickPrio
C:\Users\rokko\AppData\Local\Temp\cckMNd8l.s:351    .text.HAL_GetTickPrio:0000000000000008 $d
C:\Users\rokko\AppData\Local\Temp\cckMNd8l.s:356    .text.HAL_SetTickFreq:0000000000000000 $t
C:\Users\rokko\AppData\Local\Temp\cckMNd8l.s:363    .text.HAL_SetTickFreq:0000000000000000 HAL_SetTickFreq
C:\Users\rokko\AppData\Local\Temp\cckMNd8l.s:423    .text.HAL_SetTickFreq:0000000000000024 $d
C:\Users\rokko\AppData\Local\Temp\cckMNd8l.s:429    .text.HAL_GetTickFreq:0000000000000000 $t
C:\Users\rokko\AppData\Local\Temp\cckMNd8l.s:436    .text.HAL_GetTickFreq:0000000000000000 HAL_GetTickFreq
C:\Users\rokko\AppData\Local\Temp\cckMNd8l.s:455    .text.HAL_GetTickFreq:0000000000000008 $d
C:\Users\rokko\AppData\Local\Temp\cckMNd8l.s:460    .text.HAL_Delay:0000000000000000 $t
C:\Users\rokko\AppData\Local\Temp\cckMNd8l.s:467    .text.HAL_Delay:0000000000000000 HAL_Delay
C:\Users\rokko\AppData\Local\Temp\cckMNd8l.s:523    .text.HAL_Delay:0000000000000020 $d
C:\Users\rokko\AppData\Local\Temp\cckMNd8l.s:528    .text.HAL_SuspendTick:0000000000000000 $t
C:\Users\rokko\AppData\Local\Temp\cckMNd8l.s:535    .text.HAL_SuspendTick:0000000000000000 HAL_SuspendTick
C:\Users\rokko\AppData\Local\Temp\cckMNd8l.s:556    .text.HAL_SuspendTick:000000000000000c $d
C:\Users\rokko\AppData\Local\Temp\cckMNd8l.s:561    .text.HAL_ResumeTick:0000000000000000 $t
C:\Users\rokko\AppData\Local\Temp\cckMNd8l.s:568    .text.HAL_ResumeTick:0000000000000000 HAL_ResumeTick
C:\Users\rokko\AppData\Local\Temp\cckMNd8l.s:589    .text.HAL_ResumeTick:000000000000000c $d
C:\Users\rokko\AppData\Local\Temp\cckMNd8l.s:594    .text.HAL_GetHalVersion:0000000000000000 $t
C:\Users\rokko\AppData\Local\Temp\cckMNd8l.s:601    .text.HAL_GetHalVersion:0000000000000000 HAL_GetHalVersion
C:\Users\rokko\AppData\Local\Temp\cckMNd8l.s:616    .text.HAL_GetHalVersion:0000000000000004 $d
C:\Users\rokko\AppData\Local\Temp\cckMNd8l.s:621    .text.HAL_GetREVID:0000000000000000 $t
C:\Users\rokko\AppData\Local\Temp\cckMNd8l.s:628    .text.HAL_GetREVID:0000000000000000 HAL_GetREVID
C:\Users\rokko\AppData\Local\Temp\cckMNd8l.s:649    .text.HAL_GetREVID:0000000000000008 $d
C:\Users\rokko\AppData\Local\Temp\cckMNd8l.s:654    .text.HAL_GetDEVID:0000000000000000 $t
C:\Users\rokko\AppData\Local\Temp\cckMNd8l.s:661    .text.HAL_GetDEVID:0000000000000000 HAL_GetDEVID
C:\Users\rokko\AppData\Local\Temp\cckMNd8l.s:683    .text.HAL_GetDEVID:000000000000000c $d
C:\Users\rokko\AppData\Local\Temp\cckMNd8l.s:688    .text.HAL_GetUIDw0:0000000000000000 $t
C:\Users\rokko\AppData\Local\Temp\cckMNd8l.s:695    .text.HAL_GetUIDw0:0000000000000000 HAL_GetUIDw0
C:\Users\rokko\AppData\Local\Temp\cckMNd8l.s:714    .text.HAL_GetUIDw0:0000000000000008 $d
C:\Users\rokko\AppData\Local\Temp\cckMNd8l.s:719    .text.HAL_GetUIDw1:0000000000000000 $t
C:\Users\rokko\AppData\Local\Temp\cckMNd8l.s:726    .text.HAL_GetUIDw1:0000000000000000 HAL_GetUIDw1
C:\Users\rokko\AppData\Local\Temp\cckMNd8l.s:745    .text.HAL_GetUIDw1:0000000000000008 $d
C:\Users\rokko\AppData\Local\Temp\cckMNd8l.s:750    .text.HAL_GetUIDw2:0000000000000000 $t
C:\Users\rokko\AppData\Local\Temp\cckMNd8l.s:757    .text.HAL_GetUIDw2:0000000000000000 HAL_GetUIDw2
C:\Users\rokko\AppData\Local\Temp\cckMNd8l.s:776    .text.HAL_GetUIDw2:0000000000000008 $d
ARM GAS  C:\Users\rokko\AppData\Local\Temp\cckMNd8l.s 			page 28


C:\Users\rokko\AppData\Local\Temp\cckMNd8l.s:781    .text.HAL_DBGMCU_EnableDBGStopMode:0000000000000000 $t
C:\Users\rokko\AppData\Local\Temp\cckMNd8l.s:788    .text.HAL_DBGMCU_EnableDBGStopMode:0000000000000000 HAL_DBGMCU_EnableDBGStopMode
C:\Users\rokko\AppData\Local\Temp\cckMNd8l.s:809    .text.HAL_DBGMCU_EnableDBGStopMode:000000000000000c $d
C:\Users\rokko\AppData\Local\Temp\cckMNd8l.s:814    .text.HAL_DBGMCU_DisableDBGStopMode:0000000000000000 $t
C:\Users\rokko\AppData\Local\Temp\cckMNd8l.s:821    .text.HAL_DBGMCU_DisableDBGStopMode:0000000000000000 HAL_DBGMCU_DisableDBGStopMode
C:\Users\rokko\AppData\Local\Temp\cckMNd8l.s:842    .text.HAL_DBGMCU_DisableDBGStopMode:000000000000000c $d
C:\Users\rokko\AppData\Local\Temp\cckMNd8l.s:847    .text.HAL_DBGMCU_EnableDBGStandbyMode:0000000000000000 $t
C:\Users\rokko\AppData\Local\Temp\cckMNd8l.s:854    .text.HAL_DBGMCU_EnableDBGStandbyMode:0000000000000000 HAL_DBGMCU_EnableDBGStandbyMode
C:\Users\rokko\AppData\Local\Temp\cckMNd8l.s:875    .text.HAL_DBGMCU_EnableDBGStandbyMode:000000000000000c $d
C:\Users\rokko\AppData\Local\Temp\cckMNd8l.s:880    .text.HAL_DBGMCU_DisableDBGStandbyMode:0000000000000000 $t
C:\Users\rokko\AppData\Local\Temp\cckMNd8l.s:887    .text.HAL_DBGMCU_DisableDBGStandbyMode:0000000000000000 HAL_DBGMCU_DisableDBGStandbyMode
C:\Users\rokko\AppData\Local\Temp\cckMNd8l.s:908    .text.HAL_DBGMCU_DisableDBGStandbyMode:000000000000000c $d
C:\Users\rokko\AppData\Local\Temp\cckMNd8l.s:926    .data.uwTickFreq:0000000000000000 uwTickFreq
C:\Users\rokko\AppData\Local\Temp\cckMNd8l.s:933    .data.uwTickPrio:0000000000000000 uwTickPrio
C:\Users\rokko\AppData\Local\Temp\cckMNd8l.s:920    .bss.uwTick:0000000000000000 uwTick
C:\Users\rokko\AppData\Local\Temp\cckMNd8l.s:916    .bss.uwTick:0000000000000000 $d
C:\Users\rokko\AppData\Local\Temp\cckMNd8l.s:929    .data.uwTickPrio:0000000000000000 $d

UNDEFINED SYMBOLS
__aeabi_uidiv
__aeabi_idiv
HAL_SYSTICK_Config
HAL_NVIC_SetPriority
SystemCoreClock
